2024-05-09 13:07:16.705 [info] Nivel de registro: Info
2024-05-09 13:07:16.715 [info] La validación encontró GIT en: “git“
2024-05-09 13:07:16.715 [info] Usando GIT “2.34.1” desde “git”
2024-05-09 13:07:16.715 [info] > git rev-parse --show-toplevel [7ms]
2024-05-09 13:07:16.715 [info] > git rev-parse --git-dir --git-common-dir [21ms]
2024-05-09 13:07:16.715 [info] Open repository: /home/triana/astro-start
2024-05-09 13:07:16.718 [info] > git rev-parse --show-toplevel [31ms]
2024-05-09 13:07:16.719 [info] > git config --get commit.template [78ms]
2024-05-09 13:07:16.844 [info] No remotes found in the git config file.
2024-05-09 13:07:16.845 [info] > git rev-parse --show-toplevel [96ms]
2024-05-09 13:07:16.853 [info] > git rev-parse --show-toplevel [1ms]
2024-05-09 13:07:16.870 [info] > git for-each-ref --format=%(refname)%00%(upstream:short)%00%(objectname)%00%(upstream:track)%00%(upstream:remotename)%00%(upstream:remoteref) refs/heads/master refs/remotes/master [26ms]
2024-05-09 13:07:16.870 [warning] No such branch: master.
2024-05-09 13:07:16.897 [info] > git status -z -uall [11ms]
2024-05-09 13:07:16.936 [info] > git config --get commit.template [11ms]
2024-05-09 13:07:16.971 [info] No remotes found in the git config file.
2024-05-09 13:07:16.972 [info] > git for-each-ref --format=%(refname)%00%(upstream:short)%00%(objectname)%00%(upstream:track)%00%(upstream:remotename)%00%(upstream:remoteref) refs/heads/master refs/remotes/master [1ms]
2024-05-09 13:07:16.972 [warning] No such branch: master.
2024-05-09 13:07:16.990 [info] > git status -z -uall [2ms]
2024-05-09 13:07:17.202 [info] > git check-ignore -v -z --stdin [4ms]
2024-05-09 13:13:43.070 [info] > git check-ignore -v -z --stdin [2ms]
2024-05-09 13:13:46.362 [info] > git show --textconv :src/env.d.ts [71ms]
2024-05-09 13:13:46.363 [info] > git ls-files --stage -- /home/triana/astro-start/src/env.d.ts [57ms]
2024-05-09 13:13:46.373 [info] > git cat-file -s f964fe0cffd88ccb9fcc20bd3c22e848c879d78a [4ms]
2024-05-09 13:15:00.738 [info] > git check-ignore -v -z --stdin [2ms]
2024-05-09 13:15:01.322 [info] > git config --get commit.template [8ms]
2024-05-09 13:15:01.323 [info] No remotes found in the git config file.
2024-05-09 13:15:01.323 [info] > git for-each-ref --format=%(refname)%00%(upstream:short)%00%(objectname)%00%(upstream:track)%00%(upstream:remotename)%00%(upstream:remoteref) refs/heads/master refs/remotes/master [2ms]
2024-05-09 13:15:01.324 [warning] No such branch: master.
2024-05-09 13:15:01.332 [info] > git status -z -uall [3ms]
2024-05-09 13:15:14.178 [info] > git check-ignore -v -z --stdin [1ms]
2024-05-09 13:15:14.740 [info] > git config --get commit.template [1ms]
2024-05-09 13:15:14.745 [info] No remotes found in the git config file.
2024-05-09 13:15:14.746 [info] > git for-each-ref --format=%(refname)%00%(upstream:short)%00%(objectname)%00%(upstream:track)%00%(upstream:remotename)%00%(upstream:remoteref) refs/heads/master refs/remotes/master [1ms]
2024-05-09 13:15:14.746 [warning] No such branch: master.
2024-05-09 13:15:14.751 [info] > git status -z -uall [1ms]
2024-05-09 13:15:26.936 [info] > git check-ignore -v -z --stdin [1ms]
2024-05-09 13:15:27.504 [info] > git config --get commit.template [2ms]
2024-05-09 13:15:27.512 [info] No remotes found in the git config file.
2024-05-09 13:15:27.513 [info] > git for-each-ref --format=%(refname)%00%(upstream:short)%00%(objectname)%00%(upstream:track)%00%(upstream:remotename)%00%(upstream:remoteref) refs/heads/master refs/remotes/master [2ms]
2024-05-09 13:15:27.513 [warning] No such branch: master.
2024-05-09 13:15:27.521 [info] > git status -z -uall [2ms]
2024-05-09 13:15:33.605 [info] > git check-ignore -v -z --stdin [0ms]
2024-05-09 13:15:34.181 [info] No remotes found in the git config file.
2024-05-09 13:15:34.182 [info] > git config --get commit.template [15ms]
2024-05-09 13:15:34.183 [info] > git for-each-ref --format=%(refname)%00%(upstream:short)%00%(objectname)%00%(upstream:track)%00%(upstream:remotename)%00%(upstream:remoteref) refs/heads/master refs/remotes/master [3ms]
2024-05-09 13:15:34.183 [warning] No such branch: master.
2024-05-09 13:15:34.199 [info] > git status -z -uall [8ms]
2024-05-09 13:18:01.991 [info] > git config --get commit.template [6ms]
2024-05-09 13:18:01.991 [info] No remotes found in the git config file.
2024-05-09 13:18:01.992 [info] > git for-each-ref --format=%(refname)%00%(upstream:short)%00%(objectname)%00%(upstream:track)%00%(upstream:remotename)%00%(upstream:remoteref) refs/heads/master refs/remotes/master [2ms]
2024-05-09 13:18:01.992 [warning] No such branch: master.
2024-05-09 13:18:01.998 [info] > git status -z -uall [1ms]
2024-05-09 13:22:16.168 [info] > git config --get commit.template [2ms]
2024-05-09 13:22:16.168 [info] No remotes found in the git config file.
2024-05-09 13:22:16.179 [info] > git for-each-ref --format=%(refname)%00%(upstream:short)%00%(objectname)%00%(upstream:track)%00%(upstream:remotename)%00%(upstream:remoteref) refs/heads/master refs/remotes/master [5ms]
2024-05-09 13:22:16.186 [info] > git status -z -uall [3ms]
2024-05-09 13:22:45.903 [info] No remotes found in the git config file.
2024-05-09 13:22:45.904 [info] > git config --get commit.template [7ms]
2024-05-09 13:22:45.904 [info] > git for-each-ref --format=%(refname)%00%(upstream:short)%00%(objectname)%00%(upstream:track)%00%(upstream:remotename)%00%(upstream:remoteref) refs/heads/main refs/remotes/main [2ms]
2024-05-09 13:22:45.911 [info] > git status -z -uall [1ms]
2024-05-09 13:22:59.926 [info] > git config --get commit.template [8ms]
2024-05-09 13:22:59.927 [info] > git for-each-ref --format=%(refname)%00%(upstream:short)%00%(objectname)%00%(upstream:track)%00%(upstream:remotename)%00%(upstream:remoteref) refs/heads/main refs/remotes/main [2ms]
2024-05-09 13:22:59.934 [info] > git status -z -uall [1ms]
2024-05-09 13:24:35.966 [info] > git config --get commit.template [9ms]
2024-05-09 13:24:35.966 [info] > git for-each-ref --format=%(refname)%00%(upstream:short)%00%(objectname)%00%(upstream:track)%00%(upstream:remotename)%00%(upstream:remoteref) refs/heads/main refs/remotes/main [1ms]
2024-05-09 13:24:35.974 [info] > git status -z -uall [1ms]
2024-05-09 13:24:35.987 [info] > git merge-base refs/heads/main refs/remotes/origin/main [4ms]
2024-05-09 13:24:35.996 [info] > git rev-list --count --left-right refs/heads/main...refs/remotes/origin/main [3ms]
2024-05-09 13:24:36.008 [info] > git diff --name-status -z --diff-filter=ADMR 4a0fe8972c2b0689229f99132a4f9336f4a6e00a...refs/remotes/origin/main [3ms]
2024-05-09 13:25:34.725 [info] > git check-ignore -v -z --stdin [1ms]
2024-05-09 13:25:35.705 [info] > git show --textconv :src/Pages/index.astro [37ms]
2024-05-09 13:25:35.720 [info] > git ls-files --stage -- /home/triana/astro-start/src/Pages/index.astro [23ms]
2024-05-09 13:28:26.051 [info] > git config --get commit.template [1ms]
2024-05-09 13:28:26.057 [info] > git for-each-ref --format=%(refname)%00%(upstream:short)%00%(objectname)%00%(upstream:track)%00%(upstream:remotename)%00%(upstream:remoteref) refs/heads/main refs/remotes/main [1ms]
2024-05-09 13:28:26.064 [info] > git status -z -uall [2ms]
2024-05-09 13:28:26.157 [info] > git ls-files --stage -- /home/triana/astro-start/src/Pages/index.astro [1ms]
2024-05-09 13:28:26.169 [info] > git show --textconv :src/Pages/index.astro [2ms]
2024-05-09 13:30:57.479 [info] > git config --get commit.template [8ms]
2024-05-09 13:30:57.480 [info] > git for-each-ref --format=%(refname)%00%(upstream:short)%00%(objectname)%00%(upstream:track)%00%(upstream:remotename)%00%(upstream:remoteref) refs/heads/main refs/remotes/main [2ms]
2024-05-09 13:30:57.489 [info] > git status -z -uall [2ms]
2024-05-09 13:30:57.587 [info] > git ls-files --stage -- /home/triana/astro-start/src/Pages/index.astro [2ms]
2024-05-09 13:30:57.608 [info] > git cat-file -s 2d141073625b2be9a20f2199a68c98bc8ba8bd41 [2ms]
2024-05-09 13:30:57.644 [info] > git show --textconv :src/Pages/index.astro [1ms]
2024-05-09 13:31:42.833 [info] > git config --get commit.template [2ms]
2024-05-09 13:31:42.841 [info] > git for-each-ref --format=%(refname)%00%(upstream:short)%00%(objectname)%00%(upstream:track)%00%(upstream:remotename)%00%(upstream:remoteref) refs/heads/main refs/remotes/main [1ms]
2024-05-09 13:31:42.849 [info] > git status -z -uall [1ms]
2024-05-09 13:31:42.938 [info] > git ls-files --stage -- /home/triana/astro-start/src/Pages/index.astro [1ms]
2024-05-09 13:31:42.946 [info] > git cat-file -s 2d141073625b2be9a20f2199a68c98bc8ba8bd41 [1ms]
2024-05-09 13:31:42.957 [info] > git show --textconv :src/Pages/index.astro [1ms]
2024-05-09 13:31:50.780 [info] > git config --get commit.template [2ms]
2024-05-09 13:31:50.788 [info] > git for-each-ref --format=%(refname)%00%(upstream:short)%00%(objectname)%00%(upstream:track)%00%(upstream:remotename)%00%(upstream:remoteref) refs/heads/main refs/remotes/main [1ms]
2024-05-09 13:31:50.796 [info] > git status -z -uall [1ms]
2024-05-09 13:31:50.881 [info] > git ls-files --stage -- /home/triana/astro-start/src/Pages/index.astro [1ms]
2024-05-09 13:31:50.888 [info] > git cat-file -s 2d141073625b2be9a20f2199a68c98bc8ba8bd41 [0ms]
2024-05-09 13:31:50.900 [info] > git show --textconv :src/Pages/index.astro [2ms]
2024-05-09 13:31:56.340 [info] > git config --get commit.template [2ms]
2024-05-09 13:31:56.356 [info] > git for-each-ref --format=%(refname)%00%(upstream:short)%00%(objectname)%00%(upstream:track)%00%(upstream:remotename)%00%(upstream:remoteref) refs/heads/main refs/remotes/main [2ms]
2024-05-09 13:31:56.370 [info] > git status -z -uall [3ms]
2024-05-09 13:31:56.449 [info] > git ls-files --stage -- /home/triana/astro-start/src/Pages/index.astro [2ms]
2024-05-09 13:31:56.458 [info] > git cat-file -s 2d141073625b2be9a20f2199a68c98bc8ba8bd41 [2ms]
2024-05-09 13:31:56.473 [info] > git show --textconv :src/Pages/index.astro [3ms]
2024-05-09 13:33:50.300 [info] > git config --get commit.template [10ms]
2024-05-09 13:33:50.300 [info] > git for-each-ref --format=%(refname)%00%(upstream:short)%00%(objectname)%00%(upstream:track)%00%(upstream:remotename)%00%(upstream:remoteref) refs/heads/main refs/remotes/main [1ms]
2024-05-09 13:33:50.309 [info] > git status -z -uall [1ms]
2024-05-09 13:36:38.297 [info] > git config --get commit.template [13ms]
2024-05-09 13:36:38.297 [info] > git for-each-ref --format=%(refname)%00%(upstream:short)%00%(objectname)%00%(upstream:track)%00%(upstream:remotename)%00%(upstream:remoteref) refs/heads/main refs/remotes/main [3ms]
2024-05-09 13:36:38.308 [info] > git status -z -uall [3ms]
2024-05-09 13:36:38.380 [info] > git ls-files --stage -- /home/triana/astro-start/src/Pages/index.astro [1ms]
2024-05-09 13:36:38.389 [info] > git cat-file -s 2d141073625b2be9a20f2199a68c98bc8ba8bd41 [1ms]
2024-05-09 13:36:38.403 [info] > git show --textconv :src/Pages/index.astro [2ms]
2024-05-09 13:38:28.252 [info] > git config --get commit.template [6ms]
2024-05-09 13:38:28.252 [info] > git for-each-ref --format=%(refname)%00%(upstream:short)%00%(objectname)%00%(upstream:track)%00%(upstream:remotename)%00%(upstream:remoteref) refs/heads/main refs/remotes/main [1ms]
2024-05-09 13:38:28.259 [info] > git status -z -uall [1ms]
2024-05-09 13:38:28.354 [info] > git ls-files --stage -- /home/triana/astro-start/src/Pages/index.astro [2ms]
2024-05-09 13:38:28.361 [info] > git cat-file -s 2d141073625b2be9a20f2199a68c98bc8ba8bd41 [1ms]
2024-05-09 13:38:28.375 [info] > git show --textconv :src/Pages/index.astro [1ms]
2024-05-09 13:40:56.256 [info] > git config --get commit.template [2ms]
2024-05-09 13:40:56.267 [info] > git for-each-ref --format=%(refname)%00%(upstream:short)%00%(objectname)%00%(upstream:track)%00%(upstream:remotename)%00%(upstream:remoteref) refs/heads/main refs/remotes/main [2ms]
2024-05-09 13:40:56.275 [info] > git status -z -uall [2ms]
2024-05-09 13:42:56.340 [info] > git config --get commit.template [16ms]
2024-05-09 13:42:56.341 [info] > git ls-files --stage -- /home/triana/astro-start/src/Pages/index.astro [2ms]
2024-05-09 13:42:56.364 [info] > git for-each-ref --format=%(refname)%00%(upstream:short)%00%(objectname)%00%(upstream:track)%00%(upstream:remotename)%00%(upstream:remoteref) refs/heads/main refs/remotes/main [3ms]
2024-05-09 13:42:56.365 [info] > git cat-file -s 2d141073625b2be9a20f2199a68c98bc8ba8bd41 [11ms]
2024-05-09 13:42:56.381 [info] > git status -z -uall [2ms]
2024-05-09 13:42:56.404 [info] > git show --textconv :src/Pages/index.astro [2ms]
2024-05-09 13:43:18.301 [info] > git show --textconv :src/Scripts/index.js [11ms]
2024-05-09 13:43:18.301 [info] > git ls-files --stage -- /home/triana/astro-start/src/Scripts/index.js [3ms]
2024-05-09 13:43:18.574 [info] > git check-ignore -v -z --stdin [3ms]
2024-05-09 13:43:19.207 [info] > git config --get commit.template [12ms]
2024-05-09 13:43:19.207 [info] > git for-each-ref --format=%(refname)%00%(upstream:short)%00%(objectname)%00%(upstream:track)%00%(upstream:remotename)%00%(upstream:remoteref) refs/heads/main refs/remotes/main [1ms]
2024-05-09 13:43:19.216 [info] > git status -z -uall [1ms]
2024-05-09 13:43:30.297 [info] > git show --textconv :src/Styles/styles.css [8ms]
2024-05-09 13:43:30.297 [info] > git ls-files --stage -- /home/triana/astro-start/src/Styles/styles.css [1ms]
2024-05-09 13:43:30.549 [info] > git check-ignore -v -z --stdin [2ms]
2024-05-09 13:43:31.133 [info] > git config --get commit.template [14ms]
2024-05-09 13:43:31.134 [info] > git for-each-ref --format=%(refname)%00%(upstream:short)%00%(objectname)%00%(upstream:track)%00%(upstream:remotename)%00%(upstream:remoteref) refs/heads/main refs/remotes/main [2ms]
2024-05-09 13:43:31.143 [info] > git status -z -uall [2ms]
2024-05-09 13:43:45.333 [info] > git log --oneline --cherry main...main@{upstream} -- [4ms]
2024-05-09 13:43:46.171 [info] > git pull --tags origin main [829ms]
2024-05-09 13:43:46.171 [info] From https://github.com/Stefi-prog/Pagina-Web-Estatitca
 * branch            main       -> FETCH_HEAD
2024-05-09 13:43:46.187 [info] > git config --get commit.template [8ms]
2024-05-09 13:43:46.187 [info] > git for-each-ref --format=%(refname)%00%(upstream:short)%00%(objectname)%00%(upstream:track)%00%(upstream:remotename)%00%(upstream:remoteref) refs/heads/main refs/remotes/main [1ms]
2024-05-09 13:43:46.196 [info] > git status -z -uall [2ms]
2024-05-09 13:43:47.268 [info] > git config --get commit.template [1ms]
2024-05-09 13:43:47.275 [info] > git for-each-ref --format=%(refname)%00%(upstream:short)%00%(objectname)%00%(upstream:track)%00%(upstream:remotename)%00%(upstream:remoteref) refs/heads/main refs/remotes/main [1ms]
2024-05-09 13:43:47.284 [info] > git status -z -uall [1ms]
2024-05-09 13:43:47.381 [info] > git ls-files --stage -- /home/triana/astro-start/src/Styles/styles.css [1ms]
2024-05-09 13:43:47.427 [info] > git show --textconv :src/Styles/styles.css [2ms]
2024-05-09 13:43:49.462 [info] > git fetch [762ms]
2024-05-09 13:43:49.476 [info] > git config --get commit.template [6ms]
2024-05-09 13:43:49.476 [info] > git for-each-ref --format=%(refname)%00%(upstream:short)%00%(objectname)%00%(upstream:track)%00%(upstream:remotename)%00%(upstream:remoteref) refs/heads/main refs/remotes/main [1ms]
2024-05-09 13:43:49.484 [info] > git status -z -uall [0ms]
2024-05-09 13:43:50.658 [info] > git ls-files --stage -- /home/triana/astro-start/src/Styles/styles.css [2ms]
2024-05-09 13:43:50.674 [info] > git show --textconv :src/Styles/styles.css [1ms]
2024-05-09 13:44:44.096 [info] > git config --get commit.template [6ms]
2024-05-09 13:44:44.113 [info] > git for-each-ref --format=%(refname)%00%(upstream:short)%00%(objectname)%00%(upstream:track)%00%(upstream:remotename)%00%(upstream:remoteref) refs/heads/main refs/remotes/main [1ms]
2024-05-09 13:44:44.125 [info] > git status -z -uall [2ms]
2024-05-09 13:44:49.651 [info] > git show --textconv :src/Pages/index.astro [14ms]
2024-05-09 13:44:49.652 [info] > git ls-files --stage -- /home/triana/astro-start/src/Pages/index.astro [3ms]
2024-05-09 13:44:49.659 [info] > git cat-file -s 2d141073625b2be9a20f2199a68c98bc8ba8bd41 [1ms]
2024-05-09 13:44:55.474 [info] > git config --get commit.template [2ms]
2024-05-09 13:44:55.484 [info] > git for-each-ref --format=%(refname)%00%(upstream:short)%00%(objectname)%00%(upstream:track)%00%(upstream:remotename)%00%(upstream:remoteref) refs/heads/main refs/remotes/main [2ms]
2024-05-09 13:44:55.493 [info] > git status -z -uall [1ms]
2024-05-09 13:46:29.303 [info] > git config --get commit.template [1ms]
2024-05-09 13:46:29.315 [info] > git for-each-ref --format=%(refname)%00%(upstream:short)%00%(objectname)%00%(upstream:track)%00%(upstream:remotename)%00%(upstream:remoteref) refs/heads/main refs/remotes/main [3ms]
2024-05-09 13:46:29.335 [info] > git status -z -uall [11ms]
2024-05-09 13:46:29.405 [info] > git ls-files --stage -- /home/triana/astro-start/src/Pages/index.astro [1ms]
2024-05-09 13:46:29.414 [info] > git cat-file -s 7264ff502db6b82319ac8ec4ee4492af93cf4872 [1ms]
2024-05-09 13:46:29.424 [info] > git show --textconv :src/Pages/index.astro [1ms]
2024-05-09 13:47:01.557 [info] > git fetch [811ms]
2024-05-09 13:47:01.578 [info] > git config --get commit.template [8ms]
2024-05-09 13:47:01.578 [info] > git for-each-ref --format=%(refname)%00%(upstream:short)%00%(objectname)%00%(upstream:track)%00%(upstream:remotename)%00%(upstream:remoteref) refs/heads/main refs/remotes/main [1ms]
2024-05-09 13:47:01.589 [info] > git status -z -uall [1ms]
2024-05-09 13:47:02.661 [info] > git config --get commit.template [9ms]
2024-05-09 13:47:02.661 [info] > git for-each-ref --format=%(refname)%00%(upstream:short)%00%(objectname)%00%(upstream:track)%00%(upstream:remotename)%00%(upstream:remoteref) refs/heads/main refs/remotes/main [1ms]
2024-05-09 13:47:02.673 [info] > git status -z -uall [1ms]
2024-05-09 13:47:02.751 [info] > git ls-files --stage -- /home/triana/astro-start/src/Pages/index.astro [3ms]
2024-05-09 13:47:02.762 [info] > git cat-file -s 7264ff502db6b82319ac8ec4ee4492af93cf4872 [2ms]
2024-05-09 13:47:02.776 [info] > git show --textconv :src/Pages/index.astro [2ms]
2024-05-09 13:47:37.291 [info] > git config --get commit.template [2ms]
2024-05-09 13:47:37.302 [info] > git for-each-ref --format=%(refname)%00%(upstream:short)%00%(objectname)%00%(upstream:track)%00%(upstream:remotename)%00%(upstream:remoteref) refs/heads/main refs/remotes/main [1ms]
2024-05-09 13:47:37.310 [info] > git status -z -uall [2ms]
2024-05-09 13:47:37.387 [info] > git ls-files --stage -- /home/triana/astro-start/src/Pages/index.astro [0ms]
2024-05-09 13:47:37.394 [info] > git cat-file -s 7264ff502db6b82319ac8ec4ee4492af93cf4872 [1ms]
2024-05-09 13:47:37.406 [info] > git show --textconv :src/Pages/index.astro [1ms]
2024-05-09 13:51:18.913 [info] > git merge-base refs/heads/main refs/remotes/origin/main [15ms]
2024-05-09 13:51:18.936 [info] > git rev-list --count --left-right refs/heads/main...refs/remotes/origin/main [7ms]
2024-05-09 13:51:19.878 [info] > git fetch [966ms]
2024-05-09 13:51:19.905 [info] > git config --get commit.template [13ms]
2024-05-09 13:51:19.905 [info] > git for-each-ref --format=%(refname)%00%(upstream:short)%00%(objectname)%00%(upstream:track)%00%(upstream:remotename)%00%(upstream:remoteref) refs/heads/main refs/remotes/main [2ms]
2024-05-09 13:51:19.918 [info] > git status -z -uall [1ms]
2024-05-09 13:51:20.973 [info] > git config --get commit.template [16ms]
2024-05-09 13:51:20.974 [info] > git for-each-ref --format=%(refname)%00%(upstream:short)%00%(objectname)%00%(upstream:track)%00%(upstream:remotename)%00%(upstream:remoteref) refs/heads/main refs/remotes/main [2ms]
2024-05-09 13:51:20.987 [info] > git status -z -uall [2ms]
2024-05-09 13:51:21.102 [info] > git ls-files --stage -- /home/triana/astro-start/src/Pages/index.astro [11ms]
2024-05-09 13:51:21.122 [info] > git cat-file -s 7264ff502db6b82319ac8ec4ee4492af93cf4872 [7ms]
2024-05-09 13:51:21.140 [info] > git show --textconv :src/Pages/index.astro [2ms]
2024-05-09 13:52:15.770 [info] > git show --textconv HEAD:src/pages/index.astro [184ms]
2024-05-09 13:52:15.770 [info] > git show --textconv :src/Pages/index.astro [164ms]
2024-05-09 13:52:15.770 [info] > git show --textconv HEAD:src/Scripts/index.js [153ms]
2024-05-09 13:52:15.770 [info] > git show --textconv :src/Scripts/index.js [142ms]
2024-05-09 13:52:15.770 [info] > git show --textconv HEAD:src/Styles/styles.css [128ms]
2024-05-09 13:52:15.771 [info] > git show --textconv :src/Styles/styles.css [104ms]
2024-05-09 13:52:15.772 [info] > git ls-files --stage -- /home/triana/astro-start/src/Styles/styles.css [7ms]
2024-05-09 13:52:15.782 [info] > git ls-tree -l HEAD -- /home/triana/astro-start/src/Styles/styles.css [36ms]
2024-05-09 13:52:15.784 [info] > git ls-files --stage -- /home/triana/astro-start/src/Scripts/index.js [61ms]
2024-05-09 13:52:15.792 [info] > git ls-tree -l HEAD -- /home/triana/astro-start/src/Scripts/index.js [77ms]
2024-05-09 13:52:15.793 [info] > git ls-files --stage -- /home/triana/astro-start/src/Pages/index.astro [90ms]
2024-05-09 13:52:15.803 [info] > git ls-tree -l HEAD -- /home/triana/astro-start/src/pages/index.astro [112ms]
2024-05-09 13:52:15.809 [info] > git cat-file -s 7264ff502db6b82319ac8ec4ee4492af93cf4872 [6ms]
2024-05-09 13:52:15.810 [info] > git cat-file -s e69de29bb2d1d6434b8b29ae775ad8c2e48c5391 [19ms]
2024-05-09 13:52:15.810 [info] > git cat-file -s e69de29bb2d1d6434b8b29ae775ad8c2e48c5391 [28ms]
2024-05-09 13:52:18.452 [info] > git show --textconv :src/Pages/index.astro [22ms]
2024-05-09 13:52:18.453 [info] > git ls-files --stage -- /home/triana/astro-start/src/Pages/index.astro [7ms]
2024-05-09 13:52:18.472 [info] > git cat-file -s 7264ff502db6b82319ac8ec4ee4492af93cf4872 [6ms]
2024-05-09 13:52:21.600 [info] > git show --textconv :.git/COMMIT_EDITMSG [20ms]
2024-05-09 13:52:21.604 [info] > git ls-files --stage -- /home/triana/astro-start/.git/COMMIT_EDITMSG [7ms]
2024-05-09 13:52:21.927 [info] > git check-ignore -v -z --stdin [7ms]
2024-05-09 13:52:22.348 [info] > git ls-files --stage -- /home/triana/astro-start/.git/COMMIT_EDITMSG [2ms]
2024-05-09 13:52:22.421 [info] > git show --textconv :.git/COMMIT_EDITMSG [9ms]
2024-05-09 13:52:58.069 [info] > git ls-files --stage -- /home/triana/astro-start/.git/COMMIT_EDITMSG [4ms]
2024-05-09 13:52:58.148 [info] > git show --textconv :.git/COMMIT_EDITMSG [3ms]
2024-05-09 13:52:59.695 [info] > git ls-files --stage -- /home/triana/astro-start/.git/COMMIT_EDITMSG [4ms]
2024-05-09 13:52:59.721 [info] > git show --textconv :.git/COMMIT_EDITMSG [1ms]
2024-05-09 13:53:10.337 [info] > git ls-files --stage -- /home/triana/astro-start/.git/COMMIT_EDITMSG [5ms]
2024-05-09 13:53:10.350 [info] > git show --textconv :.git/COMMIT_EDITMSG [1ms]
2024-05-09 13:53:16.360 [info] > git ls-files --stage -- /home/triana/astro-start/.git/COMMIT_EDITMSG [1ms]
2024-05-09 13:53:16.423 [info] > git show --textconv :.git/COMMIT_EDITMSG [2ms]
2024-05-09 13:53:29.029 [info] > git ls-files --stage -- /home/triana/astro-start/.git/COMMIT_EDITMSG [6ms]
2024-05-09 13:53:29.045 [info] > git show --textconv :.git/COMMIT_EDITMSG [1ms]
2024-05-09 13:53:34.779 [info] > git ls-files --stage -- /home/triana/astro-start/.git/COMMIT_EDITMSG [1ms]
2024-05-09 13:53:34.800 [info] > git show --textconv :.git/COMMIT_EDITMSG [1ms]
2024-05-09 13:53:40.078 [info] > git ls-files --stage -- /home/triana/astro-start/.git/COMMIT_EDITMSG [2ms]
2024-05-09 13:53:40.102 [info] > git show --textconv :.git/COMMIT_EDITMSG [3ms]
2024-05-09 13:53:51.653 [info] > git ls-files --stage -- /home/triana/astro-start/.git/COMMIT_EDITMSG [3ms]
2024-05-09 13:53:51.722 [info] > git show --textconv :.git/COMMIT_EDITMSG [6ms]
2024-05-09 13:55:19.042 [info] > git ls-files --stage -- /home/triana/astro-start/.git/COMMIT_EDITMSG [14ms]
2024-05-09 13:55:19.114 [info] > git show --textconv :.git/COMMIT_EDITMSG [2ms]
2024-05-09 13:55:25.751 [info] > git check-ignore -v -z --stdin [4ms]
2024-05-09 13:55:31.732 [info] > git show --textconv HEAD:src/Scripts/index.js [40ms]
2024-05-09 13:55:31.733 [info] > git show --textconv :src/Scripts/index.js [26ms]
2024-05-09 13:55:31.733 [info] > git ls-files --stage -- /home/triana/astro-start/src/Scripts/index.js [4ms]
2024-05-09 13:55:31.745 [info] > git ls-tree -l HEAD -- /home/triana/astro-start/src/Scripts/index.js [29ms]
2024-05-09 13:55:31.748 [info] > git cat-file -s e69de29bb2d1d6434b8b29ae775ad8c2e48c5391 [3ms]
2024-05-09 13:55:32.260 [info] > git check-ignore -v -z --stdin [1ms]
2024-05-09 13:55:34.830 [info] > git show --textconv :.git/COMMIT_EDITMSG [16ms]
2024-05-09 13:55:34.839 [info] > git ls-files --stage -- /home/triana/astro-start/.git/COMMIT_EDITMSG [11ms]
2024-05-09 13:55:37.082 [info] > git show --textconv :src/Pages/index.astro [8ms]
2024-05-09 13:55:37.084 [info] > git ls-files --stage -- /home/triana/astro-start/src/Pages/index.astro [3ms]
2024-05-09 13:55:37.098 [info] > git cat-file -s 7264ff502db6b82319ac8ec4ee4492af93cf4872 [2ms]
2024-05-09 13:55:38.191 [info] > git show --textconv :.git/COMMIT_EDITMSG [20ms]
2024-05-09 13:55:38.195 [info] > git ls-files --stage -- /home/triana/astro-start/.git/COMMIT_EDITMSG [9ms]
2024-05-09 13:55:43.930 [info] > git -c user.useConfigOnly=true commit --quiet [48434ms]
2024-05-09 13:55:43.931 [info] Aborting commit due to empty commit message.
2024-05-09 13:55:43.932 [info] > git -c user.useConfigOnly=true commit --quiet [55822ms]
2024-05-09 13:55:43.932 [info] Aborting commit due to empty commit message.
2024-05-09 13:55:43.954 [info] > git config --get commit.template [11ms]
2024-05-09 13:55:43.954 [info] > git -c user.useConfigOnly=true commit --quiet [202928ms]
2024-05-09 13:55:43.954 [info] Aborting commit due to empty commit message.
2024-05-09 13:55:43.984 [info] > git config --get commit.template [33ms]
2024-05-09 13:55:43.985 [info] > git for-each-ref --format=%(refname)%00%(upstream:short)%00%(objectname)%00%(upstream:track)%00%(upstream:remotename)%00%(upstream:remoteref) refs/heads/main refs/remotes/main [11ms]
2024-05-09 13:55:43.986 [info] > git config --get commit.template [20ms]
2024-05-09 13:55:43.996 [info] > git for-each-ref --format=%(refname)%00%(upstream:short)%00%(objectname)%00%(upstream:track)%00%(upstream:remotename)%00%(upstream:remoteref) refs/heads/main refs/remotes/main [12ms]
2024-05-09 13:55:43.997 [info] > git for-each-ref --format=%(refname)%00%(upstream:short)%00%(objectname)%00%(upstream:track)%00%(upstream:remotename)%00%(upstream:remoteref) refs/heads/main refs/remotes/main [2ms]
2024-05-09 13:55:44.052 [info] > git status -z -uall [12ms]
2024-05-09 13:55:45.005 [info] > git fetch [993ms]
2024-05-09 13:55:45.033 [info] > git config --get commit.template [16ms]
2024-05-09 13:55:45.034 [info] > git for-each-ref --format=%(refname)%00%(upstream:short)%00%(objectname)%00%(upstream:track)%00%(upstream:remotename)%00%(upstream:remoteref) refs/heads/main refs/remotes/main [1ms]
2024-05-09 13:55:45.046 [info] > git status -z -uall [2ms]
2024-05-09 13:55:46.103 [info] > git config --get commit.template [4ms]
2024-05-09 13:55:46.126 [info] > git for-each-ref --format=%(refname)%00%(upstream:short)%00%(objectname)%00%(upstream:track)%00%(upstream:remotename)%00%(upstream:remoteref) refs/heads/main refs/remotes/main [5ms]
2024-05-09 13:55:46.149 [info] > git status -z -uall [3ms]
2024-05-09 13:55:51.192 [info] > git config --get commit.template [2ms]
2024-05-09 13:55:51.205 [info] > git for-each-ref --format=%(refname)%00%(upstream:short)%00%(objectname)%00%(upstream:track)%00%(upstream:remotename)%00%(upstream:remoteref) refs/heads/main refs/remotes/main [2ms]
2024-05-09 13:55:51.216 [info] > git status -z -uall [2ms]
2024-05-09 13:56:16.730 [info] > git -c user.useConfigOnly=true commit --quiet --allow-empty-message --file - [11ms]
2024-05-09 13:56:16.740 [info] > git config --get commit.template [1ms]
2024-05-09 13:56:16.755 [info] > git config --get commit.template [0ms]
2024-05-09 13:56:16.764 [info] > git for-each-ref --format=%(refname)%00%(upstream:short)%00%(objectname)%00%(upstream:track)%00%(upstream:remotename)%00%(upstream:remoteref) refs/heads/main refs/remotes/main [2ms]
2024-05-09 13:56:16.775 [info] > git status -z -uall [1ms]
2024-05-09 13:56:16.804 [info] > git merge-base refs/heads/main refs/remotes/origin/main [18ms]
2024-05-09 13:56:16.819 [info] > git rev-list --count --left-right refs/heads/main...refs/remotes/origin/main [3ms]
2024-05-09 13:56:16.845 [info] > git diff --name-status -z --diff-filter=ADMR 4a0fe8972c2b0689229f99132a4f9336f4a6e00a...refs/remotes/origin/main [14ms]
2024-05-09 13:56:16.869 [info] > git merge-base refs/heads/main refs/remotes/origin/main [2ms]
2024-05-09 13:56:16.915 [info] > git rev-list --count --left-right refs/heads/main...refs/remotes/origin/main [29ms]
2024-05-09 13:56:16.941 [info] > git config --get commit.template [4ms]
2024-05-09 13:56:16.958 [info] > git for-each-ref --format=%(refname)%00%(upstream:short)%00%(objectname)%00%(upstream:track)%00%(upstream:remotename)%00%(upstream:remoteref) refs/heads/main refs/remotes/main [2ms]
2024-05-09 13:56:16.986 [info] > git status -z -uall [2ms]
2024-05-09 13:56:34.078 [info] > git config --get commit.template [1ms]
2024-05-09 13:56:34.089 [info] > git for-each-ref --format=%(refname)%00%(upstream:short)%00%(objectname)%00%(upstream:track)%00%(upstream:remotename)%00%(upstream:remoteref) refs/heads/main refs/remotes/main [2ms]
2024-05-09 13:56:34.104 [info] > git status -z -uall [2ms]
2024-05-09 13:57:01.795 [info] > git log --oneline --cherry main...main@{upstream} -- [2ms]
2024-05-09 13:57:02.667 [info] > git pull --tags origin main [859ms]
2024-05-09 13:57:02.667 [info] From https://github.com/Stefi-prog/Pagina-Web-Estatitca
 * branch            main       -> FETCH_HEAD
2024-05-09 13:57:04.367 [info] > git push origin main:main [1690ms]
2024-05-09 13:57:04.367 [info] To https://github.com/Stefi-prog/Pagina-Web-Estatitca.git
   4a0fe89..f573641  main -> main
2024-05-09 13:57:04.381 [info] > git config --get commit.template [1ms]
2024-05-09 13:57:04.391 [info] > git for-each-ref --format=%(refname)%00%(upstream:short)%00%(objectname)%00%(upstream:track)%00%(upstream:remotename)%00%(upstream:remoteref) refs/heads/main refs/remotes/main [1ms]
2024-05-09 13:57:04.401 [info] > git status -z -uall [1ms]
2024-05-09 13:57:04.422 [info] > git merge-base refs/heads/main refs/remotes/origin/main [9ms]
2024-05-09 13:57:04.459 [info] > git rev-list --count --left-right refs/heads/main...refs/remotes/origin/main [20ms]
2024-05-09 13:57:04.470 [info] > git merge-base refs/heads/main refs/remotes/origin/main [16ms]
2024-05-09 13:57:04.481 [info] > git diff --name-status -z --diff-filter=ADMR f57364107a723b27b08aa15408f391b0106fdf2c...refs/remotes/origin/main [15ms]
2024-05-09 13:57:04.482 [info] > git rev-list --count --left-right refs/heads/main...refs/remotes/origin/main [2ms]
2024-05-09 13:57:05.566 [info] > git config --get commit.template [2ms]
2024-05-09 13:57:05.578 [info] > git for-each-ref --format=%(refname)%00%(upstream:short)%00%(objectname)%00%(upstream:track)%00%(upstream:remotename)%00%(upstream:remoteref) refs/heads/main refs/remotes/main [1ms]
2024-05-09 13:57:05.590 [info] > git status -z -uall [1ms]
2024-05-09 13:57:17.930 [info] > git config --get commit.template [15ms]
2024-05-09 13:57:17.945 [info] > git for-each-ref --format=%(refname)%00%(upstream:short)%00%(objectname)%00%(upstream:track)%00%(upstream:remotename)%00%(upstream:remoteref) refs/heads/main refs/remotes/main [2ms]
2024-05-09 13:57:17.963 [info] > git status -z -uall [1ms]
2024-05-09 13:58:46.392 [info] > git fetch [1330ms]
2024-05-09 13:58:46.416 [info] > git config --get commit.template [8ms]
2024-05-09 13:58:46.416 [info] > git for-each-ref --format=%(refname)%00%(upstream:short)%00%(objectname)%00%(upstream:track)%00%(upstream:remotename)%00%(upstream:remoteref) refs/heads/main refs/remotes/main [1ms]
2024-05-09 13:58:46.426 [info] > git status -z -uall [1ms]
2024-05-09 13:58:47.516 [info] > git config --get commit.template [17ms]
2024-05-09 13:58:47.517 [info] > git for-each-ref --format=%(refname)%00%(upstream:short)%00%(objectname)%00%(upstream:track)%00%(upstream:remotename)%00%(upstream:remoteref) refs/heads/main refs/remotes/main [3ms]
2024-05-09 13:58:47.528 [info] > git status -z -uall [1ms]
2024-05-09 13:58:52.567 [info] > git config --get commit.template [15ms]
2024-05-09 13:58:52.572 [info] > git for-each-ref --format=%(refname)%00%(upstream:short)%00%(objectname)%00%(upstream:track)%00%(upstream:remotename)%00%(upstream:remoteref) refs/heads/main refs/remotes/main [7ms]
2024-05-09 13:58:52.590 [info] > git status -z -uall [4ms]
2024-05-09 14:01:47.646 [info] > git fetch [1206ms]
2024-05-09 14:01:47.658 [info] > git config --get commit.template [6ms]
2024-05-09 14:01:47.659 [info] > git for-each-ref --format=%(refname)%00%(upstream:short)%00%(objectname)%00%(upstream:track)%00%(upstream:remotename)%00%(upstream:remoteref) refs/heads/main refs/remotes/main [1ms]
2024-05-09 14:01:47.666 [info] > git status -z -uall [1ms]
2024-05-09 14:01:48.742 [info] > git config --get commit.template [2ms]
2024-05-09 14:01:48.749 [info] > git for-each-ref --format=%(refname)%00%(upstream:short)%00%(objectname)%00%(upstream:track)%00%(upstream:remotename)%00%(upstream:remoteref) refs/heads/main refs/remotes/main [1ms]
2024-05-09 14:01:48.758 [info] > git status -z -uall [2ms]
2024-05-09 14:01:53.778 [info] > git config --get commit.template [6ms]
2024-05-09 14:01:53.778 [info] > git for-each-ref --format=%(refname)%00%(upstream:short)%00%(objectname)%00%(upstream:track)%00%(upstream:remotename)%00%(upstream:remoteref) refs/heads/main refs/remotes/main [1ms]
2024-05-09 14:01:53.785 [info] > git status -z -uall [1ms]
2024-05-09 14:04:48.445 [info] > git fetch [766ms]
2024-05-09 14:04:48.461 [info] > git config --get commit.template [8ms]
2024-05-09 14:04:48.461 [info] > git for-each-ref --format=%(refname)%00%(upstream:short)%00%(objectname)%00%(upstream:track)%00%(upstream:remotename)%00%(upstream:remoteref) refs/heads/main refs/remotes/main [1ms]
2024-05-09 14:04:48.469 [info] > git status -z -uall [1ms]
2024-05-09 14:04:49.535 [info] > git config --get commit.template [8ms]
2024-05-09 14:04:49.536 [info] > git for-each-ref --format=%(refname)%00%(upstream:short)%00%(objectname)%00%(upstream:track)%00%(upstream:remotename)%00%(upstream:remoteref) refs/heads/main refs/remotes/main [1ms]
2024-05-09 14:04:49.544 [info] > git status -z -uall [2ms]
