2024-05-09 15:07:23.537 [info] Nivel de registro: Info
2024-05-09 15:07:23.537 [info] La validación encontró GIT en: “git“
2024-05-09 15:07:23.537 [info] Usando GIT “2.34.1” desde “git”
2024-05-09 15:07:23.537 [info] > git rev-parse --show-toplevel [741ms]
2024-05-09 15:07:23.537 [info] > git rev-parse --git-dir --git-common-dir [16ms]
2024-05-09 15:07:23.537 [info] Open repository: /home/triana/astro-start
2024-05-09 15:07:23.675 [info] > git rev-parse --show-toplevel [20ms]
2024-05-09 15:07:23.688 [info] > git config --get commit.template [48ms]
2024-05-09 15:07:23.844 [info] > git for-each-ref --format=%(refname)%00%(upstream:short)%00%(objectname)%00%(upstream:track)%00%(upstream:remotename)%00%(upstream:remoteref) refs/heads/main refs/remotes/main [24ms]
2024-05-09 15:07:23.845 [info] > git rev-parse --show-toplevel [138ms]
2024-05-09 15:07:24.091 [info] > git rev-parse --show-toplevel [10ms]
2024-05-09 15:07:24.272 [info] > git status -z -uall [84ms]
2024-05-09 15:07:24.282 [info] > git check-ignore -v -z --stdin [2ms]
2024-05-09 15:07:24.322 [info] > git merge-base refs/heads/main refs/remotes/origin/main [19ms]
2024-05-09 15:07:24.350 [info] > git config --get commit.template [3ms]
2024-05-09 15:07:24.351 [info] > git rev-list --count --left-right refs/heads/main...refs/remotes/origin/main [12ms]
2024-05-09 15:07:24.398 [info] > git for-each-ref --format=%(refname)%00%(upstream:short)%00%(objectname)%00%(upstream:track)%00%(upstream:remotename)%00%(upstream:remoteref) refs/heads/main refs/remotes/main [2ms]
2024-05-09 15:07:24.399 [info] > git diff --name-status -z --diff-filter=ADMR f57364107a723b27b08aa15408f391b0106fdf2c...refs/remotes/origin/main [27ms]
2024-05-09 15:07:24.414 [info] > git status -z -uall [2ms]
2024-05-09 15:07:32.160 [info] > git fetch [780ms]
2024-05-09 15:07:32.176 [info] > git config --get commit.template [10ms]
2024-05-09 15:07:32.182 [info] > git for-each-ref --format=%(refname)%00%(upstream:short)%00%(objectname)%00%(upstream:track)%00%(upstream:remotename)%00%(upstream:remoteref) refs/heads/main refs/remotes/main [0ms]
2024-05-09 15:07:32.188 [info] > git status -z -uall [1ms]
2024-05-09 15:07:34.144 [info] > git config --get commit.template [11ms]
2024-05-09 15:07:34.162 [info] > git for-each-ref --format=%(refname)%00%(upstream:short)%00%(objectname)%00%(upstream:track)%00%(upstream:remotename)%00%(upstream:remoteref) refs/heads/main refs/remotes/main [19ms]
2024-05-09 15:07:34.177 [info] > git status -z -uall [2ms]
2024-05-09 15:09:03.445 [info] > git ls-files --stage -- /home/triana/astro-start/src/Pages/nav-bar.astro [7ms]
2024-05-09 15:09:03.447 [info] > git show --textconv :src/Pages/nav-bar.astro [19ms]
2024-05-09 15:09:03.725 [info] > git check-ignore -v -z --stdin [19ms]
2024-05-09 15:09:04.156 [info] > git config --get commit.template [2ms]
2024-05-09 15:09:04.167 [info] > git for-each-ref --format=%(refname)%00%(upstream:short)%00%(objectname)%00%(upstream:track)%00%(upstream:remotename)%00%(upstream:remoteref) refs/heads/main refs/remotes/main [4ms]
2024-05-09 15:09:04.179 [info] > git status -z -uall [3ms]
2024-05-09 15:09:36.530 [info] > git config --get commit.template [2ms]
2024-05-09 15:09:36.539 [info] > git for-each-ref --format=%(refname)%00%(upstream:short)%00%(objectname)%00%(upstream:track)%00%(upstream:remotename)%00%(upstream:remoteref) refs/heads/main refs/remotes/main [1ms]
2024-05-09 15:09:36.550 [info] > git status -z -uall [1ms]
2024-05-09 15:09:50.128 [info] > git config --get commit.template [1ms]
2024-05-09 15:09:50.140 [info] > git for-each-ref --format=%(refname)%00%(upstream:short)%00%(objectname)%00%(upstream:track)%00%(upstream:remotename)%00%(upstream:remoteref) refs/heads/main refs/remotes/main [0ms]
2024-05-09 15:09:50.146 [info] > git status -z -uall [0ms]
2024-05-09 15:09:55.169 [info] > git config --get commit.template [4ms]
2024-05-09 15:09:55.178 [info] > git for-each-ref --format=%(refname)%00%(upstream:short)%00%(objectname)%00%(upstream:track)%00%(upstream:remotename)%00%(upstream:remoteref) refs/heads/main refs/remotes/main [2ms]
2024-05-09 15:09:55.188 [info] > git status -z -uall [1ms]
2024-05-09 15:10:00.198 [info] > git config --get commit.template [1ms]
2024-05-09 15:10:00.207 [info] > git for-each-ref --format=%(refname)%00%(upstream:short)%00%(objectname)%00%(upstream:track)%00%(upstream:remotename)%00%(upstream:remoteref) refs/heads/main refs/remotes/main [1ms]
2024-05-09 15:10:00.214 [info] > git status -z -uall [1ms]
2024-05-09 15:10:39.236 [info] > git config --get commit.template [1ms]
2024-05-09 15:10:39.244 [info] > git for-each-ref --format=%(refname)%00%(upstream:short)%00%(objectname)%00%(upstream:track)%00%(upstream:remotename)%00%(upstream:remoteref) refs/heads/main refs/remotes/main [1ms]
2024-05-09 15:10:39.255 [info] > git status -z -uall [1ms]
2024-05-09 15:10:40.021 [info] > git fetch [800ms]
2024-05-09 15:10:40.038 [info] > git config --get commit.template [9ms]
2024-05-09 15:10:40.039 [info] > git for-each-ref --format=%(refname)%00%(upstream:short)%00%(objectname)%00%(upstream:track)%00%(upstream:remotename)%00%(upstream:remoteref) refs/heads/main refs/remotes/main [1ms]
2024-05-09 15:10:40.045 [info] > git status -z -uall [1ms]
2024-05-09 15:10:41.209 [info] > git ls-files --stage -- /home/triana/astro-start/src/Pages/nav-bar.astro [1ms]
2024-05-09 15:10:41.221 [info] > git show --textconv :src/Pages/nav-bar.astro [1ms]
2024-05-09 15:10:44.269 [info] > git config --get commit.template [3ms]
2024-05-09 15:10:44.289 [info] > git for-each-ref --format=%(refname)%00%(upstream:short)%00%(objectname)%00%(upstream:track)%00%(upstream:remotename)%00%(upstream:remoteref) refs/heads/main refs/remotes/main [11ms]
2024-05-09 15:10:44.297 [info] > git status -z -uall [1ms]
2024-05-09 15:10:49.317 [info] > git config --get commit.template [1ms]
2024-05-09 15:10:49.326 [info] > git for-each-ref --format=%(refname)%00%(upstream:short)%00%(objectname)%00%(upstream:track)%00%(upstream:remotename)%00%(upstream:remoteref) refs/heads/main refs/remotes/main [2ms]
2024-05-09 15:10:49.336 [info] > git status -z -uall [2ms]
2024-05-09 15:10:54.355 [info] > git config --get commit.template [8ms]
2024-05-09 15:10:54.356 [info] > git for-each-ref --format=%(refname)%00%(upstream:short)%00%(objectname)%00%(upstream:track)%00%(upstream:remotename)%00%(upstream:remoteref) refs/heads/main refs/remotes/main [1ms]
2024-05-09 15:10:54.362 [info] > git status -z -uall [1ms]
2024-05-09 15:11:00.606 [info] > git config --get commit.template [7ms]
2024-05-09 15:11:00.607 [info] > git for-each-ref --format=%(refname)%00%(upstream:short)%00%(objectname)%00%(upstream:track)%00%(upstream:remotename)%00%(upstream:remoteref) refs/heads/main refs/remotes/main [1ms]
2024-05-09 15:11:00.614 [info] > git status -z -uall [1ms]
2024-05-09 15:11:05.632 [info] > git config --get commit.template [7ms]
2024-05-09 15:11:05.633 [info] > git for-each-ref --format=%(refname)%00%(upstream:short)%00%(objectname)%00%(upstream:track)%00%(upstream:remotename)%00%(upstream:remoteref) refs/heads/main refs/remotes/main [2ms]
2024-05-09 15:11:05.641 [info] > git status -z -uall [1ms]
2024-05-09 15:11:10.658 [info] > git config --get commit.template [7ms]
2024-05-09 15:11:10.658 [info] > git for-each-ref --format=%(refname)%00%(upstream:short)%00%(objectname)%00%(upstream:track)%00%(upstream:remotename)%00%(upstream:remoteref) refs/heads/main refs/remotes/main [2ms]
2024-05-09 15:11:10.665 [info] > git status -z -uall [1ms]
2024-05-09 15:11:15.698 [info] > git config --get commit.template [13ms]
2024-05-09 15:11:15.699 [info] > git for-each-ref --format=%(refname)%00%(upstream:short)%00%(objectname)%00%(upstream:track)%00%(upstream:remotename)%00%(upstream:remoteref) refs/heads/main refs/remotes/main [2ms]
2024-05-09 15:11:15.711 [info] > git status -z -uall [1ms]
2024-05-09 15:11:20.731 [info] > git config --get commit.template [5ms]
2024-05-09 15:11:20.731 [info] > git for-each-ref --format=%(refname)%00%(upstream:short)%00%(objectname)%00%(upstream:track)%00%(upstream:remotename)%00%(upstream:remoteref) refs/heads/main refs/remotes/main [1ms]
2024-05-09 15:11:20.738 [info] > git status -z -uall [1ms]
2024-05-09 15:11:25.760 [info] > git config --get commit.template [6ms]
2024-05-09 15:11:25.760 [info] > git for-each-ref --format=%(refname)%00%(upstream:short)%00%(objectname)%00%(upstream:track)%00%(upstream:remotename)%00%(upstream:remoteref) refs/heads/main refs/remotes/main [1ms]
2024-05-09 15:11:25.767 [info] > git status -z -uall [1ms]
2024-05-09 15:11:30.778 [info] > git config --get commit.template [1ms]
2024-05-09 15:11:30.787 [info] > git for-each-ref --format=%(refname)%00%(upstream:short)%00%(objectname)%00%(upstream:track)%00%(upstream:remotename)%00%(upstream:remoteref) refs/heads/main refs/remotes/main [1ms]
2024-05-09 15:11:30.796 [info] > git status -z -uall [1ms]
2024-05-09 15:11:35.809 [info] > git config --get commit.template [1ms]
2024-05-09 15:11:35.816 [info] > git for-each-ref --format=%(refname)%00%(upstream:short)%00%(objectname)%00%(upstream:track)%00%(upstream:remotename)%00%(upstream:remoteref) refs/heads/main refs/remotes/main [1ms]
2024-05-09 15:11:35.825 [info] > git status -z -uall [1ms]
2024-05-09 15:11:41.857 [info] > git config --get commit.template [1ms]
2024-05-09 15:11:41.864 [info] > git for-each-ref --format=%(refname)%00%(upstream:short)%00%(objectname)%00%(upstream:track)%00%(upstream:remotename)%00%(upstream:remoteref) refs/heads/main refs/remotes/main [1ms]
2024-05-09 15:11:41.872 [info] > git status -z -uall [1ms]
2024-05-09 15:11:46.883 [info] > git config --get commit.template [2ms]
2024-05-09 15:11:46.898 [info] > git for-each-ref --format=%(refname)%00%(upstream:short)%00%(objectname)%00%(upstream:track)%00%(upstream:remotename)%00%(upstream:remoteref) refs/heads/main refs/remotes/main [2ms]
2024-05-09 15:11:46.906 [info] > git status -z -uall [1ms]
2024-05-09 15:11:51.922 [info] > git config --get commit.template [1ms]
2024-05-09 15:11:51.929 [info] > git for-each-ref --format=%(refname)%00%(upstream:short)%00%(objectname)%00%(upstream:track)%00%(upstream:remotename)%00%(upstream:remoteref) refs/heads/main refs/remotes/main [0ms]
2024-05-09 15:11:51.937 [info] > git status -z -uall [1ms]
2024-05-09 15:12:37.743 [info] > git config --get commit.template [1ms]
2024-05-09 15:12:37.750 [info] > git for-each-ref --format=%(refname)%00%(upstream:short)%00%(objectname)%00%(upstream:track)%00%(upstream:remotename)%00%(upstream:remoteref) refs/heads/main refs/remotes/main [1ms]
2024-05-09 15:12:37.756 [info] > git status -z -uall [1ms]
2024-05-09 15:12:42.779 [info] > git config --get commit.template [7ms]
2024-05-09 15:12:42.779 [info] > git for-each-ref --format=%(refname)%00%(upstream:short)%00%(objectname)%00%(upstream:track)%00%(upstream:remotename)%00%(upstream:remoteref) refs/heads/main refs/remotes/main [1ms]
2024-05-09 15:12:42.786 [info] > git status -z -uall [1ms]
2024-05-09 15:13:00.650 [info] > git config --get commit.template [2ms]
2024-05-09 15:13:00.657 [info] > git for-each-ref --format=%(refname)%00%(upstream:short)%00%(objectname)%00%(upstream:track)%00%(upstream:remotename)%00%(upstream:remoteref) refs/heads/main refs/remotes/main [1ms]
2024-05-09 15:13:00.664 [info] > git status -z -uall [1ms]
2024-05-09 15:13:05.674 [info] > git config --get commit.template [1ms]
2024-05-09 15:13:05.682 [info] > git for-each-ref --format=%(refname)%00%(upstream:short)%00%(objectname)%00%(upstream:track)%00%(upstream:remotename)%00%(upstream:remoteref) refs/heads/main refs/remotes/main [2ms]
2024-05-09 15:13:05.690 [info] > git status -z -uall [1ms]
2024-05-09 15:13:10.709 [info] > git config --get commit.template [8ms]
2024-05-09 15:13:10.710 [info] > git for-each-ref --format=%(refname)%00%(upstream:short)%00%(objectname)%00%(upstream:track)%00%(upstream:remotename)%00%(upstream:remoteref) refs/heads/main refs/remotes/main [2ms]
2024-05-09 15:13:10.717 [info] > git status -z -uall [1ms]
2024-05-09 15:13:15.728 [info] > git config --get commit.template [1ms]
2024-05-09 15:13:15.734 [info] > git for-each-ref --format=%(refname)%00%(upstream:short)%00%(objectname)%00%(upstream:track)%00%(upstream:remotename)%00%(upstream:remoteref) refs/heads/main refs/remotes/main [1ms]
2024-05-09 15:13:15.742 [info] > git status -z -uall [1ms]
2024-05-09 15:13:24.218 [info] > git config --get commit.template [1ms]
2024-05-09 15:13:24.225 [info] > git for-each-ref --format=%(refname)%00%(upstream:short)%00%(objectname)%00%(upstream:track)%00%(upstream:remotename)%00%(upstream:remoteref) refs/heads/main refs/remotes/main [1ms]
2024-05-09 15:13:24.236 [info] > git status -z -uall [0ms]
2024-05-09 15:13:29.288 [info] > git config --get commit.template [22ms]
2024-05-09 15:13:29.291 [info] > git for-each-ref --format=%(refname)%00%(upstream:short)%00%(objectname)%00%(upstream:track)%00%(upstream:remotename)%00%(upstream:remoteref) refs/heads/main refs/remotes/main [4ms]
2024-05-09 15:13:29.304 [info] > git status -z -uall [4ms]
2024-05-09 15:13:38.944 [info] > git config --get commit.template [2ms]
2024-05-09 15:13:38.951 [info] > git for-each-ref --format=%(refname)%00%(upstream:short)%00%(objectname)%00%(upstream:track)%00%(upstream:remotename)%00%(upstream:remoteref) refs/heads/main refs/remotes/main [1ms]
2024-05-09 15:13:38.963 [info] > git status -z -uall [3ms]
2024-05-09 15:13:40.930 [info] > git fetch [874ms]
2024-05-09 15:13:40.947 [info] > git config --get commit.template [8ms]
2024-05-09 15:13:40.947 [info] > git for-each-ref --format=%(refname)%00%(upstream:short)%00%(objectname)%00%(upstream:track)%00%(upstream:remotename)%00%(upstream:remoteref) refs/heads/main refs/remotes/main [1ms]
2024-05-09 15:13:40.961 [info] > git status -z -uall [1ms]
2024-05-09 15:13:42.126 [info] > git ls-files --stage -- /home/triana/astro-start/src/Pages/nav-bar.astro [2ms]
2024-05-09 15:13:42.142 [info] > git show --textconv :src/Pages/nav-bar.astro [2ms]
2024-05-09 15:13:43.975 [info] > git config --get commit.template [1ms]
2024-05-09 15:13:43.981 [info] > git for-each-ref --format=%(refname)%00%(upstream:short)%00%(objectname)%00%(upstream:track)%00%(upstream:remotename)%00%(upstream:remoteref) refs/heads/main refs/remotes/main [0ms]
2024-05-09 15:13:43.988 [info] > git status -z -uall [1ms]
2024-05-09 15:13:49.006 [info] > git config --get commit.template [2ms]
2024-05-09 15:13:49.016 [info] > git for-each-ref --format=%(refname)%00%(upstream:short)%00%(objectname)%00%(upstream:track)%00%(upstream:remotename)%00%(upstream:remoteref) refs/heads/main refs/remotes/main [3ms]
2024-05-09 15:13:49.026 [info] > git status -z -uall [1ms]
2024-05-09 15:14:05.105 [info] > git config --get commit.template [3ms]
2024-05-09 15:14:05.112 [info] > git for-each-ref --format=%(refname)%00%(upstream:short)%00%(objectname)%00%(upstream:track)%00%(upstream:remotename)%00%(upstream:remoteref) refs/heads/main refs/remotes/main [1ms]
2024-05-09 15:14:05.122 [info] > git status -z -uall [1ms]
2024-05-09 15:17:30.604 [info] > git fetch [805ms]
2024-05-09 15:17:30.618 [info] > git config --get commit.template [5ms]
2024-05-09 15:17:30.618 [info] > git for-each-ref --format=%(refname)%00%(upstream:short)%00%(objectname)%00%(upstream:track)%00%(upstream:remotename)%00%(upstream:remoteref) refs/heads/main refs/remotes/main [1ms]
2024-05-09 15:17:30.627 [info] > git status -z -uall [1ms]
2024-05-09 15:17:31.691 [info] > git config --get commit.template [1ms]
2024-05-09 15:17:31.699 [info] > git for-each-ref --format=%(refname)%00%(upstream:short)%00%(objectname)%00%(upstream:track)%00%(upstream:remotename)%00%(upstream:remoteref) refs/heads/main refs/remotes/main [1ms]
2024-05-09 15:17:31.710 [info] > git status -z -uall [1ms]
2024-05-09 15:17:31.789 [info] > git ls-files --stage -- /home/triana/astro-start/src/Pages/nav-bar.astro [1ms]
2024-05-09 15:17:31.857 [info] > git show --textconv :src/Pages/nav-bar.astro [0ms]
2024-05-09 15:18:08.181 [info] > git config --get commit.template [1ms]
2024-05-09 15:18:08.189 [info] > git for-each-ref --format=%(refname)%00%(upstream:short)%00%(objectname)%00%(upstream:track)%00%(upstream:remotename)%00%(upstream:remoteref) refs/heads/main refs/remotes/main [0ms]
2024-05-09 15:18:08.197 [info] > git status -z -uall [1ms]
2024-05-09 15:18:13.207 [info] > git config --get commit.template [1ms]
2024-05-09 15:18:13.213 [info] > git for-each-ref --format=%(refname)%00%(upstream:short)%00%(objectname)%00%(upstream:track)%00%(upstream:remotename)%00%(upstream:remoteref) refs/heads/main refs/remotes/main [1ms]
2024-05-09 15:18:13.222 [info] > git status -z -uall [1ms]
2024-05-09 15:18:18.233 [info] > git config --get commit.template [1ms]
2024-05-09 15:18:18.240 [info] > git for-each-ref --format=%(refname)%00%(upstream:short)%00%(objectname)%00%(upstream:track)%00%(upstream:remotename)%00%(upstream:remoteref) refs/heads/main refs/remotes/main [1ms]
2024-05-09 15:18:18.248 [info] > git status -z -uall [1ms]
2024-05-09 15:18:23.288 [info] > git config --get commit.template [16ms]
2024-05-09 15:18:23.289 [info] > git for-each-ref --format=%(refname)%00%(upstream:short)%00%(objectname)%00%(upstream:track)%00%(upstream:remotename)%00%(upstream:remoteref) refs/heads/main refs/remotes/main [4ms]
2024-05-09 15:18:23.303 [info] > git status -z -uall [2ms]
2024-05-09 15:18:45.506 [info] > git config --get commit.template [1ms]
2024-05-09 15:18:45.513 [info] > git for-each-ref --format=%(refname)%00%(upstream:short)%00%(objectname)%00%(upstream:track)%00%(upstream:remotename)%00%(upstream:remoteref) refs/heads/main refs/remotes/main [1ms]
2024-05-09 15:18:45.520 [info] > git status -z -uall [1ms]
2024-05-09 15:18:50.552 [info] > git config --get commit.template [7ms]
2024-05-09 15:18:50.552 [info] > git for-each-ref --format=%(refname)%00%(upstream:short)%00%(objectname)%00%(upstream:track)%00%(upstream:remotename)%00%(upstream:remoteref) refs/heads/main refs/remotes/main [1ms]
2024-05-09 15:18:50.560 [info] > git status -z -uall [1ms]
2024-05-09 15:18:55.582 [info] > git config --get commit.template [8ms]
2024-05-09 15:18:55.583 [info] > git for-each-ref --format=%(refname)%00%(upstream:short)%00%(objectname)%00%(upstream:track)%00%(upstream:remotename)%00%(upstream:remoteref) refs/heads/main refs/remotes/main [1ms]
2024-05-09 15:18:55.590 [info] > git status -z -uall [1ms]
2024-05-09 15:19:00.603 [info] > git config --get commit.template [1ms]
2024-05-09 15:19:00.610 [info] > git for-each-ref --format=%(refname)%00%(upstream:short)%00%(objectname)%00%(upstream:track)%00%(upstream:remotename)%00%(upstream:remoteref) refs/heads/main refs/remotes/main [1ms]
2024-05-09 15:19:00.616 [info] > git status -z -uall [1ms]
2024-05-09 15:20:31.439 [info] > git fetch [799ms]
2024-05-09 15:20:31.446 [info] > git config --get commit.template [1ms]
2024-05-09 15:20:31.452 [info] > git for-each-ref --format=%(refname)%00%(upstream:short)%00%(objectname)%00%(upstream:track)%00%(upstream:remotename)%00%(upstream:remoteref) refs/heads/main refs/remotes/main [1ms]
2024-05-09 15:20:31.460 [info] > git status -z -uall [2ms]
2024-05-09 15:20:32.530 [info] > git config --get commit.template [6ms]
2024-05-09 15:20:32.531 [info] > git for-each-ref --format=%(refname)%00%(upstream:short)%00%(objectname)%00%(upstream:track)%00%(upstream:remotename)%00%(upstream:remoteref) refs/heads/main refs/remotes/main [2ms]
2024-05-09 15:20:32.538 [info] > git status -z -uall [1ms]
2024-05-09 15:20:32.627 [info] > git ls-files --stage -- /home/triana/astro-start/src/Pages/nav-bar.astro [2ms]
2024-05-09 15:20:32.636 [info] > git show --textconv :src/Pages/nav-bar.astro [1ms]
2024-05-09 15:23:32.254 [info] > git fetch [787ms]
2024-05-09 15:23:32.273 [info] > git config --get commit.template [6ms]
2024-05-09 15:23:32.273 [info] > git for-each-ref --format=%(refname)%00%(upstream:short)%00%(objectname)%00%(upstream:track)%00%(upstream:remotename)%00%(upstream:remoteref) refs/heads/main refs/remotes/main [1ms]
2024-05-09 15:23:32.281 [info] > git status -z -uall [1ms]
2024-05-09 15:23:33.342 [info] > git config --get commit.template [1ms]
2024-05-09 15:23:33.349 [info] > git for-each-ref --format=%(refname)%00%(upstream:short)%00%(objectname)%00%(upstream:track)%00%(upstream:remotename)%00%(upstream:remoteref) refs/heads/main refs/remotes/main [2ms]
2024-05-09 15:23:33.356 [info] > git status -z -uall [1ms]
2024-05-09 15:23:33.444 [info] > git ls-files --stage -- /home/triana/astro-start/src/Pages/nav-bar.astro [0ms]
2024-05-09 15:23:33.456 [info] > git show --textconv :src/Pages/nav-bar.astro [1ms]
2024-05-09 15:26:33.144 [info] > git fetch [850ms]
2024-05-09 15:26:33.152 [info] > git config --get commit.template [2ms]
2024-05-09 15:26:33.159 [info] > git for-each-ref --format=%(refname)%00%(upstream:short)%00%(objectname)%00%(upstream:track)%00%(upstream:remotename)%00%(upstream:remoteref) refs/heads/main refs/remotes/main [1ms]
2024-05-09 15:26:33.166 [info] > git status -z -uall [1ms]
2024-05-09 15:26:34.231 [info] > git config --get commit.template [1ms]
2024-05-09 15:26:34.237 [info] > git for-each-ref --format=%(refname)%00%(upstream:short)%00%(objectname)%00%(upstream:track)%00%(upstream:remotename)%00%(upstream:remoteref) refs/heads/main refs/remotes/main [1ms]
2024-05-09 15:26:34.245 [info] > git status -z -uall [1ms]
2024-05-09 15:26:34.337 [info] > git ls-files --stage -- /home/triana/astro-start/src/Pages/nav-bar.astro [1ms]
2024-05-09 15:26:34.396 [info] > git show --textconv :src/Pages/nav-bar.astro [1ms]
2024-05-09 15:27:27.580 [info] > git config --get commit.template [3ms]
2024-05-09 15:27:27.588 [info] > git for-each-ref --format=%(refname)%00%(upstream:short)%00%(objectname)%00%(upstream:track)%00%(upstream:remotename)%00%(upstream:remoteref) refs/heads/main refs/remotes/main [2ms]
2024-05-09 15:27:27.597 [info] > git status -z -uall [1ms]
2024-05-09 15:27:51.591 [info] > git config --get commit.template [2ms]
2024-05-09 15:27:51.602 [info] > git for-each-ref --format=%(refname)%00%(upstream:short)%00%(objectname)%00%(upstream:track)%00%(upstream:remotename)%00%(upstream:remoteref) refs/heads/main refs/remotes/main [2ms]
2024-05-09 15:27:51.615 [info] > git status -z -uall [1ms]
2024-05-09 15:27:56.635 [info] > git config --get commit.template [8ms]
2024-05-09 15:27:56.636 [info] > git for-each-ref --format=%(refname)%00%(upstream:short)%00%(objectname)%00%(upstream:track)%00%(upstream:remotename)%00%(upstream:remoteref) refs/heads/main refs/remotes/main [1ms]
2024-05-09 15:27:56.644 [info] > git status -z -uall [1ms]
2024-05-09 16:30:14.632 [info] > git fetch [886ms]
2024-05-09 16:30:14.650 [info] > git config --get commit.template [7ms]
2024-05-09 16:30:14.651 [info] > git for-each-ref --format=%(refname)%00%(upstream:short)%00%(objectname)%00%(upstream:track)%00%(upstream:remotename)%00%(upstream:remoteref) refs/heads/main refs/remotes/main [3ms]
2024-05-09 16:30:14.661 [info] > git status -z -uall [3ms]
2024-05-09 16:44:05.102 [info] > git config --get commit.template [1298ms]
2024-05-09 16:44:05.108 [info] > git ls-files --stage -- /home/triana/astro-start/src/Pages/nav-bar.astro [146ms]
2024-05-09 16:44:05.507 [info] > git for-each-ref --format=%(refname)%00%(upstream:short)%00%(objectname)%00%(upstream:track)%00%(upstream:remotename)%00%(upstream:remoteref) refs/heads/main refs/remotes/main [83ms]
2024-05-09 16:44:05.585 [info] > git show --textconv :src/Pages/nav-bar.astro [80ms]
