2024-05-09 18:59:30.088 [info] Nivel de registro: Info
2024-05-09 18:59:30.089 [info] La validación encontró GIT en: “git“
2024-05-09 18:59:30.089 [info] Usando GIT “2.34.1” desde “git”
2024-05-09 18:59:30.089 [info] > git rev-parse --show-toplevel [168ms]
2024-05-09 18:59:30.089 [info] > git rev-parse --git-dir --git-common-dir [23ms]
2024-05-09 18:59:30.089 [info] Open repository: /home/triana
2024-05-09 18:59:30.089 [info] > git rev-parse --show-toplevel [369ms]
2024-05-09 18:59:30.089 [info] > git config --get commit.template [395ms]
2024-05-09 18:59:30.111 [info] > git rev-parse --show-toplevel [24ms]
2024-05-09 18:59:30.131 [info] > git rev-parse --show-toplevel [2ms]
2024-05-09 18:59:30.205 [info] > git rev-parse --show-toplevel [53ms]
2024-05-09 18:59:30.205 [info] > git for-each-ref --format=%(refname)%00%(upstream:short)%00%(objectname)%00%(upstream:track)%00%(upstream:remotename)%00%(upstream:remoteref) refs/heads/main refs/remotes/main [98ms]
2024-05-09 18:59:30.331 [info] > git check-ignore -v -z --stdin [76ms]
2024-05-09 18:59:30.335 [info] > git rev-parse --show-toplevel [25ms]
2024-05-09 18:59:30.957 [info] > git rev-parse --show-toplevel [357ms]
2024-05-09 18:59:31.109 [info] > git rev-parse --show-toplevel [35ms]
2024-05-09 18:59:31.168 [info] > git rev-parse --show-toplevel [10ms]
2024-05-09 18:59:31.232 [info] > git rev-parse --show-toplevel [30ms]
2024-05-09 18:59:31.285 [info] > git rev-parse --git-dir --git-common-dir [17ms]
2024-05-09 18:59:31.355 [info] Open repository: /home/triana/astro-start
2024-05-09 18:59:31.891 [info] > git show --textconv :IntegrarTec/clase_DOM/form.js [441ms]
2024-05-09 18:59:31.892 [info] > git config --get commit.template [348ms]
2024-05-09 18:59:31.916 [info] > git ls-files --stage -- /home/triana/IntegrarTec/clase_DOM/form.js [392ms]
2024-05-09 18:59:31.958 [info] > git cat-file -s 9709116e71272d41aab3b8a855ee76914960d92a [10ms]
2024-05-09 18:59:32.039 [info] > git for-each-ref --format=%(refname)%00%(upstream:short)%00%(objectname)%00%(upstream:track)%00%(upstream:remotename)%00%(upstream:remoteref) refs/heads/main refs/remotes/main [60ms]
2024-05-09 18:59:32.186 [info] > git status -z -uall [27ms]
2024-05-09 18:59:32.419 [info] > git merge-base refs/heads/main refs/remotes/origin/main [210ms]
2024-05-09 18:59:32.586 [info] > git check-ignore -v -z --stdin [102ms]
2024-05-09 18:59:32.635 [info] > git check-ignore -v -z --stdin [101ms]
2024-05-09 18:59:32.637 [info] > git rev-list --count --left-right refs/heads/main...refs/remotes/origin/main [172ms]
2024-05-09 18:59:32.665 [info] > git config --get commit.template [276ms]
2024-05-09 18:59:32.821 [info] > git diff --name-status -z --diff-filter=ADMR f57364107a723b27b08aa15408f391b0106fdf2c...refs/remotes/origin/main [157ms]
2024-05-09 18:59:32.870 [info] > git for-each-ref --format=%(refname)%00%(upstream:short)%00%(objectname)%00%(upstream:track)%00%(upstream:remotename)%00%(upstream:remoteref) refs/heads/main refs/remotes/main [158ms]
2024-05-09 18:59:32.891 [info] > git status -z -uall [1ms]
2024-05-09 18:59:34.290 [info] > git status -z -uall [3637ms] (cancelled)
2024-05-09 18:59:40.338 [info] > git fetch [887ms]
2024-05-09 18:59:40.345 [info] > git config --get commit.template [1ms]
2024-05-09 18:59:40.354 [info] > git for-each-ref --format=%(refname)%00%(upstream:short)%00%(objectname)%00%(upstream:track)%00%(upstream:remotename)%00%(upstream:remoteref) refs/heads/main refs/remotes/main [1ms]
2024-05-09 18:59:40.362 [info] > git status -z -uall [2ms]
2024-05-09 18:59:41.437 [info] > git config --get commit.template [2ms]
2024-05-09 18:59:41.448 [info] > git for-each-ref --format=%(refname)%00%(upstream:short)%00%(objectname)%00%(upstream:track)%00%(upstream:remotename)%00%(upstream:remoteref) refs/heads/main refs/remotes/main [4ms]
2024-05-09 18:59:41.458 [info] > git status -z -uall [2ms]
2024-05-09 19:30:41.281 [info] > git fetch [951ms]
2024-05-09 19:30:41.302 [info] > git config --get commit.template [10ms]
2024-05-09 19:30:41.303 [info] > git for-each-ref --format=%(refname)%00%(upstream:short)%00%(objectname)%00%(upstream:track)%00%(upstream:remotename)%00%(upstream:remoteref) refs/heads/main refs/remotes/main [6ms]
2024-05-09 19:30:41.313 [info] > git status -z -uall [3ms]
2024-05-09 22:24:06.216 [info] > git config --get commit.template [3ms]
2024-05-09 22:24:06.231 [info] > git for-each-ref --format=%(refname)%00%(upstream:short)%00%(objectname)%00%(upstream:track)%00%(upstream:remotename)%00%(upstream:remoteref) refs/heads/main refs/remotes/main [3ms]
2024-05-09 22:24:06.248 [info] > git status -z -uall [5ms]
2024-05-09 22:24:07.021 [info] > git fetch [851ms]
2024-05-09 22:24:07.036 [info] > git config --get commit.template [6ms]
2024-05-09 22:24:07.036 [info] > git for-each-ref --format=%(refname)%00%(upstream:short)%00%(objectname)%00%(upstream:track)%00%(upstream:remotename)%00%(upstream:remoteref) refs/heads/main refs/remotes/main [1ms]
2024-05-09 22:24:07.047 [info] > git status -z -uall [1ms]
2024-05-09 22:24:11.261 [info] > git config --get commit.template [2ms]
2024-05-09 22:24:11.268 [info] > git for-each-ref --format=%(refname)%00%(upstream:short)%00%(objectname)%00%(upstream:track)%00%(upstream:remotename)%00%(upstream:remoteref) refs/heads/main refs/remotes/main [1ms]
2024-05-09 22:24:11.277 [info] > git status -z -uall [1ms]
2024-05-09 22:24:16.665 [info] > git fetch [928ms]
2024-05-09 22:24:16.665 [info] > git merge-base refs/heads/main refs/remotes/origin/main [1064ms]
2024-05-09 22:24:16.842 [info] > git rev-list --count --left-right refs/heads/main...refs/remotes/origin/main [166ms]
2024-05-09 22:24:16.868 [info] > git config --get commit.template [203ms]
2024-05-09 22:24:16.869 [info] > git diff --name-status -z --diff-filter=ADMR f7f965fb5edec0cb8214360a4db5d3dcc0868488...refs/remotes/origin/main [2ms]
2024-05-09 22:24:16.872 [info] > git config --get commit.template [33ms]
2024-05-09 22:24:16.949 [info] > git for-each-ref --format=%(refname)%00%(upstream:short)%00%(objectname)%00%(upstream:track)%00%(upstream:remotename)%00%(upstream:remoteref) refs/heads/main refs/remotes/main [39ms]
2024-05-09 22:24:16.952 [info] > git for-each-ref --format=%(refname)%00%(upstream:short)%00%(objectname)%00%(upstream:track)%00%(upstream:remotename)%00%(upstream:remoteref) refs/heads/main refs/remotes/main [14ms]
2024-05-09 22:24:17.628 [info] > git status -z -uall [651ms] (cancelled)
2024-05-09 22:24:18.681 [info] > git ls-files --stage -- /home/triana/IntegrarTec/clase_DOM/form.js [1ms]
2024-05-09 22:24:18.694 [info] > git cat-file -s 9709116e71272d41aab3b8a855ee76914960d92a [2ms]
2024-05-09 22:24:18.759 [info] > git show --textconv :IntegrarTec/clase_DOM/form.js [2ms]
2024-05-09 23:18:47.663 [info] > git ls-files --stage -- /home/triana/IntegrarTec/clase_DOM/form.js [51ms]
2024-05-09 23:18:47.698 [info] > git fetch [1857ms]
2024-05-09 23:18:47.732 [info] > git fetch [1719ms]
2024-05-09 23:18:47.802 [info] > git cat-file -s 9709116e71272d41aab3b8a855ee76914960d92a [105ms]
2024-05-09 23:18:47.864 [info] > git config --get commit.template [44ms]
2024-05-09 23:18:47.871 [info] > git config --get commit.template [95ms]
2024-05-09 23:18:47.982 [info] > git show --textconv :IntegrarTec/clase_DOM/form.js [79ms]
2024-05-09 23:18:47.982 [info] > git for-each-ref --format=%(refname)%00%(upstream:short)%00%(objectname)%00%(upstream:track)%00%(upstream:remotename)%00%(upstream:remoteref) refs/heads/main refs/remotes/main [2ms]
2024-05-09 23:18:47.994 [info] > git for-each-ref --format=%(refname)%00%(upstream:short)%00%(objectname)%00%(upstream:track)%00%(upstream:remotename)%00%(upstream:remoteref) refs/heads/main refs/remotes/main [54ms]
2024-05-09 23:18:48.142 [info] > git status -z -uall [25ms]
2024-05-09 23:18:48.956 [info] > git ls-files --stage -- /home/triana/IntegrarTec/clase_DOM/form.js [1ms]
2024-05-09 23:18:48.971 [info] > git cat-file -s 9709116e71272d41aab3b8a855ee76914960d92a [1ms]
2024-05-09 23:18:49.020 [info] > git show --textconv :IntegrarTec/clase_DOM/form.js [3ms]
