2024-05-08 13:51:46.531 [info] Nivel de registro: Info
2024-05-08 13:51:46.531 [info] La validación encontró GIT en: “git“
2024-05-08 13:51:46.531 [info] Usando GIT “2.34.1” desde “git”
2024-05-08 13:51:46.531 [info] > git rev-parse --show-toplevel [113ms]
2024-05-08 13:51:46.531 [info] > git rev-parse --git-dir --git-common-dir [18ms]
2024-05-08 13:51:46.531 [info] Open repository: /home/triana
2024-05-08 13:51:46.531 [info] > git rev-parse --show-toplevel [207ms]
2024-05-08 13:51:46.531 [info] > git config --get commit.template [220ms]
2024-05-08 13:51:46.551 [info] > git rev-parse --show-toplevel [23ms]
2024-05-08 13:51:46.568 [info] > git rev-parse --show-toplevel [4ms]
2024-05-08 13:51:46.569 [info] > git for-each-ref --format=%(refname)%00%(upstream:short)%00%(objectname)%00%(upstream:track)%00%(upstream:remotename)%00%(upstream:remoteref) refs/heads/main refs/remotes/main [22ms]
2024-05-08 13:51:46.596 [info] > git rev-parse --show-toplevel [1ms]
2024-05-08 13:51:46.660 [info] > git rev-parse --show-toplevel [16ms]
2024-05-08 13:51:46.681 [info] > git rev-parse --show-toplevel [5ms]
2024-05-08 13:51:46.693 [info] > git rev-parse --show-toplevel [6ms]
2024-05-08 13:51:46.727 [info] > git show --textconv :README.md [15ms]
2024-05-08 13:51:46.727 [info] > git ls-files --stage -- /home/triana/README.md [5ms]
2024-05-08 13:51:46.739 [info] > git cat-file -s c57a13bd2dbe0ec134fc429d6ec23ed25155a7d7 [5ms]
2024-05-08 13:51:46.825 [info] > git check-ignore -v -z --stdin [2ms]
2024-05-08 13:51:47.182 [info] > git status -z -uall [524ms]
2024-05-08 13:51:48.427 [info] > git merge-base refs/heads/main refs/remotes/origin/main [1133ms]
2024-05-08 13:51:48.546 [info] > git rev-list --count --left-right refs/heads/main...refs/remotes/origin/main [97ms]
2024-05-08 13:51:48.704 [info] > git config --get commit.template [293ms]
2024-05-08 13:51:48.705 [info] > git diff --name-status -z --diff-filter=ADMR f7f965fb5edec0cb8214360a4db5d3dcc0868488...refs/remotes/origin/main [2ms]
2024-05-08 13:51:48.722 [info] > git for-each-ref --format=%(refname)%00%(upstream:short)%00%(objectname)%00%(upstream:track)%00%(upstream:remotename)%00%(upstream:remoteref) refs/heads/main refs/remotes/main [1ms]
2024-05-08 13:51:48.842 [info] > git status -z -uall [112ms]
2024-05-08 13:51:51.643 [info] > git check-ignore -v -z --stdin [1ms]
2024-05-08 13:51:53.475 [info] > git config --get commit.template [11ms]
2024-05-08 13:51:53.502 [info] > git for-each-ref --format=%(refname)%00%(upstream:short)%00%(objectname)%00%(upstream:track)%00%(upstream:remotename)%00%(upstream:remoteref) refs/heads/main refs/remotes/main [2ms]
2024-05-08 13:51:53.744 [info] > git status -z -uall [218ms]
2024-05-08 13:51:55.236 [info] > git check-ignore -v -z --stdin [4ms]
2024-05-08 13:51:57.495 [info] > git check-ignore -v -z --stdin [1ms]
2024-05-08 13:51:59.067 [info] > git config --get commit.template [9ms]
2024-05-08 13:51:59.067 [info] > git for-each-ref --format=%(refname)%00%(upstream:short)%00%(objectname)%00%(upstream:track)%00%(upstream:remotename)%00%(upstream:remoteref) refs/heads/main refs/remotes/main [1ms]
2024-05-08 13:51:59.114 [info] > git status -z -uall [37ms]
2024-05-08 13:52:00.572 [info] > git check-ignore -v -z --stdin [1ms]
2024-05-08 13:52:02.803 [info] > git check-ignore -v -z --stdin [1ms]
2024-05-08 13:52:04.094 [info] > git show --textconv :IntegrarTec/clase_css/HambButtonV1/stylehambutton.css [8ms]
2024-05-08 13:52:04.095 [info] > git ls-files --stage -- /home/triana/IntegrarTec/clase_css/HambButtonV1/stylehambutton.css [2ms]
2024-05-08 13:52:04.103 [info] > git cat-file -s 802df1dcd3a1a0133ec0f2cea61c54aaa64247a2 [1ms]
2024-05-08 13:52:04.221 [info] > git config --get commit.template [2ms]
2024-05-08 13:52:04.231 [info] > git for-each-ref --format=%(refname)%00%(upstream:short)%00%(objectname)%00%(upstream:track)%00%(upstream:remotename)%00%(upstream:remoteref) refs/heads/main refs/remotes/main [2ms]
2024-05-08 13:52:04.272 [info] > git status -z -uall [34ms]
2024-05-08 13:52:09.106 [info] > git show --textconv :IntegrarTec/clase_css/HambButtonV1/hambutton.html [9ms]
2024-05-08 13:52:09.107 [info] > git ls-files --stage -- /home/triana/IntegrarTec/clase_css/HambButtonV1/hambutton.html [1ms]
2024-05-08 13:52:09.120 [info] > git cat-file -s 154341e7c8a5ca925f6fc2a4692a4ee8672b009b [4ms]
2024-05-08 13:52:09.344 [info] > git config --get commit.template [8ms]
2024-05-08 13:52:09.344 [info] > git for-each-ref --format=%(refname)%00%(upstream:short)%00%(objectname)%00%(upstream:track)%00%(upstream:remotename)%00%(upstream:remoteref) refs/heads/main refs/remotes/main [2ms]
2024-05-08 13:52:09.382 [info] > git status -z -uall [30ms]
2024-05-08 13:52:13.973 [info] > git check-ignore -v -z --stdin [1ms]
2024-05-08 13:52:14.471 [info] > git config --get commit.template [1ms]
2024-05-08 13:52:14.477 [info] > git for-each-ref --format=%(refname)%00%(upstream:short)%00%(objectname)%00%(upstream:track)%00%(upstream:remotename)%00%(upstream:remoteref) refs/heads/main refs/remotes/main [1ms]
2024-05-08 13:52:14.502 [info] > git status -z -uall [18ms]
2024-05-08 13:52:15.084 [info] > git show --textconv :IntegrarTec/clase_css/CV/stylecv.css [8ms]
2024-05-08 13:52:15.085 [info] > git ls-files --stage -- /home/triana/IntegrarTec/clase_css/CV/stylecv.css [2ms]
2024-05-08 13:52:15.097 [info] > git cat-file -s fa8e5ea3b3e00b94f4690d9718e91b73712d2a5a [3ms]
2024-05-08 13:52:19.577 [info] > git config --get commit.template [15ms]
2024-05-08 13:52:19.578 [info] > git for-each-ref --format=%(refname)%00%(upstream:short)%00%(objectname)%00%(upstream:track)%00%(upstream:remotename)%00%(upstream:remoteref) refs/heads/main refs/remotes/main [5ms]
2024-05-08 13:52:19.623 [info] > git status -z -uall [32ms]
2024-05-08 13:52:24.710 [info] > git config --get commit.template [1ms]
2024-05-08 13:52:24.718 [info] > git for-each-ref --format=%(refname)%00%(upstream:short)%00%(objectname)%00%(upstream:track)%00%(upstream:remotename)%00%(upstream:remoteref) refs/heads/main refs/remotes/main [1ms]
2024-05-08 13:52:24.744 [info] > git status -z -uall [19ms]
