0 verbose cli /home/triana/.local/share/fnm/node-versions/v20.12.1/installation/bin/node /run/user/1000/fnm_multishells/612_1715263476689/bin/npm
1 info using npm@10.5.0
2 info using node@v20.12.1
3 timing npm:load:whichnode Completed in 3ms
4 timing config:load:defaults Completed in 1ms
5 timing config:load:file:/home/triana/.local/share/fnm/node-versions/v20.12.1/installation/lib/node_modules/npm/npmrc Completed in 1ms
6 timing config:load:builtin Completed in 1ms
7 timing config:load:cli Completed in 3ms
8 timing config:load:env Completed in 0ms
9 timing config:load:project Completed in 4ms
10 timing config:load:file:/home/triana/.npmrc Completed in 1ms
11 timing config:load:user Completed in 1ms
12 timing config:load:file:/home/triana/.local/share/fnm/node-versions/v20.12.1/installation/etc/npmrc Completed in 0ms
13 timing config:load:global Completed in 0ms
14 timing config:load:setEnvs Completed in 1ms
15 timing config:load Completed in 11ms
16 timing npm:load:configload Completed in 11ms
17 timing config:load:flatten Completed in 2ms
18 timing npm:load:mkdirpcache Completed in 0ms
19 timing npm:load:mkdirplogs Completed in 1ms
20 verbose title npm i http-server
21 verbose argv "i" "--global" "http-server"
22 timing npm:load:setTitle Completed in 0ms
23 timing npm:load:display Completed in 1ms
24 verbose logfile logs-max:10 dir:/home/triana/.npm/_logs/2024-05-09T14_23_05_531Z-
25 verbose logfile /home/triana/.npm/_logs/2024-05-09T14_23_05_531Z-debug-0.log
26 timing npm:load:logFile Completed in 6ms
27 timing npm:load:timers Completed in 0ms
28 timing npm:load:configScope Completed in 0ms
29 timing npm:load Completed in 33ms
30 timing config:load:flatten Completed in 1ms
31 timing arborist:ctor Completed in 1ms
32 silly logfile done cleaning log files
33 timing idealTree:init Completed in 6ms
34 timing idealTree:userRequests Completed in 4ms
35 silly idealTree buildDeps
36 silly fetch manifest http-server@*
37 http fetch GET 200 https://registry.npmjs.org/http-server 509ms (cache miss)
38 silly placeDep ROOT http-server@14.1.1 OK for:  want: *
39 silly fetch manifest basic-auth@^2.0.1
40 silly fetch manifest chalk@^4.1.2
41 silly fetch manifest corser@^2.0.1
42 http fetch GET 200 https://registry.npmjs.org/chalk 185ms (cache miss)
43 silly fetch manifest he@^1.2.0
44 http fetch GET 200 https://registry.npmjs.org/basic-auth 327ms (cache miss)
45 silly fetch manifest html-encoding-sniffer@^3.0.0
46 http fetch GET 200 https://registry.npmjs.org/corser 417ms (cache miss)
47 silly fetch manifest http-proxy@^1.18.1
48 http fetch GET 200 https://registry.npmjs.org/html-encoding-sniffer 341ms (cache miss)
49 silly fetch manifest mime@^1.6.0
50 http fetch GET 200 https://registry.npmjs.org/http-proxy 332ms (cache miss)
51 silly fetch manifest minimist@^1.2.6
52 http fetch GET 200 https://registry.npmjs.org/mime 340ms (cache miss)
53 silly fetch manifest opener@^1.5.1
54 http fetch GET 200 https://registry.npmjs.org/minimist 320ms (cache miss)
55 silly fetch manifest portfinder@^1.0.28
56 http fetch GET 200 https://registry.npmjs.org/he 1138ms (cache miss)
57 silly fetch manifest secure-compare@3.0.1
58 http fetch GET 200 https://registry.npmjs.org/portfinder 318ms (cache miss)
59 silly fetch manifest union@~0.5.0
60 http fetch GET 200 https://registry.npmjs.org/secure-compare 336ms (cache miss)
61 silly fetch manifest url-join@^4.0.1
62 http fetch GET 200 https://registry.npmjs.org/union 332ms (cache miss)
63 http fetch GET 200 https://registry.npmjs.org/url-join 337ms (cache miss)
64 http fetch GET 200 https://registry.npmjs.org/opener 1253ms (cache miss)
65 timing idealTree:#root Completed in 2791ms
66 silly placeDep node_modules/http-server basic-auth@2.0.1 OK for: http-server@14.1.1 want: ^2.0.1
67 silly placeDep node_modules/http-server chalk@4.1.2 OK for: http-server@14.1.1 want: ^4.1.2
68 silly placeDep node_modules/http-server corser@2.0.1 OK for: http-server@14.1.1 want: ^2.0.1
69 silly placeDep node_modules/http-server he@1.2.0 OK for: http-server@14.1.1 want: ^1.2.0
70 silly placeDep node_modules/http-server html-encoding-sniffer@3.0.0 OK for: http-server@14.1.1 want: ^3.0.0
71 silly placeDep node_modules/http-server http-proxy@1.18.1 OK for: http-server@14.1.1 want: ^1.18.1
72 silly placeDep node_modules/http-server mime@1.6.0 OK for: http-server@14.1.1 want: ^1.6.0
73 silly placeDep node_modules/http-server minimist@1.2.8 OK for: http-server@14.1.1 want: ^1.2.6
74 silly placeDep node_modules/http-server opener@1.5.2 OK for: http-server@14.1.1 want: ^1.5.1
75 silly placeDep node_modules/http-server portfinder@1.0.32 OK for: http-server@14.1.1 want: ^1.0.28
76 silly placeDep node_modules/http-server secure-compare@3.0.1 OK for: http-server@14.1.1 want: 3.0.1
77 silly placeDep node_modules/http-server union@0.5.0 OK for: http-server@14.1.1 want: ~0.5.0
78 silly placeDep node_modules/http-server url-join@4.0.1 OK for: http-server@14.1.1 want: ^4.0.1
79 silly fetch manifest safe-buffer@5.1.2
80 silly fetch manifest ansi-styles@^4.1.0
81 silly fetch manifest supports-color@^7.1.0
82 http fetch GET 200 https://registry.npmjs.org/ansi-styles 66ms (cache miss)
83 silly fetch manifest whatwg-encoding@^2.0.0
84 http fetch GET 200 https://registry.npmjs.org/supports-color 87ms (cache miss)
85 silly fetch manifest eventemitter3@^4.0.0
86 http fetch GET 200 https://registry.npmjs.org/safe-buffer 334ms (cache miss)
87 silly fetch manifest requires-port@^1.0.0
88 http fetch GET 200 https://registry.npmjs.org/eventemitter3 336ms (cache miss)
89 silly fetch manifest follow-redirects@^1.0.0
90 http fetch GET 200 https://registry.npmjs.org/requires-port 325ms (cache miss)
91 silly fetch manifest async@^2.6.4
92 http fetch GET 200 https://registry.npmjs.org/follow-redirects 326ms (cache miss)
93 silly fetch manifest debug@^3.2.7
94 http fetch GET 200 https://registry.npmjs.org/debug 344ms (cache miss)
95 silly fetch manifest mkdirp@^0.5.6
96 http fetch GET 200 https://registry.npmjs.org/whatwg-encoding 1041ms (cache miss)
97 silly fetch manifest qs@^6.4.0
98 http fetch GET 200 https://registry.npmjs.org/mkdirp 101ms (cache miss)
99 http fetch GET 200 https://registry.npmjs.org/async 789ms (cache miss)
100 http fetch GET 200 https://registry.npmjs.org/qs 1053ms (cache miss)
101 timing idealTree:node_modules/http-server Completed in 2195ms
102 silly placeDep node_modules/http-server safe-buffer@5.1.2 OK for: basic-auth@2.0.1 want: 5.1.2
103 timing idealTree:node_modules/http-server/node_modules/basic-auth Completed in 2ms
104 silly placeDep node_modules/http-server ansi-styles@4.3.0 OK for: chalk@4.1.2 want: ^4.1.0
105 silly placeDep node_modules/http-server supports-color@7.2.0 OK for: chalk@4.1.2 want: ^7.1.0
106 silly fetch manifest color-convert@^2.0.1
107 silly fetch manifest has-flag@^4.0.0
108 http fetch GET 200 https://registry.npmjs.org/has-flag 337ms (cache miss)
109 http fetch GET 200 https://registry.npmjs.org/color-convert 340ms (cache miss)
110 timing idealTree:node_modules/http-server/node_modules/chalk Completed in 344ms
111 silly placeDep node_modules/http-server color-convert@2.0.1 OK for: ansi-styles@4.3.0 want: ^2.0.1
112 silly fetch manifest color-name@~1.1.4
113 http fetch GET 200 https://registry.npmjs.org/color-name 325ms (cache miss)
114 timing idealTree:node_modules/http-server/node_modules/ansi-styles Completed in 332ms
115 silly placeDep node_modules/http-server color-name@1.1.4 OK for: color-convert@2.0.1 want: ~1.1.4
116 timing idealTree:node_modules/http-server/node_modules/color-convert Completed in 6ms
117 timing idealTree:node_modules/http-server/node_modules/color-name Completed in 0ms
118 timing idealTree:node_modules/http-server/node_modules/corser Completed in 0ms
119 timing idealTree:node_modules/http-server/node_modules/he Completed in 0ms
120 silly placeDep node_modules/http-server whatwg-encoding@2.0.0 OK for: html-encoding-sniffer@3.0.0 want: ^2.0.0
121 silly fetch manifest iconv-lite@0.6.3
122 http fetch GET 200 https://registry.npmjs.org/iconv-lite 70ms (cache miss)
123 timing idealTree:node_modules/http-server/node_modules/html-encoding-sniffer Completed in 78ms
124 silly placeDep node_modules/http-server eventemitter3@4.0.7 OK for: http-proxy@1.18.1 want: ^4.0.0
125 silly placeDep node_modules/http-server follow-redirects@1.15.6 OK for: http-proxy@1.18.1 want: ^1.0.0
126 silly placeDep node_modules/http-server requires-port@1.0.0 OK for: http-proxy@1.18.1 want: ^1.0.0
127 timing idealTree:node_modules/http-server/node_modules/http-proxy Completed in 5ms
128 timing idealTree:node_modules/http-server/node_modules/eventemitter3 Completed in 0ms
129 timing idealTree:node_modules/http-server/node_modules/follow-redirects Completed in 0ms
130 timing idealTree:node_modules/http-server/node_modules/mime Completed in 0ms
131 timing idealTree:node_modules/http-server/node_modules/minimist Completed in 0ms
132 timing idealTree:node_modules/http-server/node_modules/opener Completed in 0ms
133 silly placeDep node_modules/http-server async@2.6.4 OK for: portfinder@1.0.32 want: ^2.6.4
134 silly placeDep node_modules/http-server debug@3.2.7 OK for: portfinder@1.0.32 want: ^3.2.7
135 silly placeDep node_modules/http-server mkdirp@0.5.6 OK for: portfinder@1.0.32 want: ^0.5.6
136 silly fetch manifest lodash@^4.17.14
137 silly fetch manifest ms@^2.1.1
138 http fetch GET 200 https://registry.npmjs.org/lodash 100ms (cache miss)
139 http fetch GET 200 https://registry.npmjs.org/ms 328ms (cache miss)
140 timing idealTree:node_modules/http-server/node_modules/portfinder Completed in 336ms
141 silly placeDep node_modules/http-server lodash@4.17.21 OK for: async@2.6.4 want: ^4.17.14
142 timing idealTree:node_modules/http-server/node_modules/async Completed in 2ms
143 silly placeDep node_modules/http-server ms@2.1.3 OK for: debug@3.2.7 want: ^2.1.1
144 timing idealTree:node_modules/http-server/node_modules/debug Completed in 2ms
145 timing idealTree:node_modules/http-server/node_modules/lodash Completed in 0ms
146 timing idealTree:node_modules/http-server/node_modules/mkdirp Completed in 0ms
147 timing idealTree:node_modules/http-server/node_modules/ms Completed in 0ms
148 timing idealTree:node_modules/http-server/node_modules/requires-port Completed in 0ms
149 timing idealTree:node_modules/http-server/node_modules/safe-buffer Completed in 0ms
150 timing idealTree:node_modules/http-server/node_modules/secure-compare Completed in 0ms
151 silly placeDep node_modules/http-server has-flag@4.0.0 OK for: supports-color@7.2.0 want: ^4.0.0
152 timing idealTree:node_modules/http-server/node_modules/supports-color Completed in 3ms
153 timing idealTree:node_modules/http-server/node_modules/has-flag Completed in 0ms
154 silly placeDep node_modules/http-server qs@6.12.1 OK for: union@0.5.0 want: ^6.4.0
155 silly fetch manifest side-channel@^1.0.6
156 http fetch GET 200 https://registry.npmjs.org/side-channel 363ms (cache miss)
157 timing idealTree:node_modules/http-server/node_modules/union Completed in 367ms
158 silly placeDep node_modules/http-server side-channel@1.0.6 OK for: qs@6.12.1 want: ^1.0.6
159 silly fetch manifest call-bind@^1.0.7
160 silly fetch manifest es-errors@^1.3.0
161 silly fetch manifest get-intrinsic@^1.2.4
162 http fetch GET 200 https://registry.npmjs.org/call-bind 87ms (cache miss)
163 silly fetch manifest object-inspect@^1.13.1
164 http fetch GET 200 https://registry.npmjs.org/es-errors 106ms (cache miss)
165 http fetch GET 200 https://registry.npmjs.org/get-intrinsic 119ms (cache miss)
166 http fetch GET 200 https://registry.npmjs.org/object-inspect 822ms (cache miss)
167 timing idealTree:node_modules/http-server/node_modules/qs Completed in 921ms
168 silly placeDep node_modules/http-server call-bind@1.0.7 OK for: side-channel@1.0.6 want: ^1.0.7
169 silly placeDep node_modules/http-server es-errors@1.3.0 OK for: side-channel@1.0.6 want: ^1.3.0
170 silly placeDep node_modules/http-server get-intrinsic@1.2.4 OK for: side-channel@1.0.6 want: ^1.2.4
171 silly placeDep node_modules/http-server object-inspect@1.13.1 OK for: side-channel@1.0.6 want: ^1.13.1
172 silly fetch manifest es-define-property@^1.0.0
173 silly fetch manifest function-bind@^1.1.2
174 silly fetch manifest set-function-length@^1.2.1
175 http fetch GET 200 https://registry.npmjs.org/es-define-property 95ms (cache miss)
176 http fetch GET 200 https://registry.npmjs.org/function-bind 96ms (cache miss)
177 silly fetch manifest has-proto@^1.0.1
178 silly fetch manifest has-symbols@^1.0.3
179 http fetch GET 200 https://registry.npmjs.org/set-function-length 102ms (cache miss)
180 silly fetch manifest hasown@^2.0.0
181 http fetch GET 200 https://registry.npmjs.org/has-proto 83ms (cache miss)
182 http fetch GET 200 https://registry.npmjs.org/has-symbols 83ms (cache miss)
183 http fetch GET 200 https://registry.npmjs.org/hasown 78ms (cache miss)
184 timing idealTree:node_modules/http-server/node_modules/side-channel Completed in 199ms
185 silly placeDep node_modules/http-server es-define-property@1.0.0 OK for: call-bind@1.0.7 want: ^1.0.0
186 silly placeDep node_modules/http-server function-bind@1.1.2 OK for: call-bind@1.0.7 want: ^1.1.2
187 silly placeDep node_modules/http-server set-function-length@1.2.2 OK for: call-bind@1.0.7 want: ^1.2.1
188 silly fetch manifest define-data-property@^1.1.4
189 silly fetch manifest gopd@^1.0.1
190 silly fetch manifest has-property-descriptors@^1.0.2
191 http fetch GET 200 https://registry.npmjs.org/define-data-property 66ms (cache miss)
192 http fetch GET 200 https://registry.npmjs.org/has-property-descriptors 79ms (cache miss)
193 http fetch GET 200 https://registry.npmjs.org/gopd 81ms (cache miss)
194 timing idealTree:node_modules/http-server/node_modules/call-bind Completed in 84ms
195 timing idealTree:node_modules/http-server/node_modules/es-define-property Completed in 0ms
196 timing idealTree:node_modules/http-server/node_modules/es-errors Completed in 0ms
197 timing idealTree:node_modules/http-server/node_modules/function-bind Completed in 0ms
198 silly placeDep node_modules/http-server has-proto@1.0.3 OK for: get-intrinsic@1.2.4 want: ^1.0.1
199 silly placeDep node_modules/http-server has-symbols@1.0.3 OK for: get-intrinsic@1.2.4 want: ^1.0.3
200 silly placeDep node_modules/http-server hasown@2.0.2 OK for: get-intrinsic@1.2.4 want: ^2.0.0
201 timing idealTree:node_modules/http-server/node_modules/get-intrinsic Completed in 3ms
202 timing idealTree:node_modules/http-server/node_modules/has-proto Completed in 0ms
203 timing idealTree:node_modules/http-server/node_modules/has-symbols Completed in 0ms
204 timing idealTree:node_modules/http-server/node_modules/hasown Completed in 0ms
205 timing idealTree:node_modules/http-server/node_modules/object-inspect Completed in 0ms
206 silly placeDep node_modules/http-server define-data-property@1.1.4 OK for: set-function-length@1.2.2 want: ^1.1.4
207 silly placeDep node_modules/http-server gopd@1.0.1 OK for: set-function-length@1.2.2 want: ^1.0.1
208 silly placeDep node_modules/http-server has-property-descriptors@1.0.2 OK for: set-function-length@1.2.2 want: ^1.0.2
209 timing idealTree:node_modules/http-server/node_modules/set-function-length Completed in 3ms
210 timing idealTree:node_modules/http-server/node_modules/define-data-property Completed in 0ms
211 timing idealTree:node_modules/http-server/node_modules/gopd Completed in 0ms
212 timing idealTree:node_modules/http-server/node_modules/has-property-descriptors Completed in 0ms
213 timing idealTree:node_modules/http-server/node_modules/url-join Completed in 0ms
214 silly placeDep node_modules/http-server iconv-lite@0.6.3 OK for: whatwg-encoding@2.0.0 want: 0.6.3
215 silly fetch manifest safer-buffer@>= 2.1.2 < 3.0.0
216 http fetch GET 200 https://registry.npmjs.org/safer-buffer 60ms (cache miss)
217 timing idealTree:node_modules/http-server/node_modules/whatwg-encoding Completed in 64ms
218 silly placeDep node_modules/http-server safer-buffer@2.1.2 OK for: iconv-lite@0.6.3 want: >= 2.1.2 < 3.0.0
219 timing idealTree:node_modules/http-server/node_modules/iconv-lite Completed in 1ms
220 timing idealTree:node_modules/http-server/node_modules/safer-buffer Completed in 0ms
221 timing idealTree:buildDeps Completed in 7742ms
222 timing idealTree:fixDepFlags Completed in 1ms
223 timing idealTree Completed in 7755ms
224 timing reify:loadTrees Completed in 7757ms
225 timing reify:diffTrees Completed in 1ms
226 silly reify moves {}
227 timing reify:retireShallow Completed in 1ms
228 timing reify:createSparse Completed in 16ms
229 timing reify:loadBundles Completed in 0ms
230 silly tarball no local data for http-server@https://registry.npmjs.org/http-server/-/http-server-14.1.1.tgz. Extracting by manifest.
231 silly tarball no local data for iconv-lite@https://registry.npmjs.org/iconv-lite/-/iconv-lite-0.6.3.tgz. Extracting by manifest.
232 silly tarball no local data for has-property-descriptors@https://registry.npmjs.org/has-property-descriptors/-/has-property-descriptors-1.0.2.tgz. Extracting by manifest.
233 silly tarball no local data for gopd@https://registry.npmjs.org/gopd/-/gopd-1.0.1.tgz. Extracting by manifest.
234 silly tarball no local data for define-data-property@https://registry.npmjs.org/define-data-property/-/define-data-property-1.1.4.tgz. Extracting by manifest.
235 silly tarball no local data for hasown@https://registry.npmjs.org/hasown/-/hasown-2.0.2.tgz. Extracting by manifest.
236 silly tarball no local data for has-symbols@https://registry.npmjs.org/has-symbols/-/has-symbols-1.0.3.tgz. Extracting by manifest.
237 silly tarball no local data for has-proto@https://registry.npmjs.org/has-proto/-/has-proto-1.0.3.tgz. Extracting by manifest.
238 silly tarball no local data for safer-buffer@https://registry.npmjs.org/safer-buffer/-/safer-buffer-2.1.2.tgz. Extracting by manifest.
239 silly tarball no local data for set-function-length@https://registry.npmjs.org/set-function-length/-/set-function-length-1.2.2.tgz. Extracting by manifest.
240 silly tarball no local data for es-define-property@https://registry.npmjs.org/es-define-property/-/es-define-property-1.0.0.tgz. Extracting by manifest.
241 silly tarball no local data for object-inspect@https://registry.npmjs.org/object-inspect/-/object-inspect-1.13.1.tgz. Extracting by manifest.
242 silly tarball no local data for get-intrinsic@https://registry.npmjs.org/get-intrinsic/-/get-intrinsic-1.2.4.tgz. Extracting by manifest.
243 silly tarball no local data for function-bind@https://registry.npmjs.org/function-bind/-/function-bind-1.1.2.tgz. Extracting by manifest.
244 silly tarball no local data for es-errors@https://registry.npmjs.org/es-errors/-/es-errors-1.3.0.tgz. Extracting by manifest.
245 silly tarball no local data for call-bind@https://registry.npmjs.org/call-bind/-/call-bind-1.0.7.tgz. Extracting by manifest.
246 silly tarball no local data for qs@https://registry.npmjs.org/qs/-/qs-6.12.1.tgz. Extracting by manifest.
247 silly tarball no local data for has-flag@https://registry.npmjs.org/has-flag/-/has-flag-4.0.0.tgz. Extracting by manifest.
248 silly tarball no local data for ms@https://registry.npmjs.org/ms/-/ms-2.1.3.tgz. Extracting by manifest.
249 silly tarball no local data for lodash@https://registry.npmjs.org/lodash/-/lodash-4.17.21.tgz. Extracting by manifest.
250 silly tarball no local data for side-channel@https://registry.npmjs.org/side-channel/-/side-channel-1.0.6.tgz. Extracting by manifest.
251 silly tarball no local data for mkdirp@https://registry.npmjs.org/mkdirp/-/mkdirp-0.5.6.tgz. Extracting by manifest.
252 silly tarball no local data for debug@https://registry.npmjs.org/debug/-/debug-3.2.7.tgz. Extracting by manifest.
253 silly tarball no local data for async@https://registry.npmjs.org/async/-/async-2.6.4.tgz. Extracting by manifest.
254 silly tarball no local data for follow-redirects@https://registry.npmjs.org/follow-redirects/-/follow-redirects-1.15.6.tgz. Extracting by manifest.
255 silly tarball no local data for eventemitter3@https://registry.npmjs.org/eventemitter3/-/eventemitter3-4.0.7.tgz. Extracting by manifest.
256 silly tarball no local data for whatwg-encoding@https://registry.npmjs.org/whatwg-encoding/-/whatwg-encoding-2.0.0.tgz. Extracting by manifest.
257 silly tarball no local data for color-name@https://registry.npmjs.org/color-name/-/color-name-1.1.4.tgz. Extracting by manifest.
258 silly tarball no local data for color-convert@https://registry.npmjs.org/color-convert/-/color-convert-2.0.1.tgz. Extracting by manifest.
259 silly tarball no local data for supports-color@https://registry.npmjs.org/supports-color/-/supports-color-7.2.0.tgz. Extracting by manifest.
260 silly tarball no local data for ansi-styles@https://registry.npmjs.org/ansi-styles/-/ansi-styles-4.3.0.tgz. Extracting by manifest.
261 silly tarball no local data for safe-buffer@https://registry.npmjs.org/safe-buffer/-/safe-buffer-5.1.2.tgz. Extracting by manifest.
262 silly tarball no local data for url-join@https://registry.npmjs.org/url-join/-/url-join-4.0.1.tgz. Extracting by manifest.
263 silly tarball no local data for union@https://registry.npmjs.org/union/-/union-0.5.0.tgz. Extracting by manifest.
264 silly tarball no local data for secure-compare@https://registry.npmjs.org/secure-compare/-/secure-compare-3.0.1.tgz. Extracting by manifest.
265 silly tarball no local data for requires-port@https://registry.npmjs.org/requires-port/-/requires-port-1.0.0.tgz. Extracting by manifest.
266 silly tarball no local data for opener@https://registry.npmjs.org/opener/-/opener-1.5.2.tgz. Extracting by manifest.
267 silly tarball no local data for portfinder@https://registry.npmjs.org/portfinder/-/portfinder-1.0.32.tgz. Extracting by manifest.
268 silly tarball no local data for minimist@https://registry.npmjs.org/minimist/-/minimist-1.2.8.tgz. Extracting by manifest.
269 silly tarball no local data for mime@https://registry.npmjs.org/mime/-/mime-1.6.0.tgz. Extracting by manifest.
270 silly tarball no local data for http-proxy@https://registry.npmjs.org/http-proxy/-/http-proxy-1.18.1.tgz. Extracting by manifest.
271 silly tarball no local data for corser@https://registry.npmjs.org/corser/-/corser-2.0.1.tgz. Extracting by manifest.
272 silly tarball no local data for html-encoding-sniffer@https://registry.npmjs.org/html-encoding-sniffer/-/html-encoding-sniffer-3.0.0.tgz. Extracting by manifest.
273 silly tarball no local data for basic-auth@https://registry.npmjs.org/basic-auth/-/basic-auth-2.0.1.tgz. Extracting by manifest.
274 silly tarball no local data for chalk@https://registry.npmjs.org/chalk/-/chalk-4.1.2.tgz. Extracting by manifest.
275 silly tarball no local data for he@https://registry.npmjs.org/he/-/he-1.2.0.tgz. Extracting by manifest.
276 http fetch GET 200 https://registry.npmjs.org/has-property-descriptors/-/has-property-descriptors-1.0.2.tgz 179ms (cache miss)
277 timing reifyNode:node_modules/http-server/node_modules/has-property-descriptors Completed in 208ms
278 http fetch GET 200 https://registry.npmjs.org/http-server/-/http-server-14.1.1.tgz 256ms (cache miss)
279 timing reifyNode:node_modules/http-server Completed in 276ms
280 http fetch GET 200 https://registry.npmjs.org/iconv-lite/-/iconv-lite-0.6.3.tgz 465ms (cache miss)
281 http fetch GET 200 https://registry.npmjs.org/hasown/-/hasown-2.0.2.tgz 484ms (cache miss)
282 timing reifyNode:node_modules/http-server/node_modules/hasown Completed in 509ms
283 timing reifyNode:node_modules/http-server/node_modules/iconv-lite Completed in 529ms
284 http fetch GET 200 https://registry.npmjs.org/gopd/-/gopd-1.0.1.tgz 540ms (cache miss)
285 timing reifyNode:node_modules/http-server/node_modules/gopd Completed in 562ms
286 http fetch GET 200 https://registry.npmjs.org/set-function-length/-/set-function-length-1.2.2.tgz 550ms (cache miss)
287 timing reifyNode:node_modules/http-server/node_modules/set-function-length Completed in 579ms
288 http fetch GET 200 https://registry.npmjs.org/supports-color/-/supports-color-7.2.0.tgz 544ms (cache miss)
289 timing reifyNode:node_modules/http-server/node_modules/supports-color Completed in 591ms
290 http fetch GET 200 https://registry.npmjs.org/color-name/-/color-name-1.1.4.tgz 548ms (cache miss)
291 timing reifyNode:node_modules/http-server/node_modules/color-name Completed in 593ms
292 http fetch GET 200 https://registry.npmjs.org/mkdirp/-/mkdirp-0.5.6.tgz 555ms (cache miss)
293 timing reifyNode:node_modules/http-server/node_modules/mkdirp Completed in 600ms
294 http fetch GET 200 https://registry.npmjs.org/secure-compare/-/secure-compare-3.0.1.tgz 550ms (cache miss)
295 timing reifyNode:node_modules/http-server/node_modules/secure-compare Completed in 600ms
296 http fetch GET 200 https://registry.npmjs.org/ansi-styles/-/ansi-styles-4.3.0.tgz 555ms (cache miss)
297 timing reifyNode:node_modules/http-server/node_modules/ansi-styles Completed in 604ms
298 http fetch GET 200 https://registry.npmjs.org/ms/-/ms-2.1.3.tgz 568ms (cache miss)
299 timing reifyNode:node_modules/http-server/node_modules/ms Completed in 607ms
300 http fetch GET 200 https://registry.npmjs.org/corser/-/corser-2.0.1.tgz 552ms (cache miss)
301 timing reifyNode:node_modules/http-server/node_modules/corser Completed in 608ms
302 http fetch GET 200 https://registry.npmjs.org/has-proto/-/has-proto-1.0.3.tgz 584ms (cache miss)
303 timing reifyNode:node_modules/http-server/node_modules/has-proto Completed in 611ms
304 http fetch GET 200 https://registry.npmjs.org/es-define-property/-/es-define-property-1.0.0.tgz 586ms (cache miss)
305 timing reifyNode:node_modules/http-server/node_modules/es-define-property Completed in 619ms
306 http fetch GET 200 https://registry.npmjs.org/url-join/-/url-join-4.0.1.tgz 569ms (cache miss)
307 timing reifyNode:node_modules/http-server/node_modules/url-join Completed in 618ms
308 http fetch GET 200 https://registry.npmjs.org/basic-auth/-/basic-auth-2.0.1.tgz 568ms (cache miss)
309 timing reifyNode:node_modules/http-server/node_modules/basic-auth Completed in 624ms
310 http fetch GET 200 https://registry.npmjs.org/opener/-/opener-1.5.2.tgz 573ms (cache miss)
311 timing reifyNode:node_modules/http-server/node_modules/opener Completed in 625ms
312 http fetch GET 200 https://registry.npmjs.org/has-flag/-/has-flag-4.0.0.tgz 589ms (cache miss)
313 timing reifyNode:node_modules/http-server/node_modules/has-flag Completed in 627ms
314 http fetch GET 200 https://registry.npmjs.org/html-encoding-sniffer/-/html-encoding-sniffer-3.0.0.tgz 571ms (cache miss)
315 timing reifyNode:node_modules/http-server/node_modules/html-encoding-sniffer Completed in 627ms
316 http fetch GET 200 https://registry.npmjs.org/requires-port/-/requires-port-1.0.0.tgz 581ms (cache miss)
317 timing reifyNode:node_modules/http-server/node_modules/requires-port Completed in 632ms
318 http fetch GET 200 https://registry.npmjs.org/color-convert/-/color-convert-2.0.1.tgz 586ms (cache miss)
319 timing reifyNode:node_modules/http-server/node_modules/color-convert Completed in 632ms
320 http fetch GET 200 https://registry.npmjs.org/whatwg-encoding/-/whatwg-encoding-2.0.0.tgz 592ms (cache miss)
321 timing reifyNode:node_modules/http-server/node_modules/whatwg-encoding Completed in 637ms
322 http fetch GET 200 https://registry.npmjs.org/safer-buffer/-/safer-buffer-2.1.2.tgz 611ms (cache miss)
323 timing reifyNode:node_modules/http-server/node_modules/safer-buffer Completed in 638ms
324 http fetch GET 200 https://registry.npmjs.org/follow-redirects/-/follow-redirects-1.15.6.tgz 597ms (cache miss)
325 timing reifyNode:node_modules/http-server/node_modules/follow-redirects Completed in 638ms
326 http fetch GET 200 https://registry.npmjs.org/define-data-property/-/define-data-property-1.1.4.tgz 620ms (cache miss)
327 timing reifyNode:node_modules/http-server/node_modules/define-data-property Completed in 641ms
328 http fetch GET 200 https://registry.npmjs.org/portfinder/-/portfinder-1.0.32.tgz 589ms (cache miss)
329 timing reifyNode:node_modules/http-server/node_modules/portfinder Completed in 641ms
330 http fetch GET 200 https://registry.npmjs.org/es-errors/-/es-errors-1.3.0.tgz 607ms (cache miss)
331 timing reifyNode:node_modules/http-server/node_modules/es-errors Completed in 643ms
332 http fetch GET 200 https://registry.npmjs.org/eventemitter3/-/eventemitter3-4.0.7.tgz 599ms (cache miss)
333 timing reifyNode:node_modules/http-server/node_modules/eventemitter3 Completed in 643ms
334 http fetch GET 200 https://registry.npmjs.org/safe-buffer/-/safe-buffer-5.1.2.tgz 598ms (cache miss)
335 timing reifyNode:node_modules/http-server/node_modules/safe-buffer Completed in 646ms
336 http fetch GET 200 https://registry.npmjs.org/function-bind/-/function-bind-1.1.2.tgz 621ms (cache miss)
337 timing reifyNode:node_modules/http-server/node_modules/function-bind Completed in 657ms
338 http fetch GET 200 https://registry.npmjs.org/has-symbols/-/has-symbols-1.0.3.tgz 631ms (cache miss)
339 timing reifyNode:node_modules/http-server/node_modules/has-symbols Completed in 657ms
340 http fetch GET 200 https://registry.npmjs.org/get-intrinsic/-/get-intrinsic-1.2.4.tgz 627ms (cache miss)
341 timing reifyNode:node_modules/http-server/node_modules/get-intrinsic Completed in 658ms
342 http fetch GET 200 https://registry.npmjs.org/call-bind/-/call-bind-1.0.7.tgz 621ms (cache miss)
343 timing reifyNode:node_modules/http-server/node_modules/call-bind Completed in 658ms
344 http fetch GET 200 https://registry.npmjs.org/chalk/-/chalk-4.1.2.tgz 602ms (cache miss)
345 timing reifyNode:node_modules/http-server/node_modules/chalk Completed in 658ms
346 http fetch GET 200 https://registry.npmjs.org/side-channel/-/side-channel-1.0.6.tgz 623ms (cache miss)
347 timing reifyNode:node_modules/http-server/node_modules/side-channel Completed in 663ms
348 http fetch GET 200 https://registry.npmjs.org/debug/-/debug-3.2.7.tgz 629ms (cache miss)
349 timing reifyNode:node_modules/http-server/node_modules/debug Completed in 670ms
350 http fetch GET 200 https://registry.npmjs.org/mime/-/mime-1.6.0.tgz 619ms (cache miss)
351 timing reifyNode:node_modules/http-server/node_modules/mime Completed in 672ms
352 http fetch GET 200 https://registry.npmjs.org/he/-/he-1.2.0.tgz 625ms (cache miss)
353 timing reifyNode:node_modules/http-server/node_modules/he Completed in 682ms
354 http fetch GET 200 https://registry.npmjs.org/minimist/-/minimist-1.2.8.tgz 635ms (cache miss)
355 timing reifyNode:node_modules/http-server/node_modules/minimist Completed in 688ms
356 http fetch GET 200 https://registry.npmjs.org/object-inspect/-/object-inspect-1.13.1.tgz 675ms (cache miss)
357 timing reifyNode:node_modules/http-server/node_modules/object-inspect Completed in 705ms
358 http fetch GET 200 https://registry.npmjs.org/union/-/union-0.5.0.tgz 666ms (cache miss)
359 http fetch GET 200 https://registry.npmjs.org/http-proxy/-/http-proxy-1.18.1.tgz 664ms (cache miss)
360 timing reifyNode:node_modules/http-server/node_modules/http-proxy Completed in 718ms
361 timing reifyNode:node_modules/http-server/node_modules/union Completed in 719ms
362 http fetch GET 200 https://registry.npmjs.org/qs/-/qs-6.12.1.tgz 683ms (cache miss)
363 timing reifyNode:node_modules/http-server/node_modules/qs Completed in 721ms
364 http fetch GET 200 https://registry.npmjs.org/async/-/async-2.6.4.tgz 739ms (cache miss)
365 timing reifyNode:node_modules/http-server/node_modules/async Completed in 780ms
366 http fetch GET 200 https://registry.npmjs.org/lodash/-/lodash-4.17.21.tgz 931ms (cache miss)
367 timing reifyNode:node_modules/http-server/node_modules/lodash Completed in 971ms
368 timing reify:unpack Completed in 972ms
369 timing reify:unretire Completed in 0ms
370 timing build:queue Completed in 3ms
371 timing build:link:node_modules/http-server/node_modules/he Completed in 2ms
372 timing build:link:node_modules/http-server Completed in 3ms
373 timing build:link:node_modules/http-server/node_modules/mime Completed in 2ms
374 timing build:link:node_modules/http-server/node_modules/opener Completed in 2ms
375 timing build:link:node_modules/http-server/node_modules/mkdirp Completed in 2ms
376 timing build:link Completed in 3ms
377 timing build:deps Completed in 6ms
378 timing build Completed in 6ms
379 timing reify:build Completed in 7ms
380 timing reify:trash Completed in 0ms
381 timing reify Completed in 8768ms
382 silly ADD node_modules/http-server
383 silly ADD node_modules/http-server/node_modules/safer-buffer
384 silly ADD node_modules/http-server/node_modules/iconv-lite
385 silly ADD node_modules/http-server/node_modules/has-property-descriptors
386 silly ADD node_modules/http-server/node_modules/gopd
387 silly ADD node_modules/http-server/node_modules/define-data-property
388 silly ADD node_modules/http-server/node_modules/hasown
389 silly ADD node_modules/http-server/node_modules/has-symbols
390 silly ADD node_modules/http-server/node_modules/has-proto
391 silly ADD node_modules/http-server/node_modules/set-function-length
392 silly ADD node_modules/http-server/node_modules/function-bind
393 silly ADD node_modules/http-server/node_modules/es-define-property
394 silly ADD node_modules/http-server/node_modules/object-inspect
395 silly ADD node_modules/http-server/node_modules/get-intrinsic
396 silly ADD node_modules/http-server/node_modules/es-errors
397 silly ADD node_modules/http-server/node_modules/call-bind
398 silly ADD node_modules/http-server/node_modules/side-channel
399 silly ADD node_modules/http-server/node_modules/qs
400 silly ADD node_modules/http-server/node_modules/has-flag
401 silly ADD node_modules/http-server/node_modules/ms
402 silly ADD node_modules/http-server/node_modules/lodash
403 silly ADD node_modules/http-server/node_modules/mkdirp
404 silly ADD node_modules/http-server/node_modules/debug
405 silly ADD node_modules/http-server/node_modules/async
406 silly ADD node_modules/http-server/node_modules/requires-port
407 silly ADD node_modules/http-server/node_modules/follow-redirects
408 silly ADD node_modules/http-server/node_modules/eventemitter3
409 silly ADD node_modules/http-server/node_modules/whatwg-encoding
410 silly ADD node_modules/http-server/node_modules/color-name
411 silly ADD node_modules/http-server/node_modules/color-convert
412 silly ADD node_modules/http-server/node_modules/supports-color
413 silly ADD node_modules/http-server/node_modules/ansi-styles
414 silly ADD node_modules/http-server/node_modules/safe-buffer
415 silly ADD node_modules/http-server/node_modules/url-join
416 silly ADD node_modules/http-server/node_modules/union
417 silly ADD node_modules/http-server/node_modules/secure-compare
418 silly ADD node_modules/http-server/node_modules/portfinder
419 silly ADD node_modules/http-server/node_modules/opener
420 silly ADD node_modules/http-server/node_modules/minimist
421 silly ADD node_modules/http-server/node_modules/mime
422 silly ADD node_modules/http-server/node_modules/http-proxy
423 silly ADD node_modules/http-server/node_modules/html-encoding-sniffer
424 silly ADD node_modules/http-server/node_modules/he
425 silly ADD node_modules/http-server/node_modules/corser
426 silly ADD node_modules/http-server/node_modules/chalk
427 silly ADD node_modules/http-server/node_modules/basic-auth
428 timing command:i Completed in 8774ms
429 verbose exit 0
430 timing npm Completed in 8924ms
431 info ok
