0 verbose cli /home/triana/.local/share/fnm/node-versions/v20.12.1/installation/bin/node /run/user/1000/fnm_multishells/514_1715263470057/bin/npm
1 info using npm@10.5.0
2 info using node@v20.12.1
3 timing npm:load:whichnode Completed in 1ms
4 timing config:load:defaults Completed in 1ms
5 timing config:load:file:/home/triana/.local/share/fnm/node-versions/v20.12.1/installation/lib/node_modules/npm/npmrc Completed in 2ms
6 timing config:load:builtin Completed in 2ms
7 timing config:load:cli Completed in 2ms
8 timing config:load:env Completed in 0ms
9 timing config:load:file:/home/triana/.cache/typescript/5.4/.npmrc Completed in 0ms
10 timing config:load:project Completed in 9ms
11 timing config:load:file:/home/triana/.npmrc Completed in 0ms
12 timing config:load:user Completed in 0ms
13 timing config:load:file:/home/triana/.local/share/fnm/node-versions/v20.12.1/installation/etc/npmrc Completed in 1ms
14 timing config:load:global Completed in 1ms
15 timing config:load:setEnvs Completed in 1ms
16 timing config:load Completed in 16ms
17 timing npm:load:configload Completed in 16ms
18 timing config:load:flatten Completed in 1ms
19 timing npm:load:mkdirpcache Completed in 0ms
20 timing npm:load:mkdirplogs Completed in 1ms
21 verbose title npm install types-registry@latest
22 verbose argv "install" "--ignore-scripts" "types-registry@latest"
23 timing npm:load:setTitle Completed in 0ms
24 timing npm:load:display Completed in 1ms
25 verbose logfile logs-max:10 dir:/home/triana/.npm/_logs/2024-05-09T14_05_26_201Z-
26 verbose logfile /home/triana/.npm/_logs/2024-05-09T14_05_26_201Z-debug-0.log
27 timing npm:load:logFile Completed in 10ms
28 timing npm:load:timers Completed in 0ms
29 timing npm:load:configScope Completed in 0ms
30 timing npm:load Completed in 45ms
31 timing arborist:ctor Completed in 0ms
32 silly logfile done cleaning log files
33 timing idealTree:init Completed in 16ms
34 timing arborist:ctor Completed in 1ms
35 http fetch GET 200 https://registry.npmjs.org/types-registry 279ms (cache revalidated)
36 timing idealTree:userRequests Completed in 291ms
37 silly idealTree buildDeps
38 silly fetch manifest types-registry@0.1.684
39 silly placeDep ROOT types-registry@0.1.684 REPLACE for:  want: 0.1.684
40 timing idealTree:#root Completed in 4ms
41 timing idealTree:node_modules/types-registry Completed in 0ms
42 timing idealTree:buildDeps Completed in 5ms
43 timing idealTree:fixDepFlags Completed in 1ms
44 timing idealTree Completed in 314ms
45 timing reify:loadTrees Completed in 315ms
46 timing reify:diffTrees Completed in 1ms
47 silly reify moves {}
48 timing reify:retireShallow Completed in 1ms
49 timing reify:createSparse Completed in 0ms
50 timing reify:loadBundles Completed in 0ms
51 silly audit bulk request { 'types-registry': [ '0.1.684' ] }
52 timing reify:unpack Completed in 0ms
53 timing reify:unretire Completed in 0ms
54 timing build:queue Completed in 0ms
55 timing build:deps Completed in 0ms
56 timing build Completed in 0ms
57 timing reify:build Completed in 0ms
58 timing reify:trash Completed in 0ms
59 timing reify:save Completed in 3ms
60 http fetch POST 200 https://registry.npmjs.org/-/npm/v1/security/advisories/bulk 275ms
61 timing auditReport:getReport Completed in 277ms
62 silly audit report {}
63 timing auditReport:init Completed in 0ms
64 timing reify:audit Completed in 279ms
65 timing reify Completed in 601ms
66 timing command:install Completed in 616ms
67 verbose exit 0
68 timing npm Completed in 1035ms
69 info ok
