0 verbose cli /home/triana/.local/share/fnm/node-versions/v20.12.1/installation/bin/node /run/user/1000/fnm_multishells/511_1715101312676/bin/npm
1 info using npm@10.5.0
2 info using node@v20.12.1
3 timing npm:load:whichnode Completed in 2ms
4 timing config:load:defaults Completed in 1ms
5 timing config:load:file:/home/triana/.local/share/fnm/node-versions/v20.12.1/installation/lib/node_modules/npm/npmrc Completed in 1ms
6 timing config:load:builtin Completed in 1ms
7 timing config:load:cli Completed in 2ms
8 timing config:load:env Completed in 1ms
9 timing config:load:file:/home/triana/.cache/typescript/5.4/.npmrc Completed in 0ms
10 timing config:load:project Completed in 4ms
11 timing config:load:file:/home/triana/.npmrc Completed in 0ms
12 timing config:load:user Completed in 1ms
13 timing config:load:file:/home/triana/.local/share/fnm/node-versions/v20.12.1/installation/etc/npmrc Completed in 0ms
14 timing config:load:global Completed in 0ms
15 timing config:load:setEnvs Completed in 1ms
16 timing config:load Completed in 12ms
17 timing npm:load:configload Completed in 12ms
18 timing config:load:flatten Completed in 2ms
19 timing npm:load:mkdirpcache Completed in 1ms
20 timing npm:load:mkdirplogs Completed in 0ms
21 verbose title npm install types-registry@latest
22 verbose argv "install" "--ignore-scripts" "types-registry@latest"
23 timing npm:load:setTitle Completed in 1ms
24 timing npm:load:display Completed in 0ms
25 verbose logfile logs-max:10 dir:/home/triana/.npm/_logs/2024-05-07T17_34_00_695Z-
26 verbose logfile /home/triana/.npm/_logs/2024-05-07T17_34_00_695Z-debug-0.log
27 timing npm:load:logFile Completed in 8ms
28 timing npm:load:timers Completed in 0ms
29 timing npm:load:configScope Completed in 0ms
30 timing npm:load Completed in 38ms
31 timing arborist:ctor Completed in 1ms
32 silly logfile done cleaning log files
33 timing arborist:ctor Completed in 0ms
34 timing idealTree:init Completed in 11ms
35 http fetch GET 200 https://registry.npmjs.org/npm 388ms
36 http fetch GET 200 https://registry.npmjs.org/types-registry 355ms (cache miss)
37 timing idealTree:userRequests Completed in 362ms
38 silly idealTree buildDeps
39 silly fetch manifest types-registry@0.1.684
40 silly placeDep ROOT types-registry@0.1.684 OK for:  want: 0.1.684
41 timing idealTree:#root Completed in 4ms
42 timing idealTree:node_modules/types-registry Completed in 0ms
43 timing idealTree:buildDeps Completed in 5ms
44 timing idealTree:fixDepFlags Completed in 1ms
45 timing idealTree Completed in 379ms
46 timing reify:loadTrees Completed in 380ms
47 timing reify:diffTrees Completed in 0ms
48 silly reify moves {}
49 timing reify:retireShallow Completed in 1ms
50 timing reify:createSparse Completed in 3ms
51 timing reify:loadBundles Completed in 0ms
52 silly audit bulk request { 'types-registry': [ '0.1.684' ] }
53 silly tarball no local data for types-registry@https://registry.npmjs.org/types-registry/-/types-registry-0.1.684.tgz. Extracting by manifest.
54 http fetch GET 200 https://registry.npmjs.org/types-registry/-/types-registry-0.1.684.tgz 159ms (cache miss)
55 timing reifyNode:node_modules/types-registry Completed in 165ms
56 timing reify:unpack Completed in 165ms
57 timing reify:unretire Completed in 0ms
58 timing build:queue Completed in 0ms
59 timing build:deps Completed in 0ms
60 timing build Completed in 1ms
61 timing reify:build Completed in 1ms
62 timing reify:trash Completed in 0ms
63 timing reify:save Completed in 4ms
64 http fetch POST 200 https://registry.npmjs.org/-/npm/v1/security/advisories/bulk 263ms
65 timing auditReport:getReport Completed in 265ms
66 silly audit report {}
67 timing auditReport:init Completed in 0ms
68 timing reify:audit Completed in 266ms
69 timing reify Completed in 721ms
70 silly ADD node_modules/types-registry
71 timing command:install Completed in 726ms
72 notice
72 notice New minor version of npm available! 10.5.0 -> 10.7.0
72 notice Changelog: <https://github.com/npm/cli/releases/tag/v10.7.0>
72 notice Run `npm install -g npm@10.7.0` to update!
72 notice
73 verbose exit 0
74 timing npm Completed in 1161ms
75 info ok
