2024-05-10 01:00:15.754 [info] Nivel de registro: Info
2024-05-10 01:00:15.754 [info] La validación encontró GIT en: “git“
2024-05-10 01:00:15.754 [info] Usando GIT “2.34.1” desde “git”
2024-05-10 01:00:15.754 [info] > git rev-parse --show-toplevel [460ms]
2024-05-10 01:00:15.754 [info] > git rev-parse --git-dir --git-common-dir [253ms]
2024-05-10 01:00:15.754 [info] Open repository: /home/triana
2024-05-10 01:00:15.898 [info] > git rev-parse --show-toplevel [159ms]
2024-05-10 01:00:15.900 [info] > git config --get commit.template [181ms]
2024-05-10 01:00:16.031 [info] > git rev-parse --show-toplevel [116ms]
2024-05-10 01:00:16.078 [info] > git for-each-ref --format=%(refname)%00%(upstream:short)%00%(objectname)%00%(upstream:track)%00%(upstream:remotename)%00%(upstream:remoteref) refs/heads/main refs/remotes/main [49ms]
2024-05-10 01:00:16.084 [info] > git rev-parse --show-toplevel [11ms]
2024-05-10 01:00:16.128 [info] > git rev-parse --show-toplevel [31ms]
2024-05-10 01:00:16.197 [info] > git rev-parse --show-toplevel [30ms]
2024-05-10 01:00:16.218 [info] > git rev-parse --show-toplevel [1ms]
2024-05-10 01:00:16.280 [info] > git rev-parse --show-toplevel [51ms]
2024-05-10 01:00:16.347 [info] > git check-ignore -v -z --stdin [70ms]
2024-05-10 01:00:16.350 [info] > git rev-parse --show-toplevel [33ms]
2024-05-10 01:00:16.389 [info] > git rev-parse --show-toplevel [20ms]
2024-05-10 01:00:16.402 [info] > git rev-parse --git-dir --git-common-dir [2ms]
2024-05-10 01:00:16.426 [info] Open repository: /home/triana/astro-start
2024-05-10 01:00:16.506 [info] > git show --textconv :IntegrarTec/clase_DOM/form.html [34ms]
2024-05-10 01:00:16.506 [info] > git ls-files --stage -- /home/triana/IntegrarTec/clase_DOM/form.html [20ms]
2024-05-10 01:00:16.543 [info] > git config --get commit.template [37ms]
2024-05-10 01:00:16.558 [info] > git cat-file -s 23650a2f640a15c2acd2112edb222aa728306a45 [28ms]
2024-05-10 01:00:16.562 [info] > git for-each-ref --format=%(refname)%00%(upstream:short)%00%(objectname)%00%(upstream:track)%00%(upstream:remotename)%00%(upstream:remoteref) refs/heads/main refs/remotes/main [6ms]
2024-05-10 01:00:16.594 [info] > git status -z -uall [14ms]
2024-05-10 01:00:16.635 [info] > git merge-base refs/heads/main refs/remotes/origin/main [20ms]
2024-05-10 01:00:16.664 [info] > git config --get commit.template [30ms]
2024-05-10 01:00:16.758 [info] > git for-each-ref --format=%(refname)%00%(upstream:short)%00%(objectname)%00%(upstream:track)%00%(upstream:remotename)%00%(upstream:remoteref) refs/heads/main refs/remotes/main [15ms]
2024-05-10 01:00:16.758 [info] > git rev-list --count --left-right refs/heads/main...refs/remotes/origin/main [103ms]
2024-05-10 01:00:16.780 [info] > git diff --name-status -z --diff-filter=ADMR f57364107a723b27b08aa15408f391b0106fdf2c...refs/remotes/origin/main [1ms]
2024-05-10 01:00:16.844 [info] > git status -z -uall [1ms]
2024-05-10 01:00:17.082 [info] > git check-ignore -v -z --stdin [31ms]
2024-05-10 01:00:17.083 [info] > git check-ignore -v -z --stdin [10ms]
2024-05-10 01:00:17.205 [info] > git fetch [1550ms]
2024-05-10 01:00:17.237 [info] > git status -z -uall [1117ms] (cancelled)
2024-05-10 01:00:17.265 [info] > git config --get commit.template [29ms]
2024-05-10 01:00:17.266 [info] > git config --get commit.template [43ms]
2024-05-10 01:00:17.308 [info] > git for-each-ref --format=%(refname)%00%(upstream:short)%00%(objectname)%00%(upstream:track)%00%(upstream:remotename)%00%(upstream:remoteref) refs/heads/main refs/remotes/main [8ms]
2024-05-10 01:00:17.308 [info] > git for-each-ref --format=%(refname)%00%(upstream:short)%00%(objectname)%00%(upstream:track)%00%(upstream:remotename)%00%(upstream:remoteref) refs/heads/main refs/remotes/main [19ms]
2024-05-10 01:00:17.371 [info] > git fetch [946ms]
2024-05-10 01:00:17.404 [info] > git config --get commit.template [20ms]
2024-05-10 01:00:17.428 [info] > git for-each-ref --format=%(refname)%00%(upstream:short)%00%(objectname)%00%(upstream:track)%00%(upstream:remotename)%00%(upstream:remoteref) refs/heads/main refs/remotes/main [13ms]
2024-05-10 01:00:17.448 [info] > git status -z -uall [8ms]
2024-05-10 01:00:18.306 [info] > git status -z -uall [986ms] (cancelled)
2024-05-10 01:00:39.395 [info] > git merge-base refs/heads/main refs/remotes/origin/main [926ms]
2024-05-10 01:00:39.490 [info] > git rev-list --count --left-right refs/heads/main...refs/remotes/origin/main [83ms]
2024-05-10 01:00:39.596 [info] > git diff --name-status -z --diff-filter=ADMR f7f965fb5edec0cb8214360a4db5d3dcc0868488...refs/remotes/origin/main [34ms]
2024-05-10 01:03:06.290 [info] > git show --textconv :IntegrarTec/clase_DOM/form.js [8ms]
2024-05-10 01:03:06.291 [info] > git ls-files --stage -- /home/triana/IntegrarTec/clase_DOM/form.js [2ms]
2024-05-10 01:03:06.303 [info] > git cat-file -s 9709116e71272d41aab3b8a855ee76914960d92a [3ms]
2024-05-10 01:03:18.084 [info] > git fetch [753ms]
2024-05-10 01:03:18.093 [info] > git config --get commit.template [1ms]
2024-05-10 01:03:18.105 [info] > git for-each-ref --format=%(refname)%00%(upstream:short)%00%(objectname)%00%(upstream:track)%00%(upstream:remotename)%00%(upstream:remoteref) refs/heads/main refs/remotes/main [2ms]
2024-05-10 01:03:18.315 [info] > git status -z -uall [201ms] (cancelled)
2024-05-10 01:03:18.315 [info] > git fetch [860ms]
2024-05-10 01:03:19.091 [info] > git config --get commit.template [761ms]
2024-05-10 01:03:19.101 [info] > git for-each-ref --format=%(refname)%00%(upstream:short)%00%(objectname)%00%(upstream:track)%00%(upstream:remotename)%00%(upstream:remoteref) refs/heads/main refs/remotes/main [1ms]
2024-05-10 01:03:19.109 [info] > git status -z -uall [2ms]
2024-05-10 01:03:20.267 [info] > git ls-files --stage -- /home/triana/IntegrarTec/clase_DOM/form.js [2ms]
2024-05-10 01:03:20.275 [info] > git cat-file -s 9709116e71272d41aab3b8a855ee76914960d92a [1ms]
2024-05-10 01:03:20.287 [info] > git show --textconv :IntegrarTec/clase_DOM/form.js [1ms]
2024-05-10 01:03:40.657 [info] > git show --textconv :IntegrarTec/clase_DOM/form.html [7ms]
2024-05-10 01:03:40.658 [info] > git ls-files --stage -- /home/triana/IntegrarTec/clase_DOM/form.html [1ms]
2024-05-10 01:03:40.666 [info] > git cat-file -s 23650a2f640a15c2acd2112edb222aa728306a45 [1ms]
2024-05-10 01:04:27.229 [info] > git show --textconv :IntegrarTec/clase_DOM/form.js [8ms]
2024-05-10 01:04:27.229 [info] > git ls-files --stage -- /home/triana/IntegrarTec/clase_DOM/form.js [2ms]
2024-05-10 01:04:27.239 [info] > git cat-file -s 9709116e71272d41aab3b8a855ee76914960d92a [2ms]
2024-05-10 01:06:36.727 [info] > git fetch [770ms]
2024-05-10 01:06:36.729 [info] > git fetch [761ms]
2024-05-10 01:06:36.745 [info] > git config --get commit.template [7ms]
2024-05-10 01:06:36.747 [info] > git config --get commit.template [2ms]
2024-05-10 01:06:36.767 [info] > git for-each-ref --format=%(refname)%00%(upstream:short)%00%(objectname)%00%(upstream:track)%00%(upstream:remotename)%00%(upstream:remoteref) refs/heads/main refs/remotes/main [5ms]
2024-05-10 01:06:36.767 [info] > git for-each-ref --format=%(refname)%00%(upstream:short)%00%(objectname)%00%(upstream:track)%00%(upstream:remotename)%00%(upstream:remoteref) refs/heads/main refs/remotes/main [13ms]
2024-05-10 01:06:36.786 [info] > git status -z -uall [11ms]
2024-05-10 01:06:37.737 [info] > git status -z -uall [951ms] (cancelled)
2024-05-10 01:06:37.864 [info] > git config --get commit.template [1ms]
2024-05-10 01:06:37.873 [info] > git for-each-ref --format=%(refname)%00%(upstream:short)%00%(objectname)%00%(upstream:track)%00%(upstream:remotename)%00%(upstream:remoteref) refs/heads/main refs/remotes/main [2ms]
2024-05-10 01:06:37.882 [info] > git status -z -uall [1ms]
2024-05-10 01:06:37.968 [info] > git ls-files --stage -- /home/triana/IntegrarTec/clase_DOM/form.js [1ms]
2024-05-10 01:06:37.977 [info] > git cat-file -s 9709116e71272d41aab3b8a855ee76914960d92a [1ms]
2024-05-10 01:06:37.993 [info] > git show --textconv :IntegrarTec/clase_DOM/form.js [3ms]
2024-05-10 01:09:37.575 [info] > git fetch [776ms]
2024-05-10 01:09:37.585 [info] > git config --get commit.template [1ms]
2024-05-10 01:09:37.593 [info] > git for-each-ref --format=%(refname)%00%(upstream:short)%00%(objectname)%00%(upstream:track)%00%(upstream:remotename)%00%(upstream:remoteref) refs/heads/main refs/remotes/main [1ms]
2024-05-10 01:09:37.602 [info] > git status -z -uall [1ms]
2024-05-10 01:09:37.755 [info] > git fetch [732ms]
2024-05-10 01:09:37.770 [info] > git config --get commit.template [8ms]
2024-05-10 01:09:37.771 [info] > git for-each-ref --format=%(refname)%00%(upstream:short)%00%(objectname)%00%(upstream:track)%00%(upstream:remotename)%00%(upstream:remoteref) refs/heads/main refs/remotes/main [2ms]
2024-05-10 01:09:37.958 [info] > git status -z -uall [180ms] (cancelled)
2024-05-10 01:09:38.712 [info] > git config --get commit.template [1ms]
2024-05-10 01:09:38.722 [info] > git for-each-ref --format=%(refname)%00%(upstream:short)%00%(objectname)%00%(upstream:track)%00%(upstream:remotename)%00%(upstream:remoteref) refs/heads/main refs/remotes/main [1ms]
2024-05-10 01:09:38.731 [info] > git status -z -uall [2ms]
2024-05-10 01:09:39.073 [info] > git ls-files --stage -- /home/triana/IntegrarTec/clase_DOM/form.js [0ms]
2024-05-10 01:09:39.085 [info] > git cat-file -s 9709116e71272d41aab3b8a855ee76914960d92a [1ms]
2024-05-10 01:09:39.098 [info] > git show --textconv :IntegrarTec/clase_DOM/form.js [2ms]
2024-05-10 01:10:37.607 [info] > git show --textconv :IntegrarTec/clase_DOM/form.html [9ms]
2024-05-10 01:10:37.609 [info] > git ls-files --stage -- /home/triana/IntegrarTec/clase_DOM/form.html [2ms]
2024-05-10 01:10:37.618 [info] > git cat-file -s 23650a2f640a15c2acd2112edb222aa728306a45 [1ms]
2024-05-10 01:10:44.688 [info] > git show --textconv :IntegrarTec/clase_DOM/form.js [11ms]
2024-05-10 01:10:44.691 [info] > git ls-files --stage -- /home/triana/IntegrarTec/clase_DOM/form.js [5ms]
2024-05-10 01:10:44.701 [info] > git cat-file -s 9709116e71272d41aab3b8a855ee76914960d92a [1ms]
2024-05-10 01:12:38.389 [info] > git fetch [775ms]
2024-05-10 01:12:38.399 [info] > git config --get commit.template [1ms]
2024-05-10 01:12:38.408 [info] > git for-each-ref --format=%(refname)%00%(upstream:short)%00%(objectname)%00%(upstream:track)%00%(upstream:remotename)%00%(upstream:remoteref) refs/heads/main refs/remotes/main [1ms]
2024-05-10 01:12:38.419 [info] > git status -z -uall [1ms]
2024-05-10 01:12:38.762 [info] > git fetch [793ms]
2024-05-10 01:12:38.774 [info] > git config --get commit.template [1ms]
2024-05-10 01:12:38.782 [info] > git for-each-ref --format=%(refname)%00%(upstream:short)%00%(objectname)%00%(upstream:track)%00%(upstream:remotename)%00%(upstream:remoteref) refs/heads/main refs/remotes/main [1ms]
2024-05-10 01:12:38.996 [info] > git status -z -uall [203ms] (cancelled)
2024-05-10 01:12:39.838 [info] > git config --get commit.template [1ms]
2024-05-10 01:12:39.847 [info] > git for-each-ref --format=%(refname)%00%(upstream:short)%00%(objectname)%00%(upstream:track)%00%(upstream:remotename)%00%(upstream:remoteref) refs/heads/main refs/remotes/main [1ms]
2024-05-10 01:12:39.858 [info] > git status -z -uall [1ms]
2024-05-10 01:12:40.114 [info] > git ls-files --stage -- /home/triana/IntegrarTec/clase_DOM/form.js [1ms]
2024-05-10 01:12:40.127 [info] > git cat-file -s 9709116e71272d41aab3b8a855ee76914960d92a [2ms]
2024-05-10 01:12:40.151 [info] > git show --textconv :IntegrarTec/clase_DOM/form.js [3ms]
2024-05-10 01:15:39.206 [info] > git fetch [776ms]
2024-05-10 01:15:39.225 [info] > git config --get commit.template [9ms]
2024-05-10 01:15:39.226 [info] > git for-each-ref --format=%(refname)%00%(upstream:short)%00%(objectname)%00%(upstream:track)%00%(upstream:remotename)%00%(upstream:remoteref) refs/heads/main refs/remotes/main [1ms]
2024-05-10 01:15:39.234 [info] > git status -z -uall [1ms]
2024-05-10 01:15:39.735 [info] > git fetch [727ms]
2024-05-10 01:15:39.751 [info] > git config --get commit.template [8ms]
2024-05-10 01:15:39.751 [info] > git for-each-ref --format=%(refname)%00%(upstream:short)%00%(objectname)%00%(upstream:track)%00%(upstream:remotename)%00%(upstream:remoteref) refs/heads/main refs/remotes/main [1ms]
2024-05-10 01:15:39.924 [info] > git status -z -uall [165ms] (cancelled)
2024-05-10 01:15:40.600 [info] > git config --get commit.template [2ms]
2024-05-10 01:15:40.616 [info] > git for-each-ref --format=%(refname)%00%(upstream:short)%00%(objectname)%00%(upstream:track)%00%(upstream:remotename)%00%(upstream:remoteref) refs/heads/main refs/remotes/main [1ms]
2024-05-10 01:15:40.629 [info] > git status -z -uall [1ms]
2024-05-10 01:15:41.034 [info] > git ls-files --stage -- /home/triana/IntegrarTec/clase_DOM/form.js [1ms]
2024-05-10 01:15:41.045 [info] > git cat-file -s 9709116e71272d41aab3b8a855ee76914960d92a [2ms]
2024-05-10 01:15:41.109 [info] > git show --textconv :IntegrarTec/clase_DOM/form.js [1ms]
2024-05-10 01:18:40.001 [info] > git fetch [753ms]
2024-05-10 01:18:40.038 [info] > git config --get commit.template [22ms]
2024-05-10 01:18:40.040 [info] > git for-each-ref --format=%(refname)%00%(upstream:short)%00%(objectname)%00%(upstream:track)%00%(upstream:remotename)%00%(upstream:remoteref) refs/heads/main refs/remotes/main [9ms]
2024-05-10 01:18:40.051 [info] > git status -z -uall [1ms]
2024-05-10 01:18:40.653 [info] > git fetch [736ms]
2024-05-10 01:18:40.667 [info] > git config --get commit.template [5ms]
2024-05-10 01:18:40.678 [info] > git for-each-ref --format=%(refname)%00%(upstream:short)%00%(objectname)%00%(upstream:track)%00%(upstream:remotename)%00%(upstream:remoteref) refs/heads/main refs/remotes/main [1ms]
2024-05-10 01:18:40.873 [info] > git status -z -uall [188ms] (cancelled)
2024-05-10 01:18:41.515 [info] > git config --get commit.template [2ms]
2024-05-10 01:18:41.526 [info] > git for-each-ref --format=%(refname)%00%(upstream:short)%00%(objectname)%00%(upstream:track)%00%(upstream:remotename)%00%(upstream:remoteref) refs/heads/main refs/remotes/main [0ms]
2024-05-10 01:18:41.535 [info] > git status -z -uall [1ms]
2024-05-10 01:18:41.845 [info] > git ls-files --stage -- /home/triana/IntegrarTec/clase_DOM/form.js [5ms]
2024-05-10 01:18:41.855 [info] > git cat-file -s 9709116e71272d41aab3b8a855ee76914960d92a [2ms]
2024-05-10 01:18:41.916 [info] > git show --textconv :IntegrarTec/clase_DOM/form.js [2ms]
2024-05-10 01:19:47.847 [info] > git show --textconv :IntegrarTec/clase_DOM/form.html [12ms]
2024-05-10 01:19:47.848 [info] > git ls-files --stage -- /home/triana/IntegrarTec/clase_DOM/form.html [2ms]
2024-05-10 01:19:47.860 [info] > git cat-file -s 23650a2f640a15c2acd2112edb222aa728306a45 [2ms]
2024-05-10 01:19:57.048 [info] > git show --textconv :IntegrarTec/clase_DOM/form.js [8ms]
2024-05-10 01:19:57.050 [info] > git ls-files --stage -- /home/triana/IntegrarTec/clase_DOM/form.js [3ms]
2024-05-10 01:19:57.061 [info] > git cat-file -s 9709116e71272d41aab3b8a855ee76914960d92a [2ms]
2024-05-10 01:19:59.382 [info] > git show --textconv :IntegrarTec/clase_DOM/form.css [14ms]
2024-05-10 01:19:59.383 [info] > git ls-files --stage -- /home/triana/IntegrarTec/clase_DOM/form.css [2ms]
2024-05-10 01:19:59.395 [info] > git cat-file -s 89ad7ccc76756ef5cee4b9f155a340bae4fe7749 [0ms]
2024-05-10 01:20:52.269 [info] > git show --textconv :IntegrarTec/clase_DOM/form.js [8ms]
2024-05-10 01:20:52.270 [info] > git ls-files --stage -- /home/triana/IntegrarTec/clase_DOM/form.js [2ms]
2024-05-10 01:20:52.281 [info] > git cat-file -s 9709116e71272d41aab3b8a855ee76914960d92a [1ms]
2024-05-10 01:21:40.824 [info] > git fetch [758ms]
2024-05-10 01:21:40.845 [info] > git config --get commit.template [11ms]
2024-05-10 01:21:40.846 [info] > git for-each-ref --format=%(refname)%00%(upstream:short)%00%(objectname)%00%(upstream:track)%00%(upstream:remotename)%00%(upstream:remoteref) refs/heads/main refs/remotes/main [2ms]
2024-05-10 01:21:40.860 [info] > git status -z -uall [1ms]
2024-05-10 01:21:41.617 [info] > git fetch [735ms]
2024-05-10 01:21:41.636 [info] > git config --get commit.template [9ms]
2024-05-10 01:21:41.636 [info] > git for-each-ref --format=%(refname)%00%(upstream:short)%00%(objectname)%00%(upstream:track)%00%(upstream:remotename)%00%(upstream:remoteref) refs/heads/main refs/remotes/main [1ms]
2024-05-10 01:21:42.813 [info] > git status -z -uall [1168ms] (cancelled)
2024-05-10 01:21:42.840 [info] > git config --get commit.template [12ms]
2024-05-10 01:21:42.841 [info] > git ls-files --stage -- /home/triana/IntegrarTec/clase_DOM/form.js [3ms]
2024-05-10 01:21:42.862 [info] > git cat-file -s 9709116e71272d41aab3b8a855ee76914960d92a [11ms]
2024-05-10 01:21:42.863 [info] > git for-each-ref --format=%(refname)%00%(upstream:short)%00%(objectname)%00%(upstream:track)%00%(upstream:remotename)%00%(upstream:remoteref) refs/heads/main refs/remotes/main [2ms]
2024-05-10 01:21:42.896 [info] > git status -z -uall [23ms]
2024-05-10 01:21:42.896 [info] > git show --textconv :IntegrarTec/clase_DOM/form.js [12ms]
2024-05-10 01:21:47.588 [info] > git show --textconv :IntegrarTec/clase_DOM/form.html [10ms]
2024-05-10 01:21:47.589 [info] > git ls-files --stage -- /home/triana/IntegrarTec/clase_DOM/form.html [2ms]
2024-05-10 01:21:47.601 [info] > git cat-file -s 23650a2f640a15c2acd2112edb222aa728306a45 [1ms]
2024-05-10 01:21:54.782 [info] > git show --textconv :IntegrarTec/clase_DOM/form.js [14ms]
2024-05-10 01:21:54.783 [info] > git ls-files --stage -- /home/triana/IntegrarTec/clase_DOM/form.js [3ms]
2024-05-10 01:21:54.797 [info] > git cat-file -s 9709116e71272d41aab3b8a855ee76914960d92a [2ms]
2024-05-10 01:27:16.205 [info] > git fetch [908ms]
2024-05-10 01:27:16.219 [info] > git config --get commit.template [2ms]
2024-05-10 01:27:16.230 [info] > git for-each-ref --format=%(refname)%00%(upstream:short)%00%(objectname)%00%(upstream:track)%00%(upstream:remotename)%00%(upstream:remoteref) refs/heads/main refs/remotes/main [1ms]
2024-05-10 01:27:16.241 [info] > git fetch [962ms]
2024-05-10 01:27:16.252 [info] > git config --get commit.template [1ms]
2024-05-10 01:27:16.262 [info] > git for-each-ref --format=%(refname)%00%(upstream:short)%00%(objectname)%00%(upstream:track)%00%(upstream:remotename)%00%(upstream:remoteref) refs/heads/main refs/remotes/main [1ms]
2024-05-10 01:27:16.274 [info] > git status -z -uall [1ms]
2024-05-10 01:27:16.420 [info] > git status -z -uall [180ms] (cancelled)
2024-05-10 01:27:17.443 [info] > git config --get commit.template [10ms]
2024-05-10 01:27:17.443 [info] > git for-each-ref --format=%(refname)%00%(upstream:short)%00%(objectname)%00%(upstream:track)%00%(upstream:remotename)%00%(upstream:remoteref) refs/heads/main refs/remotes/main [2ms]
2024-05-10 01:27:17.454 [info] > git status -z -uall [1ms]
2024-05-10 01:27:17.534 [info] > git ls-files --stage -- /home/triana/IntegrarTec/clase_DOM/form.js [1ms]
2024-05-10 01:27:17.546 [info] > git cat-file -s 9709116e71272d41aab3b8a855ee76914960d92a [1ms]
2024-05-10 01:27:17.562 [info] > git show --textconv :IntegrarTec/clase_DOM/form.js [2ms]
2024-05-10 01:30:21.780 [info] > git fetch [793ms]
2024-05-10 01:30:21.801 [info] > git fetch [800ms]
2024-05-10 01:30:21.803 [info] > git config --get commit.template [2ms]
2024-05-10 01:30:21.822 [info] > git config --get commit.template [12ms]
2024-05-10 01:30:21.822 [info] > git for-each-ref --format=%(refname)%00%(upstream:short)%00%(objectname)%00%(upstream:track)%00%(upstream:remotename)%00%(upstream:remoteref) refs/heads/main refs/remotes/main [2ms]
2024-05-10 01:30:21.835 [info] > git for-each-ref --format=%(refname)%00%(upstream:short)%00%(objectname)%00%(upstream:track)%00%(upstream:remotename)%00%(upstream:remoteref) refs/heads/main refs/remotes/main [1ms]
2024-05-10 01:30:21.845 [info] > git status -z -uall [2ms]
2024-05-10 01:30:22.966 [info] > git status -z -uall [1108ms] (cancelled)
2024-05-10 01:30:23.128 [info] > git config --get commit.template [15ms]
2024-05-10 01:30:23.130 [info] > git for-each-ref --format=%(refname)%00%(upstream:short)%00%(objectname)%00%(upstream:track)%00%(upstream:remotename)%00%(upstream:remoteref) refs/heads/main refs/remotes/main [3ms]
2024-05-10 01:30:23.145 [info] > git status -z -uall [2ms]
2024-05-10 01:30:23.199 [info] > git ls-files --stage -- /home/triana/IntegrarTec/clase_DOM/form.js [1ms]
2024-05-10 01:30:23.216 [info] > git cat-file -s 9709116e71272d41aab3b8a855ee76914960d92a [1ms]
2024-05-10 01:30:23.235 [info] > git show --textconv :IntegrarTec/clase_DOM/form.js [2ms]
2024-05-10 01:32:03.879 [info] > git show --textconv :IntegrarTec/clase_DOM/form.html [10ms]
2024-05-10 01:32:03.881 [info] > git ls-files --stage -- /home/triana/IntegrarTec/clase_DOM/form.html [3ms]
2024-05-10 01:32:03.892 [info] > git cat-file -s 23650a2f640a15c2acd2112edb222aa728306a45 [2ms]
2024-05-10 01:33:28.988 [info] > git fetch [843ms]
2024-05-10 01:33:29.003 [info] > git fetch [870ms]
2024-05-10 01:33:29.005 [info] > git config --get commit.template [3ms]
2024-05-10 01:33:29.026 [info] > git config --get commit.template [9ms]
2024-05-10 01:33:29.026 [info] > git for-each-ref --format=%(refname)%00%(upstream:short)%00%(objectname)%00%(upstream:track)%00%(upstream:remotename)%00%(upstream:remoteref) refs/heads/main refs/remotes/main [2ms]
2024-05-10 01:33:29.045 [info] > git for-each-ref --format=%(refname)%00%(upstream:short)%00%(objectname)%00%(upstream:track)%00%(upstream:remotename)%00%(upstream:remoteref) refs/heads/main refs/remotes/main [9ms]
2024-05-10 01:33:29.057 [info] > git status -z -uall [1ms]
2024-05-10 01:33:29.220 [info] > git status -z -uall [176ms] (cancelled)
2024-05-10 01:33:30.177 [info] > git ls-files --stage -- /home/triana/IntegrarTec/clase_DOM/form.html [1ms]
2024-05-10 01:33:30.191 [info] > git cat-file -s 23650a2f640a15c2acd2112edb222aa728306a45 [1ms]
2024-05-10 01:33:30.213 [info] > git show --textconv :IntegrarTec/clase_DOM/form.html [1ms]
2024-05-10 01:33:31.184 [info] > git show --textconv :IntegrarTec/clase_DOM/form.js [11ms]
2024-05-10 01:33:31.185 [info] > git ls-files --stage -- /home/triana/IntegrarTec/clase_DOM/form.js [2ms]
2024-05-10 01:33:31.200 [info] > git cat-file -s 9709116e71272d41aab3b8a855ee76914960d92a [1ms]
2024-05-10 01:36:53.990 [info] > git fetch [785ms]
2024-05-10 01:36:53.991 [info] > git fetch [799ms]
2024-05-10 01:36:54.008 [info] > git config --get commit.template [9ms]
2024-05-10 01:36:54.008 [info] > git config --get commit.template [2ms]
2024-05-10 01:36:54.025 [info] > git for-each-ref --format=%(refname)%00%(upstream:short)%00%(objectname)%00%(upstream:track)%00%(upstream:remotename)%00%(upstream:remoteref) refs/heads/main refs/remotes/main [9ms]
2024-05-10 01:36:54.026 [info] > git for-each-ref --format=%(refname)%00%(upstream:short)%00%(objectname)%00%(upstream:track)%00%(upstream:remotename)%00%(upstream:remoteref) refs/heads/main refs/remotes/main [2ms]
2024-05-10 01:36:54.045 [info] > git status -z -uall [2ms]
2024-05-10 01:36:54.194 [info] > git status -z -uall [161ms] (cancelled)
2024-05-10 01:36:55.218 [info] > git config --get commit.template [10ms]
2024-05-10 01:36:55.219 [info] > git for-each-ref --format=%(refname)%00%(upstream:short)%00%(objectname)%00%(upstream:track)%00%(upstream:remotename)%00%(upstream:remoteref) refs/heads/main refs/remotes/main [2ms]
2024-05-10 01:36:55.229 [info] > git status -z -uall [1ms]
2024-05-10 01:36:55.313 [info] > git ls-files --stage -- /home/triana/IntegrarTec/clase_DOM/form.js [0ms]
2024-05-10 01:36:55.324 [info] > git cat-file -s 9709116e71272d41aab3b8a855ee76914960d92a [1ms]
2024-05-10 01:36:55.338 [info] > git show --textconv :IntegrarTec/clase_DOM/form.js [1ms]
2024-05-10 01:41:53.944 [info] > git fetch [798ms]
2024-05-10 01:41:53.958 [info] > git fetch [799ms]
2024-05-10 01:41:53.972 [info] > git config --get commit.template [14ms]
2024-05-10 01:41:53.983 [info] > git config --get commit.template [12ms]
2024-05-10 01:41:53.984 [info] > git for-each-ref --format=%(refname)%00%(upstream:short)%00%(objectname)%00%(upstream:track)%00%(upstream:remotename)%00%(upstream:remoteref) refs/heads/main refs/remotes/main [2ms]
2024-05-10 01:41:54.012 [info] > git status -z -uall [2ms]
2024-05-10 01:41:54.014 [info] > git for-each-ref --format=%(refname)%00%(upstream:short)%00%(objectname)%00%(upstream:track)%00%(upstream:remotename)%00%(upstream:remoteref) refs/heads/main refs/remotes/main [18ms]
2024-05-10 01:41:54.198 [info] > git status -z -uall [169ms] (cancelled)
2024-05-10 01:41:55.044 [info] > git config --get commit.template [1ms]
2024-05-10 01:41:55.055 [info] > git for-each-ref --format=%(refname)%00%(upstream:short)%00%(objectname)%00%(upstream:track)%00%(upstream:remotename)%00%(upstream:remoteref) refs/heads/main refs/remotes/main [2ms]
2024-05-10 01:41:55.065 [info] > git status -z -uall [1ms]
2024-05-10 01:41:55.149 [info] > git ls-files --stage -- /home/triana/IntegrarTec/clase_DOM/form.js [1ms]
2024-05-10 01:41:55.162 [info] > git cat-file -s 9709116e71272d41aab3b8a855ee76914960d92a [1ms]
2024-05-10 01:41:55.179 [info] > git show --textconv :IntegrarTec/clase_DOM/form.js [1ms]
2024-05-10 01:44:54.802 [info] > git fetch [774ms]
2024-05-10 01:44:54.819 [info] > git config --get commit.template [8ms]
2024-05-10 01:44:54.820 [info] > git for-each-ref --format=%(refname)%00%(upstream:short)%00%(objectname)%00%(upstream:track)%00%(upstream:remotename)%00%(upstream:remoteref) refs/heads/main refs/remotes/main [2ms]
2024-05-10 01:44:54.829 [info] > git status -z -uall [1ms]
2024-05-10 01:44:54.944 [info] > git fetch [746ms]
2024-05-10 01:44:54.963 [info] > git config --get commit.template [10ms]
2024-05-10 01:44:54.963 [info] > git for-each-ref --format=%(refname)%00%(upstream:short)%00%(objectname)%00%(upstream:track)%00%(upstream:remotename)%00%(upstream:remoteref) refs/heads/main refs/remotes/main [2ms]
2024-05-10 01:44:55.126 [info] > git status -z -uall [155ms] (cancelled)
2024-05-10 01:44:55.944 [info] > git config --get commit.template [1ms]
2024-05-10 01:44:55.953 [info] > git for-each-ref --format=%(refname)%00%(upstream:short)%00%(objectname)%00%(upstream:track)%00%(upstream:remotename)%00%(upstream:remoteref) refs/heads/main refs/remotes/main [1ms]
2024-05-10 01:44:55.965 [info] > git status -z -uall [1ms]
2024-05-10 01:44:56.249 [info] > git ls-files --stage -- /home/triana/IntegrarTec/clase_DOM/form.js [1ms]
2024-05-10 01:44:56.260 [info] > git cat-file -s 9709116e71272d41aab3b8a855ee76914960d92a [0ms]
2024-05-10 01:44:56.275 [info] > git show --textconv :IntegrarTec/clase_DOM/form.js [1ms]
2024-05-10 01:48:49.164 [info] > git fetch [771ms]
2024-05-10 01:48:49.165 [info] > git fetch [761ms]
2024-05-10 01:48:49.186 [info] > git config --get commit.template [9ms]
2024-05-10 01:48:49.187 [info] > git config --get commit.template [2ms]
2024-05-10 01:48:49.205 [info] > git for-each-ref --format=%(refname)%00%(upstream:short)%00%(objectname)%00%(upstream:track)%00%(upstream:remotename)%00%(upstream:remoteref) refs/heads/main refs/remotes/main [9ms]
2024-05-10 01:48:49.206 [info] > git for-each-ref --format=%(refname)%00%(upstream:short)%00%(objectname)%00%(upstream:track)%00%(upstream:remotename)%00%(upstream:remoteref) refs/heads/main refs/remotes/main [2ms]
2024-05-10 01:48:49.227 [info] > git status -z -uall [11ms]
2024-05-10 01:48:49.430 [info] > git status -z -uall [204ms] (cancelled)
2024-05-10 01:48:50.311 [info] > git config --get commit.template [2ms]
2024-05-10 01:48:50.324 [info] > git for-each-ref --format=%(refname)%00%(upstream:short)%00%(objectname)%00%(upstream:track)%00%(upstream:remotename)%00%(upstream:remoteref) refs/heads/main refs/remotes/main [3ms]
2024-05-10 01:48:50.336 [info] > git status -z -uall [1ms]
2024-05-10 01:48:50.413 [info] > git ls-files --stage -- /home/triana/IntegrarTec/clase_DOM/form.js [1ms]
2024-05-10 01:48:50.423 [info] > git cat-file -s 9709116e71272d41aab3b8a855ee76914960d92a [1ms]
2024-05-10 01:48:50.443 [info] > git show --textconv :IntegrarTec/clase_DOM/form.js [1ms]
2024-05-10 01:51:49.997 [info] > git fetch [753ms]
2024-05-10 01:51:50.015 [info] > git config --get commit.template [9ms]
2024-05-10 01:51:50.015 [info] > git for-each-ref --format=%(refname)%00%(upstream:short)%00%(objectname)%00%(upstream:track)%00%(upstream:remotename)%00%(upstream:remoteref) refs/heads/main refs/remotes/main [1ms]
2024-05-10 01:51:50.026 [info] > git status -z -uall [1ms]
2024-05-10 01:51:50.158 [info] > git fetch [733ms]
2024-05-10 01:51:50.167 [info] > git config --get commit.template [1ms]
2024-05-10 01:51:50.176 [info] > git for-each-ref --format=%(refname)%00%(upstream:short)%00%(objectname)%00%(upstream:track)%00%(upstream:remotename)%00%(upstream:remoteref) refs/heads/main refs/remotes/main [1ms]
2024-05-10 01:51:50.351 [info] > git status -z -uall [166ms] (cancelled)
2024-05-10 01:51:51.087 [info] > git config --get commit.template [1ms]
2024-05-10 01:51:51.098 [info] > git for-each-ref --format=%(refname)%00%(upstream:short)%00%(objectname)%00%(upstream:track)%00%(upstream:remotename)%00%(upstream:remoteref) refs/heads/main refs/remotes/main [1ms]
2024-05-10 01:51:51.109 [info] > git status -z -uall [2ms]
2024-05-10 01:51:51.469 [info] > git ls-files --stage -- /home/triana/IntegrarTec/clase_DOM/form.js [1ms]
2024-05-10 01:51:51.481 [info] > git cat-file -s 9709116e71272d41aab3b8a855ee76914960d92a [1ms]
2024-05-10 01:51:51.496 [info] > git show --textconv :IntegrarTec/clase_DOM/form.js [2ms]
2024-05-10 01:54:50.905 [info] > git fetch [863ms]
2024-05-10 01:54:50.922 [info] > git config --get commit.template [9ms]
2024-05-10 01:54:50.923 [info] > git for-each-ref --format=%(refname)%00%(upstream:short)%00%(objectname)%00%(upstream:track)%00%(upstream:remotename)%00%(upstream:remoteref) refs/heads/main refs/remotes/main [2ms]
2024-05-10 01:54:50.932 [info] > git status -z -uall [1ms]
2024-05-10 01:54:51.107 [info] > git fetch [752ms]
2024-05-10 01:54:51.124 [info] > git config --get commit.template [9ms]
2024-05-10 01:54:51.124 [info] > git for-each-ref --format=%(refname)%00%(upstream:short)%00%(objectname)%00%(upstream:track)%00%(upstream:remotename)%00%(upstream:remoteref) refs/heads/main refs/remotes/main [1ms]
2024-05-10 01:54:51.917 [info] > git status -z -uall [785ms] (cancelled)
2024-05-10 01:54:52.049 [info] > git config --get commit.template [1ms]
2024-05-10 01:54:52.060 [info] > git for-each-ref --format=%(refname)%00%(upstream:short)%00%(objectname)%00%(upstream:track)%00%(upstream:remotename)%00%(upstream:remoteref) refs/heads/main refs/remotes/main [1ms]
2024-05-10 01:54:52.070 [info] > git status -z -uall [1ms]
2024-05-10 01:54:53.031 [info] > git ls-files --stage -- /home/triana/IntegrarTec/clase_DOM/form.js [1ms]
2024-05-10 01:54:53.042 [info] > git cat-file -s 9709116e71272d41aab3b8a855ee76914960d92a [1ms]
2024-05-10 01:54:53.055 [info] > git show --textconv :IntegrarTec/clase_DOM/form.js [1ms]
2024-05-10 01:57:51.743 [info] > git fetch [797ms]
2024-05-10 01:57:51.756 [info] > git config --get commit.template [1ms]
2024-05-10 01:57:51.765 [info] > git for-each-ref --format=%(refname)%00%(upstream:short)%00%(objectname)%00%(upstream:track)%00%(upstream:remotename)%00%(upstream:remoteref) refs/heads/main refs/remotes/main [1ms]
2024-05-10 01:57:51.774 [info] > git status -z -uall [1ms]
2024-05-10 01:57:52.132 [info] > git fetch [796ms]
2024-05-10 01:57:52.161 [info] > git config --get commit.template [12ms]
2024-05-10 01:57:52.162 [info] > git for-each-ref --format=%(refname)%00%(upstream:short)%00%(objectname)%00%(upstream:track)%00%(upstream:remotename)%00%(upstream:remoteref) refs/heads/main refs/remotes/main [2ms]
2024-05-10 01:57:53.444 [info] > git status -z -uall [1273ms] (cancelled)
2024-05-10 01:57:53.463 [info] > git config --get commit.template [1ms]
2024-05-10 01:57:53.489 [info] > git for-each-ref --format=%(refname)%00%(upstream:short)%00%(objectname)%00%(upstream:track)%00%(upstream:remotename)%00%(upstream:remoteref) refs/heads/main refs/remotes/main [1ms]
2024-05-10 01:57:53.511 [info] > git status -z -uall [1ms]
2024-05-10 01:57:54.559 [info] > git ls-files --stage -- /home/triana/IntegrarTec/clase_DOM/form.js [1ms]
2024-05-10 01:57:54.571 [info] > git cat-file -s 9709116e71272d41aab3b8a855ee76914960d92a [1ms]
2024-05-10 01:57:54.593 [info] > git show --textconv :IntegrarTec/clase_DOM/form.js [1ms]
2024-05-10 02:00:52.684 [info] > git fetch [895ms]
2024-05-10 02:00:52.704 [info] > git config --get commit.template [10ms]
2024-05-10 02:00:52.705 [info] > git for-each-ref --format=%(refname)%00%(upstream:short)%00%(objectname)%00%(upstream:track)%00%(upstream:remotename)%00%(upstream:remoteref) refs/heads/main refs/remotes/main [2ms]
2024-05-10 02:00:52.717 [info] > git status -z -uall [1ms]
2024-05-10 02:00:53.205 [info] > git fetch [776ms]
2024-05-10 02:00:53.226 [info] > git config --get commit.template [13ms]
2024-05-10 02:00:53.227 [info] > git for-each-ref --format=%(refname)%00%(upstream:short)%00%(objectname)%00%(upstream:track)%00%(upstream:remotename)%00%(upstream:remoteref) refs/heads/main refs/remotes/main [1ms]
2024-05-10 02:00:53.523 [info] > git status -z -uall [279ms] (cancelled)
2024-05-10 02:00:54.456 [info] > git config --get commit.template [8ms]
2024-05-10 02:00:54.503 [info] > git for-each-ref --format=%(refname)%00%(upstream:short)%00%(objectname)%00%(upstream:track)%00%(upstream:remotename)%00%(upstream:remoteref) refs/heads/main refs/remotes/main [34ms]
2024-05-10 02:00:54.507 [info] > git ls-files --stage -- /home/triana/IntegrarTec/clase_DOM/form.js [5ms]
2024-05-10 02:00:54.534 [info] > git cat-file -s 9709116e71272d41aab3b8a855ee76914960d92a [5ms]
2024-05-10 02:00:54.566 [info] > git status -z -uall [20ms]
2024-05-10 02:00:54.603 [info] > git show --textconv :IntegrarTec/clase_DOM/form.js [2ms]
2024-05-10 02:03:28.440 [info] > git show --textconv :IntegrarTec/clase_DOM/form.html [17ms]
2024-05-10 02:03:28.441 [info] > git ls-files --stage -- /home/triana/IntegrarTec/clase_DOM/form.html [2ms]
2024-05-10 02:03:28.455 [info] > git cat-file -s 23650a2f640a15c2acd2112edb222aa728306a45 [2ms]
2024-05-10 02:03:30.278 [info] > git show --textconv :IntegrarTec/clase_DOM/form.css [11ms]
2024-05-10 02:03:30.279 [info] > git ls-files --stage -- /home/triana/IntegrarTec/clase_DOM/form.css [2ms]
2024-05-10 02:03:30.290 [info] > git cat-file -s 89ad7ccc76756ef5cee4b9f155a340bae4fe7749 [1ms]
2024-05-10 02:04:59.249 [info] > git fetch [811ms]
2024-05-10 02:04:59.262 [info] > git config --get commit.template [1ms]
2024-05-10 02:04:59.273 [info] > git fetch [862ms]
2024-05-10 02:04:59.275 [info] > git for-each-ref --format=%(refname)%00%(upstream:short)%00%(objectname)%00%(upstream:track)%00%(upstream:remotename)%00%(upstream:remoteref) refs/heads/main refs/remotes/main [3ms]
2024-05-10 02:04:59.295 [info] > git config --get commit.template [11ms]
2024-05-10 02:04:59.295 [info] > git for-each-ref --format=%(refname)%00%(upstream:short)%00%(objectname)%00%(upstream:track)%00%(upstream:remotename)%00%(upstream:remoteref) refs/heads/main refs/remotes/main [1ms]
2024-05-10 02:04:59.318 [info] > git status -z -uall [1ms]
2024-05-10 02:04:59.486 [info] > git status -z -uall [179ms] (cancelled)
2024-05-10 02:05:00.340 [info] > git config --get commit.template [1ms]
2024-05-10 02:05:00.354 [info] > git for-each-ref --format=%(refname)%00%(upstream:short)%00%(objectname)%00%(upstream:track)%00%(upstream:remotename)%00%(upstream:remoteref) refs/heads/main refs/remotes/main [2ms]
2024-05-10 02:05:00.366 [info] > git status -z -uall [2ms]
2024-05-10 02:05:00.443 [info] > git ls-files --stage -- /home/triana/IntegrarTec/clase_DOM/form.css [1ms]
2024-05-10 02:05:00.454 [info] > git cat-file -s 89ad7ccc76756ef5cee4b9f155a340bae4fe7749 [1ms]
2024-05-10 02:05:00.469 [info] > git show --textconv :IntegrarTec/clase_DOM/form.css [1ms]
2024-05-10 02:06:35.204 [info] > git show --textconv :IntegrarTec/clase_DOM/form.js [13ms]
2024-05-10 02:06:35.205 [info] > git ls-files --stage -- /home/triana/IntegrarTec/clase_DOM/form.js [5ms]
2024-05-10 02:06:35.216 [info] > git cat-file -s 9709116e71272d41aab3b8a855ee76914960d92a [3ms]
2024-05-10 02:06:40.145 [info] > git show --textconv :IntegrarTec/clase_DOM/form.html [9ms]
2024-05-10 02:06:40.146 [info] > git ls-files --stage -- /home/triana/IntegrarTec/clase_DOM/form.html [2ms]
2024-05-10 02:06:40.158 [info] > git cat-file -s 23650a2f640a15c2acd2112edb222aa728306a45 [2ms]
2024-05-10 02:06:47.649 [info] > git check-ignore -v -z --stdin [2ms]
2024-05-10 02:07:11.352 [info] > git check-ignore -v -z --stdin [2ms]
2024-05-10 02:07:14.094 [info] > git show --textconv :IntegrarTec/clase_DOM/ValidaciónFormulario/form.html [9ms]
2024-05-10 02:07:14.097 [info] > git ls-files --stage -- /home/triana/IntegrarTec/clase_DOM/ValidaciónFormulario/form.html [4ms]
2024-05-10 02:07:14.365 [info] > git check-ignore -v -z --stdin [5ms]
2024-05-10 02:07:16.348 [info] > git check-ignore -v -z --stdin [1ms]
2024-05-10 02:07:19.312 [info] > git check-ignore -v -z --stdin [0ms]
2024-05-10 02:07:42.708 [info] > git show --textconv :IntegrarTec/clase_DOM/ValidaciónFormulario/Modal [15ms]
2024-05-10 02:07:42.712 [info] > git ls-files --stage -- /home/triana/IntegrarTec/clase_DOM/ValidaciónFormulario/Modal [4ms]
2024-05-10 02:07:42.963 [info] > git check-ignore -v -z --stdin [1ms]
2024-05-10 02:07:51.728 [info] > git show --textconv :IntegrarTec/clase_DOM/ValidaciónFormulario/form.html [10ms]
2024-05-10 02:07:51.729 [info] > git ls-files --stage -- /home/triana/IntegrarTec/clase_DOM/ValidaciónFormulario/form.html [1ms]
2024-05-10 02:08:00.173 [info] > git fetch [837ms]
2024-05-10 02:08:00.182 [info] > git config --get commit.template [0ms]
2024-05-10 02:08:00.191 [info] > git for-each-ref --format=%(refname)%00%(upstream:short)%00%(objectname)%00%(upstream:track)%00%(upstream:remotename)%00%(upstream:remoteref) refs/heads/main refs/remotes/main [1ms]
2024-05-10 02:08:00.202 [info] > git status -z -uall [1ms]
2024-05-10 02:08:00.218 [info] > git fetch [729ms]
2024-05-10 02:08:00.228 [info] > git config --get commit.template [1ms]
2024-05-10 02:08:00.237 [info] > git for-each-ref --format=%(refname)%00%(upstream:short)%00%(objectname)%00%(upstream:track)%00%(upstream:remotename)%00%(upstream:remoteref) refs/heads/main refs/remotes/main [1ms]
2024-05-10 02:08:01.153 [info] > git status -z -uall [905ms] (cancelled)
2024-05-10 02:08:01.262 [info] > git config --get commit.template [1ms]
2024-05-10 02:08:01.278 [info] > git for-each-ref --format=%(refname)%00%(upstream:short)%00%(objectname)%00%(upstream:track)%00%(upstream:remotename)%00%(upstream:remoteref) refs/heads/main refs/remotes/main [1ms]
2024-05-10 02:08:01.289 [info] > git status -z -uall [1ms]
2024-05-10 02:08:02.271 [info] > git ls-files --stage -- /home/triana/IntegrarTec/clase_DOM/ValidaciónFormulario/form.html [1ms]
2024-05-10 02:08:02.285 [info] > git show --textconv :IntegrarTec/clase_DOM/ValidaciónFormulario/form.html [1ms]
2024-05-10 02:08:09.371 [info] > git check-ignore -v -z --stdin [1ms]
2024-05-10 02:08:16.028 [info] > git show --textconv :IntegrarTec/clase_DOM/ValidaciónFormulario/form.css [11ms]
2024-05-10 02:08:16.029 [info] > git ls-files --stage -- /home/triana/IntegrarTec/clase_DOM/ValidaciónFormulario/form.css [2ms]
2024-05-10 02:08:18.348 [info] > git show --textconv :IntegrarTec/clase_DOM/ValidaciónFormulario/form.html [12ms]
2024-05-10 02:08:18.349 [info] > git ls-files --stage -- /home/triana/IntegrarTec/clase_DOM/ValidaciónFormulario/form.html [2ms]
2024-05-10 02:11:01.093 [info] > git fetch [876ms]
2024-05-10 02:11:01.112 [info] > git config --get commit.template [10ms]
2024-05-10 02:11:01.112 [info] > git for-each-ref --format=%(refname)%00%(upstream:short)%00%(objectname)%00%(upstream:track)%00%(upstream:remotename)%00%(upstream:remoteref) refs/heads/main refs/remotes/main [1ms]
2024-05-10 02:11:01.123 [info] > git status -z -uall [1ms]
2024-05-10 02:11:01.252 [info] > git fetch [746ms]
2024-05-10 02:11:01.268 [info] > git config --get commit.template [9ms]
2024-05-10 02:11:01.269 [info] > git for-each-ref --format=%(refname)%00%(upstream:short)%00%(objectname)%00%(upstream:track)%00%(upstream:remotename)%00%(upstream:remoteref) refs/heads/main refs/remotes/main [2ms]
2024-05-10 02:11:01.435 [info] > git status -z -uall [158ms] (cancelled)
2024-05-10 02:11:02.233 [info] > git config --get commit.template [1ms]
2024-05-10 02:11:02.244 [info] > git for-each-ref --format=%(refname)%00%(upstream:short)%00%(objectname)%00%(upstream:track)%00%(upstream:remotename)%00%(upstream:remoteref) refs/heads/main refs/remotes/main [1ms]
2024-05-10 02:11:02.255 [info] > git status -z -uall [1ms]
2024-05-10 02:11:02.559 [info] > git ls-files --stage -- /home/triana/IntegrarTec/clase_DOM/ValidaciónFormulario/form.html [1ms]
2024-05-10 02:11:02.629 [info] > git show --textconv :IntegrarTec/clase_DOM/ValidaciónFormulario/form.html [1ms]
2024-05-10 02:13:25.979 [info] > git merge-base refs/heads/main refs/remotes/origin/main [2ms]
2024-05-10 02:13:25.992 [info] > git merge-base refs/heads/main refs/remotes/origin/main [27ms]
2024-05-10 02:13:26.002 [info] > git rev-list --count --left-right refs/heads/main...refs/remotes/origin/main [10ms]
2024-05-10 02:13:26.002 [info] > git rev-list --count --left-right refs/heads/main...refs/remotes/origin/main [2ms]
2024-05-10 02:13:27.128 [info] > git check-ignore -v -z --stdin [1ms]
2024-05-10 02:13:35.534 [info] > git check-ignore -v -z --stdin [1ms]
2024-05-10 02:14:27.407 [info] > git fetch [789ms]
2024-05-10 02:14:27.421 [info] > git fetch [782ms]
2024-05-10 02:14:27.432 [info] > git config --get commit.template [11ms]
2024-05-10 02:14:27.444 [info] > git config --get commit.template [12ms]
2024-05-10 02:14:27.444 [info] > git for-each-ref --format=%(refname)%00%(upstream:short)%00%(objectname)%00%(upstream:track)%00%(upstream:remotename)%00%(upstream:remoteref) refs/heads/main refs/remotes/main [2ms]
2024-05-10 02:14:27.454 [info] > git for-each-ref --format=%(refname)%00%(upstream:short)%00%(objectname)%00%(upstream:track)%00%(upstream:remotename)%00%(upstream:remoteref) refs/heads/main refs/remotes/main [0ms]
2024-05-10 02:14:27.478 [info] > git status -z -uall [12ms]
2024-05-10 02:14:28.713 [info] > git status -z -uall [1236ms] (cancelled)
2024-05-10 02:14:28.748 [info] > git config --get commit.template [15ms]
2024-05-10 02:14:28.760 [info] > git ls-files --stage -- /home/triana/IntegrarTec/clase_DOM/ValidaciónFormulario/form.html [14ms]
2024-05-10 02:14:28.761 [info] > git for-each-ref --format=%(refname)%00%(upstream:short)%00%(objectname)%00%(upstream:track)%00%(upstream:remotename)%00%(upstream:remoteref) refs/heads/main refs/remotes/main [2ms]
2024-05-10 02:14:28.800 [info] > git status -z -uall [26ms]
2024-05-10 02:14:28.800 [info] > git show --textconv :IntegrarTec/clase_DOM/ValidaciónFormulario/form.html [13ms]
2024-05-10 02:16:04.582 [info] > git show --textconv :IntegrarTec/clase_DOM/ValidaciónFormulario/form.css [15ms]
2024-05-10 02:16:04.584 [info] > git ls-files --stage -- /home/triana/IntegrarTec/clase_DOM/ValidaciónFormulario/form.css [4ms]
2024-05-10 02:16:15.246 [info] > git ls-files --stage -- /home/triana/IntegrarTec/clase_DOM/ValidaciónFormulario/form.css [2ms]
2024-05-10 02:16:15.255 [info] > git cat-file -s 8eb30be0ec0d23e3fe6109029472e8bd9549d486 [1ms]
2024-05-10 02:16:15.272 [info] > git show --textconv :IntegrarTec/clase_DOM/ValidaciónFormulario/form.css [1ms]
2024-05-10 02:16:17.918 [info] > git show --textconv :IntegrarTec/clase_DOM/ValidaciónFormulario/form.html [15ms]
2024-05-10 02:16:17.919 [info] > git ls-files --stage -- /home/triana/IntegrarTec/clase_DOM/ValidaciónFormulario/form.html [2ms]
2024-05-10 02:16:53.569 [info] > git ls-files --stage -- /home/triana/IntegrarTec/clase_DOM/ValidaciónFormulario/form.html [1ms]
2024-05-10 02:16:53.579 [info] > git cat-file -s f34a73af261379abafbc3c05e1cc20c5e3380946 [1ms]
2024-05-10 02:16:53.593 [info] > git show --textconv :IntegrarTec/clase_DOM/ValidaciónFormulario/form.html [1ms]
2024-05-10 02:16:55.396 [info] > git show --textconv :IntegrarTec/clase_DOM/ValidaciónFormulario/form.js [13ms]
2024-05-10 02:16:55.396 [info] > git ls-files --stage -- /home/triana/IntegrarTec/clase_DOM/ValidaciónFormulario/form.js [2ms]
2024-05-10 02:17:45.481 [info] > git ls-files --stage -- /home/triana/IntegrarTec/clase_DOM/ValidaciónFormulario/form.js [2ms]
2024-05-10 02:17:45.495 [info] > git cat-file -s 59dd271cc74c12a8bdbb38010ff0ef6cbf524146 [1ms]
2024-05-10 02:17:45.523 [info] > git show --textconv :IntegrarTec/clase_DOM/ValidaciónFormulario/form.js [2ms]
2024-05-10 02:17:46.246 [info] > git fetch [822ms]
2024-05-10 02:17:46.261 [info] > git fetch [822ms]
2024-05-10 02:17:46.272 [info] > git config --get commit.template [12ms]
2024-05-10 02:17:46.284 [info] > git config --get commit.template [13ms]
2024-05-10 02:17:46.285 [info] > git for-each-ref --format=%(refname)%00%(upstream:short)%00%(objectname)%00%(upstream:track)%00%(upstream:remotename)%00%(upstream:remoteref) refs/heads/main refs/remotes/main [2ms]
2024-05-10 02:17:46.308 [info] > git for-each-ref --format=%(refname)%00%(upstream:short)%00%(objectname)%00%(upstream:track)%00%(upstream:remotename)%00%(upstream:remoteref) refs/heads/main refs/remotes/main [12ms]
2024-05-10 02:17:46.310 [info] > git status -z -uall [3ms]
2024-05-10 02:17:47.378 [info] > git status -z -uall [1051ms] (cancelled)
2024-05-10 02:17:47.399 [info] > git config --get commit.template [1ms]
2024-05-10 02:17:47.422 [info] > git for-each-ref --format=%(refname)%00%(upstream:short)%00%(objectname)%00%(upstream:track)%00%(upstream:remotename)%00%(upstream:remoteref) refs/heads/main refs/remotes/main [9ms]
2024-05-10 02:17:47.449 [info] > git status -z -uall [9ms]
2024-05-10 02:17:47.498 [info] > git ls-files --stage -- /home/triana/IntegrarTec/clase_DOM/ValidaciónFormulario/form.js [1ms]
2024-05-10 02:17:47.516 [info] > git cat-file -s 59dd271cc74c12a8bdbb38010ff0ef6cbf524146 [4ms]
2024-05-10 02:17:47.546 [info] > git show --textconv :IntegrarTec/clase_DOM/ValidaciónFormulario/form.js [2ms]
2024-05-10 02:18:27.132 [info] > git ls-files --stage -- /home/triana/IntegrarTec/clase_DOM/ValidaciónFormulario/form.js [1ms]
2024-05-10 02:18:27.148 [info] > git cat-file -s 59dd271cc74c12a8bdbb38010ff0ef6cbf524146 [1ms]
2024-05-10 02:18:27.165 [info] > git show --textconv :IntegrarTec/clase_DOM/ValidaciónFormulario/form.js [1ms]
2024-05-10 02:19:46.565 [info] > git ls-files --stage -- /home/triana/IntegrarTec/clase_DOM/ValidaciónFormulario/form.js [2ms]
2024-05-10 02:19:46.579 [info] > git cat-file -s 59dd271cc74c12a8bdbb38010ff0ef6cbf524146 [1ms]
2024-05-10 02:19:46.593 [info] > git show --textconv :IntegrarTec/clase_DOM/ValidaciónFormulario/form.js [1ms]
2024-05-10 02:23:58.990 [info] > git fetch [772ms]
2024-05-10 02:23:59.020 [info] > git config --get commit.template [16ms]
2024-05-10 02:23:59.021 [info] > git for-each-ref --format=%(refname)%00%(upstream:short)%00%(objectname)%00%(upstream:track)%00%(upstream:remotename)%00%(upstream:remoteref) refs/heads/main refs/remotes/main [2ms]
2024-05-10 02:23:59.036 [info] > git status -z -uall [2ms]
2024-05-10 02:23:59.305 [info] > git fetch [1072ms]
2024-05-10 02:23:59.305 [info] From https://github.com/TrianaClavero/IntegrarTECActividadesWSL
   cbb1310..81093e1  main       -> origin/main
2024-05-10 02:23:59.315 [info] > git config --get commit.template [1ms]
2024-05-10 02:23:59.325 [info] > git for-each-ref --format=%(refname)%00%(upstream:short)%00%(objectname)%00%(upstream:track)%00%(upstream:remotename)%00%(upstream:remoteref) refs/heads/main refs/remotes/main [1ms]
2024-05-10 02:24:00.293 [info] > git status -z -uall [958ms] (cancelled)
2024-05-10 02:24:00.293 [info] > git merge-base refs/heads/main refs/remotes/origin/main [853ms]
2024-05-10 02:24:00.320 [info] > git rev-list --count --left-right refs/heads/main...refs/remotes/origin/main [13ms]
2024-05-10 02:24:00.339 [info] > git config --get commit.template [20ms]
2024-05-10 02:24:00.365 [info] > git for-each-ref --format=%(refname)%00%(upstream:short)%00%(objectname)%00%(upstream:track)%00%(upstream:remotename)%00%(upstream:remoteref) refs/heads/main refs/remotes/main [4ms]
2024-05-10 02:24:00.366 [info] > git diff --name-status -z --diff-filter=ADMR cbb131005a69069d56e3e9dc107af373fac42327...refs/remotes/origin/main [28ms]
2024-05-10 02:24:00.388 [info] > git status -z -uall [3ms]
2024-05-10 02:24:01.515 [info] > git ls-files --stage -- /home/triana/IntegrarTec/clase_DOM/ValidaciónFormulario/form.js [1ms]
2024-05-10 02:24:01.526 [info] > git cat-file -s 59dd271cc74c12a8bdbb38010ff0ef6cbf524146 [1ms]
2024-05-10 02:24:01.540 [info] > git show --textconv :IntegrarTec/clase_DOM/ValidaciónFormulario/form.js [1ms]
2024-05-10 02:24:04.673 [info] > git show --textconv :IntegrarTec/clase_DOM/ValidaciónFormulario/form.html [16ms]
2024-05-10 02:24:04.675 [info] > git ls-files --stage -- /home/triana/IntegrarTec/clase_DOM/ValidaciónFormulario/form.html [3ms]
2024-05-10 02:24:04.688 [info] > git cat-file -s f34a73af261379abafbc3c05e1cc20c5e3380946 [1ms]
2024-05-10 02:25:25.726 [info] > git show --textconv :IntegrarTec/clase_DOM/VentanaModal/index.html [13ms]
2024-05-10 02:25:25.727 [info] > git ls-files --stage -- /home/triana/IntegrarTec/clase_DOM/VentanaModal/index.html [3ms]
2024-05-10 02:25:25.965 [info] > git check-ignore -v -z --stdin [1ms]
2024-05-10 02:25:40.356 [info] > git show --textconv :IntegrarTec/clase_DOM/VentanaModal/styles.css [16ms]
2024-05-10 02:25:40.357 [info] > git ls-files --stage -- /home/triana/IntegrarTec/clase_DOM/VentanaModal/styles.css [3ms]
2024-05-10 02:25:40.611 [info] > git check-ignore -v -z --stdin [1ms]
2024-05-10 02:25:49.440 [info] > git show --textconv :IntegrarTec/clase_DOM/VentanaModal/index.html [15ms]
2024-05-10 02:25:49.440 [info] > git ls-files --stage -- /home/triana/IntegrarTec/clase_DOM/VentanaModal/index.html [2ms]
2024-05-10 02:25:51.393 [info] > git show --textconv :IntegrarTec/clase_DOM/VentanaModal/styles.css [9ms]
2024-05-10 02:25:51.394 [info] > git ls-files --stage -- /home/triana/IntegrarTec/clase_DOM/VentanaModal/styles.css [2ms]
2024-05-10 02:26:07.715 [info] > git show --textconv :IntegrarTec/clase_DOM/VentanaModal/modal.js [17ms]
2024-05-10 02:26:07.716 [info] > git ls-files --stage -- /home/triana/IntegrarTec/clase_DOM/VentanaModal/modal.js [5ms]
2024-05-10 02:26:07.979 [info] > git check-ignore -v -z --stdin [5ms]
2024-05-10 02:26:33.567 [info] > git show --textconv :IntegrarTec/clase_DOM/VentanaModal/styles.css [10ms]
2024-05-10 02:26:33.570 [info] > git ls-files --stage -- /home/triana/IntegrarTec/clase_DOM/VentanaModal/styles.css [4ms]
2024-05-10 02:26:36.024 [info] > git show --textconv :IntegrarTec/clase_DOM/VentanaModal/index.html [9ms]
2024-05-10 02:26:36.026 [info] > git ls-files --stage -- /home/triana/IntegrarTec/clase_DOM/VentanaModal/index.html [3ms]
2024-05-10 02:26:59.816 [info] > git fetch [765ms]
2024-05-10 02:26:59.835 [info] > git config --get commit.template [10ms]
2024-05-10 02:26:59.836 [info] > git for-each-ref --format=%(refname)%00%(upstream:short)%00%(objectname)%00%(upstream:track)%00%(upstream:remotename)%00%(upstream:remoteref) refs/heads/main refs/remotes/main [2ms]
2024-05-10 02:26:59.845 [info] > git status -z -uall [1ms]
2024-05-10 02:27:00.310 [info] > git fetch [736ms]
2024-05-10 02:27:00.320 [info] > git config --get commit.template [0ms]
2024-05-10 02:27:00.331 [info] > git for-each-ref --format=%(refname)%00%(upstream:short)%00%(objectname)%00%(upstream:track)%00%(upstream:remotename)%00%(upstream:remoteref) refs/heads/main refs/remotes/main [2ms]
2024-05-10 02:27:00.516 [info] > git status -z -uall [176ms] (cancelled)
2024-05-10 02:27:11.383 [info] > git config --get commit.template [1ms]
2024-05-10 02:27:11.432 [info] > git for-each-ref --format=%(refname)%00%(upstream:short)%00%(objectname)%00%(upstream:track)%00%(upstream:remotename)%00%(upstream:remoteref) refs/heads/main refs/remotes/main [1ms]
2024-05-10 02:27:11.472 [info] > git ls-files --stage -- /home/triana/IntegrarTec/clase_DOM/VentanaModal/index.html [3ms]
2024-05-10 02:27:11.512 [info] > git status -z -uall [23ms]
2024-05-10 02:27:11.512 [info] > git show --textconv :IntegrarTec/clase_DOM/VentanaModal/index.html [1ms]
2024-05-10 02:28:43.598 [info] > git show --textconv :IntegrarTec/clase_DOM/VentanaModal/styles.css [10ms]
2024-05-10 02:28:43.600 [info] > git ls-files --stage -- /home/triana/IntegrarTec/clase_DOM/VentanaModal/styles.css [3ms]
2024-05-10 02:29:50.809 [info] > git show --textconv :IntegrarTec/clase_DOM/VentanaModal/index.html [11ms]
2024-05-10 02:29:50.811 [info] > git ls-files --stage -- /home/triana/IntegrarTec/clase_DOM/VentanaModal/index.html [3ms]
2024-05-10 02:30:00.622 [info] > git fetch [761ms]
2024-05-10 02:30:00.639 [info] > git config --get commit.template [9ms]
2024-05-10 02:30:00.640 [info] > git for-each-ref --format=%(refname)%00%(upstream:short)%00%(objectname)%00%(upstream:track)%00%(upstream:remotename)%00%(upstream:remoteref) refs/heads/main refs/remotes/main [1ms]
2024-05-10 02:30:00.650 [info] > git status -z -uall [1ms]
2024-05-10 02:30:01.251 [info] > git fetch [729ms]
2024-05-10 02:30:01.261 [info] > git config --get commit.template [1ms]
2024-05-10 02:30:01.271 [info] > git for-each-ref --format=%(refname)%00%(upstream:short)%00%(objectname)%00%(upstream:track)%00%(upstream:remotename)%00%(upstream:remoteref) refs/heads/main refs/remotes/main [1ms]
2024-05-10 02:30:01.434 [info] > git status -z -uall [155ms] (cancelled)
2024-05-10 02:30:02.148 [info] > git config --get commit.template [1ms]
2024-05-10 02:30:02.170 [info] > git for-each-ref --format=%(refname)%00%(upstream:short)%00%(objectname)%00%(upstream:track)%00%(upstream:remotename)%00%(upstream:remoteref) refs/heads/main refs/remotes/main [11ms]
2024-05-10 02:30:02.183 [info] > git status -z -uall [2ms]
2024-05-10 02:30:02.446 [info] > git ls-files --stage -- /home/triana/IntegrarTec/clase_DOM/VentanaModal/index.html [1ms]
2024-05-10 02:30:02.498 [info] > git show --textconv :IntegrarTec/clase_DOM/VentanaModal/index.html [1ms]
2024-05-10 02:30:45.923 [info] > git show --textconv :IntegrarTec/clase_DOM/VentanaModal/styles.css [12ms]
2024-05-10 02:30:45.924 [info] > git ls-files --stage -- /home/triana/IntegrarTec/clase_DOM/VentanaModal/styles.css [2ms]
2024-05-10 02:30:47.794 [info] > git show --textconv :IntegrarTec/clase_DOM/VentanaModal/index.html [11ms]
2024-05-10 02:30:47.795 [info] > git ls-files --stage -- /home/triana/IntegrarTec/clase_DOM/VentanaModal/index.html [2ms]
2024-05-10 02:30:51.777 [info] > git show --textconv :IntegrarTec/clase_DOM/VentanaModal/styles.css [14ms]
2024-05-10 02:30:51.778 [info] > git ls-files --stage -- /home/triana/IntegrarTec/clase_DOM/VentanaModal/styles.css [3ms]
2024-05-10 02:30:59.808 [info] > git show --textconv :IntegrarTec/clase_DOM/ValidaciónFormulario/form.html [10ms]
2024-05-10 02:30:59.808 [info] > git ls-files --stage -- /home/triana/IntegrarTec/clase_DOM/ValidaciónFormulario/form.html [1ms]
2024-05-10 02:30:59.819 [info] > git cat-file -s f34a73af261379abafbc3c05e1cc20c5e3380946 [2ms]
2024-05-10 02:31:01.564 [info] > git show --textconv :IntegrarTec/clase_DOM/VentanaModal/styles.css [8ms]
2024-05-10 02:31:01.568 [info] > git ls-files --stage -- /home/triana/IntegrarTec/clase_DOM/VentanaModal/styles.css [5ms]
2024-05-10 02:31:02.450 [info] > git show --textconv :IntegrarTec/clase_DOM/ValidaciónFormulario/form.js [10ms]
2024-05-10 02:31:02.450 [info] > git ls-files --stage -- /home/triana/IntegrarTec/clase_DOM/ValidaciónFormulario/form.js [1ms]
2024-05-10 02:31:02.462 [info] > git cat-file -s 59dd271cc74c12a8bdbb38010ff0ef6cbf524146 [1ms]
2024-05-10 02:31:03.960 [info] > git show --textconv :IntegrarTec/clase_DOM/VentanaModal/styles.css [15ms]
2024-05-10 02:31:03.963 [info] > git ls-files --stage -- /home/triana/IntegrarTec/clase_DOM/VentanaModal/styles.css [4ms]
2024-05-10 02:31:06.367 [info] > git show --textconv :IntegrarTec/clase_DOM/ValidaciónFormulario/form.css [14ms]
2024-05-10 02:31:06.369 [info] > git ls-files --stage -- /home/triana/IntegrarTec/clase_DOM/ValidaciónFormulario/form.css [6ms]
2024-05-10 02:31:06.381 [info] > git cat-file -s 8eb30be0ec0d23e3fe6109029472e8bd9549d486 [2ms]
2024-05-10 02:31:13.019 [info] > git show --textconv :IntegrarTec/clase_DOM/VentanaModal/styles.css [11ms]
2024-05-10 02:31:13.020 [info] > git ls-files --stage -- /home/triana/IntegrarTec/clase_DOM/VentanaModal/styles.css [2ms]
2024-05-10 02:32:28.281 [info] > git show --textconv :IntegrarTec/clase_DOM/ValidaciónFormulario/form.css [11ms]
2024-05-10 02:32:28.285 [info] > git ls-files --stage -- /home/triana/IntegrarTec/clase_DOM/ValidaciónFormulario/form.css [5ms]
2024-05-10 02:32:28.296 [info] > git cat-file -s 8eb30be0ec0d23e3fe6109029472e8bd9549d486 [2ms]
2024-05-10 02:32:52.995 [info] > git show --textconv :IntegrarTec/clase_DOM/VentanaModal/index.html [10ms]
2024-05-10 02:32:52.996 [info] > git ls-files --stage -- /home/triana/IntegrarTec/clase_DOM/VentanaModal/index.html [2ms]
2024-05-10 02:32:53.958 [info] > git show --textconv :IntegrarTec/clase_DOM/VentanaModal/styles.css [11ms]
2024-05-10 02:32:53.959 [info] > git ls-files --stage -- /home/triana/IntegrarTec/clase_DOM/VentanaModal/styles.css [2ms]
2024-05-10 02:33:01.425 [info] > git fetch [763ms]
2024-05-10 02:33:01.444 [info] > git config --get commit.template [10ms]
2024-05-10 02:33:01.454 [info] > git for-each-ref --format=%(refname)%00%(upstream:short)%00%(objectname)%00%(upstream:track)%00%(upstream:remotename)%00%(upstream:remoteref) refs/heads/main refs/remotes/main [1ms]
2024-05-10 02:33:01.464 [info] > git status -z -uall [1ms]
2024-05-10 02:33:02.184 [info] > git fetch [742ms]
2024-05-10 02:33:02.193 [info] > git config --get commit.template [0ms]
2024-05-10 02:33:02.205 [info] > git for-each-ref --format=%(refname)%00%(upstream:short)%00%(objectname)%00%(upstream:track)%00%(upstream:remotename)%00%(upstream:remoteref) refs/heads/main refs/remotes/main [2ms]
2024-05-10 02:33:02.379 [info] > git status -z -uall [166ms] (cancelled)
2024-05-10 02:33:03.197 [info] > git config --get commit.template [2ms]
2024-05-10 02:33:03.211 [info] > git for-each-ref --format=%(refname)%00%(upstream:short)%00%(objectname)%00%(upstream:track)%00%(upstream:remotename)%00%(upstream:remoteref) refs/heads/main refs/remotes/main [1ms]
2024-05-10 02:33:03.296 [info] > git status -z -uall [72ms]
2024-05-10 02:33:03.429 [info] > git ls-files --stage -- /home/triana/IntegrarTec/clase_DOM/VentanaModal/styles.css [1ms]
2024-05-10 02:33:03.488 [info] > git show --textconv :IntegrarTec/clase_DOM/VentanaModal/styles.css [1ms]
2024-05-10 02:33:21.595 [info] > git show --textconv :IntegrarTec/clase_DOM/VentanaModal/index.html [14ms]
2024-05-10 02:33:21.596 [info] > git ls-files --stage -- /home/triana/IntegrarTec/clase_DOM/VentanaModal/index.html [2ms]
2024-05-10 02:33:36.159 [info] > git show --textconv :IntegrarTec/clase_DOM/VentanaModal/styles.css [16ms]
2024-05-10 02:33:36.160 [info] > git ls-files --stage -- /home/triana/IntegrarTec/clase_DOM/VentanaModal/styles.css [4ms]
2024-05-10 02:33:37.441 [info] > git show --textconv :IntegrarTec/clase_DOM/VentanaModal/modal.js [14ms]
2024-05-10 02:33:37.443 [info] > git ls-files --stage -- /home/triana/IntegrarTec/clase_DOM/VentanaModal/modal.js [4ms]
2024-05-10 02:33:52.005 [info] > git show --textconv :IntegrarTec/clase_DOM/VentanaModal/index.html [9ms]
2024-05-10 02:33:52.007 [info] > git ls-files --stage -- /home/triana/IntegrarTec/clase_DOM/VentanaModal/index.html [3ms]
2024-05-10 02:34:18.362 [info] > git show --textconv :IntegrarTec/clase_DOM/VentanaModal/modal.js [17ms]
2024-05-10 02:34:18.362 [info] > git ls-files --stage -- /home/triana/IntegrarTec/clase_DOM/VentanaModal/modal.js [3ms]
2024-05-10 02:34:30.911 [info] > git show --textconv :IntegrarTec/clase_DOM/VentanaModal/index.html [10ms]
2024-05-10 02:34:30.913 [info] > git ls-files --stage -- /home/triana/IntegrarTec/clase_DOM/VentanaModal/index.html [2ms]
2024-05-10 02:34:41.374 [info] > git show --textconv :IntegrarTec/clase_DOM/VentanaModal/modal.js [15ms]
2024-05-10 02:34:41.377 [info] > git ls-files --stage -- /home/triana/IntegrarTec/clase_DOM/VentanaModal/modal.js [4ms]
2024-05-10 02:35:01.500 [info] > git show --textconv :IntegrarTec/clase_DOM/VentanaModal/index.html [12ms]
2024-05-10 02:35:01.501 [info] > git ls-files --stage -- /home/triana/IntegrarTec/clase_DOM/VentanaModal/index.html [2ms]
2024-05-10 02:35:08.881 [info] > git show --textconv :IntegrarTec/clase_DOM/VentanaModal/styles.css [10ms]
2024-05-10 02:35:08.881 [info] > git ls-files --stage -- /home/triana/IntegrarTec/clase_DOM/VentanaModal/styles.css [2ms]
2024-05-10 02:36:11.913 [info] > git fetch [897ms]
2024-05-10 02:36:11.915 [info] > git fetch [916ms]
2024-05-10 02:36:11.943 [info] > git config --get commit.template [16ms]
2024-05-10 02:36:11.944 [info] > git config --get commit.template [3ms]
2024-05-10 02:36:11.964 [info] > git for-each-ref --format=%(refname)%00%(upstream:short)%00%(objectname)%00%(upstream:track)%00%(upstream:remotename)%00%(upstream:remoteref) refs/heads/main refs/remotes/main [12ms]
2024-05-10 02:36:11.964 [info] > git for-each-ref --format=%(refname)%00%(upstream:short)%00%(objectname)%00%(upstream:track)%00%(upstream:remotename)%00%(upstream:remoteref) refs/heads/main refs/remotes/main [2ms]
2024-05-10 02:36:11.990 [info] > git status -z -uall [3ms]
2024-05-10 02:36:12.955 [info] > git status -z -uall [978ms] (cancelled)
2024-05-10 02:36:13.046 [info] > git config --get commit.template [1ms]
2024-05-10 02:36:13.061 [info] > git for-each-ref --format=%(refname)%00%(upstream:short)%00%(objectname)%00%(upstream:track)%00%(upstream:remotename)%00%(upstream:remoteref) refs/heads/main refs/remotes/main [2ms]
2024-05-10 02:36:13.075 [info] > git status -z -uall [1ms]
2024-05-10 02:36:13.153 [info] > git ls-files --stage -- /home/triana/IntegrarTec/clase_DOM/VentanaModal/styles.css [5ms]
2024-05-10 02:36:13.169 [info] > git show --textconv :IntegrarTec/clase_DOM/VentanaModal/styles.css [2ms]
2024-05-10 02:36:26.444 [info] > git show --textconv :IntegrarTec/clase_DOM/VentanaModal/index.html [12ms]
2024-05-10 02:36:26.445 [info] > git ls-files --stage -- /home/triana/IntegrarTec/clase_DOM/VentanaModal/index.html [2ms]
2024-05-10 02:36:41.489 [info] > git show --textconv :IntegrarTec/clase_DOM/ValidaciónFormulario/form.css [14ms]
2024-05-10 02:36:41.489 [info] > git ls-files --stage -- /home/triana/IntegrarTec/clase_DOM/ValidaciónFormulario/form.css [2ms]
2024-05-10 02:36:41.500 [info] > git cat-file -s 8eb30be0ec0d23e3fe6109029472e8bd9549d486 [1ms]
2024-05-10 02:36:45.946 [info] > git show --textconv :IntegrarTec/clase_DOM/VentanaModal/styles.css [11ms]
2024-05-10 02:36:45.947 [info] > git ls-files --stage -- /home/triana/IntegrarTec/clase_DOM/VentanaModal/styles.css [3ms]
2024-05-10 02:38:12.822 [info] > git show --textconv :IntegrarTec/clase_DOM/VentanaModal/index.html [15ms]
2024-05-10 02:38:12.822 [info] > git ls-files --stage -- /home/triana/IntegrarTec/clase_DOM/VentanaModal/index.html [3ms]
2024-05-10 02:38:44.893 [info] > git show --textconv :IntegrarTec/clase_DOM/VentanaModal/styles.css [10ms]
2024-05-10 02:38:44.894 [info] > git ls-files --stage -- /home/triana/IntegrarTec/clase_DOM/VentanaModal/styles.css [2ms]
2024-05-10 02:39:49.119 [info] > git fetch [799ms]
2024-05-10 02:39:49.143 [info] > git fetch [809ms]
2024-05-10 02:39:49.144 [info] > git config --get commit.template [12ms]
2024-05-10 02:39:49.152 [info] > git for-each-ref --format=%(refname)%00%(upstream:short)%00%(objectname)%00%(upstream:track)%00%(upstream:remotename)%00%(upstream:remoteref) refs/heads/main refs/remotes/main [10ms]
2024-05-10 02:39:49.153 [info] > git config --get commit.template [1ms]
2024-05-10 02:39:49.176 [info] > git for-each-ref --format=%(refname)%00%(upstream:short)%00%(objectname)%00%(upstream:track)%00%(upstream:remotename)%00%(upstream:remoteref) refs/heads/main refs/remotes/main [13ms]
2024-05-10 02:39:49.176 [info] > git status -z -uall [1ms]
2024-05-10 02:39:49.378 [info] > git status -z -uall [185ms] (cancelled)
2024-05-10 02:39:50.231 [info] > git show --textconv :IntegrarTec/clase_DOM/VentanaModal/index.html [27ms]
2024-05-10 02:39:50.231 [info] > git ls-files --stage -- /home/triana/IntegrarTec/clase_DOM/VentanaModal/index.html [14ms]
2024-05-10 02:39:50.232 [info] > git config --get commit.template [2ms]
2024-05-10 02:39:50.248 [info] > git for-each-ref --format=%(refname)%00%(upstream:short)%00%(objectname)%00%(upstream:track)%00%(upstream:remotename)%00%(upstream:remoteref) refs/heads/main refs/remotes/main [1ms]
2024-05-10 02:39:50.275 [info] > git status -z -uall [1ms]
2024-05-10 02:39:50.311 [info] > git ls-files --stage -- /home/triana/IntegrarTec/clase_DOM/VentanaModal/index.html [1ms]
2024-05-10 02:39:50.367 [info] > git show --textconv :IntegrarTec/clase_DOM/VentanaModal/index.html [1ms]
2024-05-10 02:39:57.048 [info] > git show --textconv :IntegrarTec/clase_DOM/VentanaModal/styles.css [12ms]
2024-05-10 02:39:57.049 [info] > git ls-files --stage -- /home/triana/IntegrarTec/clase_DOM/VentanaModal/styles.css [2ms]
2024-05-10 02:40:17.290 [info] > git show --textconv :IntegrarTec/clase_DOM/ValidaciónFormulario/form.css [14ms]
2024-05-10 02:40:17.292 [info] > git ls-files --stage -- /home/triana/IntegrarTec/clase_DOM/ValidaciónFormulario/form.css [3ms]
2024-05-10 02:40:17.304 [info] > git cat-file -s 8eb30be0ec0d23e3fe6109029472e8bd9549d486 [1ms]
2024-05-10 02:40:28.811 [info] > git show --textconv :IntegrarTec/clase_DOM/VentanaModal/styles.css [17ms]
2024-05-10 02:40:28.811 [info] > git ls-files --stage -- /home/triana/IntegrarTec/clase_DOM/VentanaModal/styles.css [2ms]
2024-05-10 02:41:36.486 [info] > git show --textconv :IntegrarTec/clase_DOM/VentanaModal/index.html [9ms]
2024-05-10 02:41:36.487 [info] > git ls-files --stage -- /home/triana/IntegrarTec/clase_DOM/VentanaModal/index.html [1ms]
2024-05-10 02:41:42.670 [info] > git show --textconv :IntegrarTec/clase_DOM/VentanaModal/styles.css [21ms]
2024-05-10 02:41:42.670 [info] > git ls-files --stage -- /home/triana/IntegrarTec/clase_DOM/VentanaModal/styles.css [2ms]
2024-05-10 02:41:57.073 [info] > git show --textconv :IntegrarTec/clase_DOM/VentanaModal/index.html [12ms]
2024-05-10 02:41:57.074 [info] > git ls-files --stage -- /home/triana/IntegrarTec/clase_DOM/VentanaModal/index.html [2ms]
2024-05-10 02:42:49.965 [info] > git fetch [777ms]
2024-05-10 02:42:49.974 [info] > git config --get commit.template [1ms]
2024-05-10 02:42:49.984 [info] > git for-each-ref --format=%(refname)%00%(upstream:short)%00%(objectname)%00%(upstream:track)%00%(upstream:remotename)%00%(upstream:remoteref) refs/heads/main refs/remotes/main [1ms]
2024-05-10 02:42:49.993 [info] > git status -z -uall [1ms]
2024-05-10 02:42:50.168 [info] > git fetch [787ms]
2024-05-10 02:42:50.181 [info] > git config --get commit.template [1ms]
2024-05-10 02:42:50.194 [info] > git for-each-ref --format=%(refname)%00%(upstream:short)%00%(objectname)%00%(upstream:track)%00%(upstream:remotename)%00%(upstream:remoteref) refs/heads/main refs/remotes/main [1ms]
2024-05-10 02:42:50.371 [info] > git status -z -uall [162ms] (cancelled)
2024-05-10 02:42:51.219 [info] > git config --get commit.template [1ms]
2024-05-10 02:42:51.234 [info] > git for-each-ref --format=%(refname)%00%(upstream:short)%00%(objectname)%00%(upstream:track)%00%(upstream:remotename)%00%(upstream:remoteref) refs/heads/main refs/remotes/main [1ms]
2024-05-10 02:42:51.265 [info] > git status -z -uall [1ms]
2024-05-10 02:42:51.495 [info] > git ls-files --stage -- /home/triana/IntegrarTec/clase_DOM/VentanaModal/index.html [1ms]
2024-05-10 02:42:51.558 [info] > git show --textconv :IntegrarTec/clase_DOM/VentanaModal/index.html [1ms]
2024-05-10 02:42:53.175 [info] > git show --textconv :IntegrarTec/clase_DOM/VentanaModal/styles.css [11ms]
2024-05-10 02:42:53.176 [info] > git ls-files --stage -- /home/triana/IntegrarTec/clase_DOM/VentanaModal/styles.css [1ms]
2024-05-10 02:43:58.331 [info] > git show --textconv :IntegrarTec/clase_DOM/VentanaModal/index.html [14ms]
2024-05-10 02:43:58.333 [info] > git ls-files --stage -- /home/triana/IntegrarTec/clase_DOM/VentanaModal/index.html [1ms]
2024-05-10 02:44:04.629 [info] > git show --textconv :IntegrarTec/clase_DOM/VentanaModal/styles.css [10ms]
2024-05-10 02:44:04.630 [info] > git ls-files --stage -- /home/triana/IntegrarTec/clase_DOM/VentanaModal/styles.css [0ms]
2024-05-10 02:44:07.239 [info] > git show --textconv :IntegrarTec/clase_DOM/VentanaModal/index.html [10ms]
2024-05-10 02:44:07.239 [info] > git ls-files --stage -- /home/triana/IntegrarTec/clase_DOM/VentanaModal/index.html [1ms]
2024-05-10 02:44:16.423 [info] > git show --textconv :IntegrarTec/clase_DOM/VentanaModal/styles.css [11ms]
2024-05-10 02:44:16.423 [info] > git ls-files --stage -- /home/triana/IntegrarTec/clase_DOM/VentanaModal/styles.css [1ms]
2024-05-10 02:45:50.761 [info] > git fetch [758ms]
2024-05-10 02:45:50.770 [info] > git config --get commit.template [0ms]
2024-05-10 02:45:50.780 [info] > git for-each-ref --format=%(refname)%00%(upstream:short)%00%(objectname)%00%(upstream:track)%00%(upstream:remotename)%00%(upstream:remoteref) refs/heads/main refs/remotes/main [1ms]
2024-05-10 02:45:50.790 [info] > git status -z -uall [1ms]
2024-05-10 02:45:51.111 [info] > git fetch [742ms]
2024-05-10 02:45:51.129 [info] > git config --get commit.template [9ms]
2024-05-10 02:45:51.129 [info] > git for-each-ref --format=%(refname)%00%(upstream:short)%00%(objectname)%00%(upstream:track)%00%(upstream:remotename)%00%(upstream:remoteref) refs/heads/main refs/remotes/main [0ms]
2024-05-10 02:45:51.937 [info] > git status -z -uall [799ms] (cancelled)
2024-05-10 02:45:51.952 [info] > git config --get commit.template [2ms]
2024-05-10 02:45:51.965 [info] > git for-each-ref --format=%(refname)%00%(upstream:short)%00%(objectname)%00%(upstream:track)%00%(upstream:remotename)%00%(upstream:remoteref) refs/heads/main refs/remotes/main [1ms]
2024-05-10 02:45:51.975 [info] > git status -z -uall [1ms]
2024-05-10 02:45:53.052 [info] > git ls-files --stage -- /home/triana/IntegrarTec/clase_DOM/VentanaModal/styles.css [1ms]
2024-05-10 02:45:53.068 [info] > git show --textconv :IntegrarTec/clase_DOM/VentanaModal/styles.css [1ms]
2024-05-10 02:46:32.255 [info] > git show --textconv :IntegrarTec/clase_DOM/VentanaModal/index.html [10ms]
2024-05-10 02:46:32.256 [info] > git ls-files --stage -- /home/triana/IntegrarTec/clase_DOM/VentanaModal/index.html [2ms]
2024-05-10 02:46:39.773 [info] > git show --textconv :IntegrarTec/clase_DOM/VentanaModal/styles.css [13ms]
2024-05-10 02:46:39.774 [info] > git ls-files --stage -- /home/triana/IntegrarTec/clase_DOM/VentanaModal/styles.css [4ms]
2024-05-10 02:47:14.425 [info] > git show --textconv :IntegrarTec/clase_DOM/VentanaModal/index.html [11ms]
2024-05-10 02:47:14.426 [info] > git ls-files --stage -- /home/triana/IntegrarTec/clase_DOM/VentanaModal/index.html [2ms]
2024-05-10 02:47:21.165 [info] > git show --textconv :IntegrarTec/clase_DOM/VentanaModal/styles.css [11ms]
2024-05-10 02:47:21.167 [info] > git ls-files --stage -- /home/triana/IntegrarTec/clase_DOM/VentanaModal/styles.css [3ms]
2024-05-10 02:48:53.127 [info] > git show --textconv :IntegrarTec/clase_DOM/ValidaciónFormulario/form.css [13ms]
2024-05-10 02:48:53.128 [info] > git ls-files --stage -- /home/triana/IntegrarTec/clase_DOM/ValidaciónFormulario/form.css [2ms]
2024-05-10 02:48:53.140 [info] > git cat-file -s 8eb30be0ec0d23e3fe6109029472e8bd9549d486 [4ms]
2024-05-10 02:48:53.755 [info] > git fetch [822ms]
2024-05-10 02:48:53.784 [info] > git config --get commit.template [11ms]
2024-05-10 02:48:53.784 [info] > git for-each-ref --format=%(refname)%00%(upstream:short)%00%(objectname)%00%(upstream:track)%00%(upstream:remotename)%00%(upstream:remoteref) refs/heads/main refs/remotes/main [1ms]
2024-05-10 02:48:53.785 [info] > git fetch [835ms]
2024-05-10 02:48:53.817 [info] > git status -z -uall [12ms]
2024-05-10 02:48:53.819 [info] > git config --get commit.template [26ms]
2024-05-10 02:48:53.820 [info] > git for-each-ref --format=%(refname)%00%(upstream:short)%00%(objectname)%00%(upstream:track)%00%(upstream:remotename)%00%(upstream:remoteref) refs/heads/main refs/remotes/main [4ms]
2024-05-10 02:48:54.003 [info] > git status -z -uall [170ms] (cancelled)
2024-05-10 02:48:54.850 [info] > git config --get commit.template [1ms]
2024-05-10 02:48:54.861 [info] > git for-each-ref --format=%(refname)%00%(upstream:short)%00%(objectname)%00%(upstream:track)%00%(upstream:remotename)%00%(upstream:remoteref) refs/heads/main refs/remotes/main [1ms]
2024-05-10 02:48:54.871 [info] > git status -z -uall [1ms]
2024-05-10 02:48:55.110 [info] > git ls-files --stage -- /home/triana/IntegrarTec/clase_DOM/ValidaciónFormulario/form.css [1ms]
2024-05-10 02:48:55.121 [info] > git cat-file -s 8eb30be0ec0d23e3fe6109029472e8bd9549d486 [1ms]
2024-05-10 02:48:55.136 [info] > git show --textconv :IntegrarTec/clase_DOM/ValidaciónFormulario/form.css [2ms]
2024-05-10 02:51:54.647 [info] > git fetch [814ms]
2024-05-10 02:51:54.658 [info] > git config --get commit.template [1ms]
2024-05-10 02:51:54.668 [info] > git for-each-ref --format=%(refname)%00%(upstream:short)%00%(objectname)%00%(upstream:track)%00%(upstream:remotename)%00%(upstream:remoteref) refs/heads/main refs/remotes/main [1ms]
2024-05-10 02:51:54.678 [info] > git status -z -uall [2ms]
2024-05-10 02:51:54.762 [info] > git fetch [762ms]
2024-05-10 02:51:54.774 [info] > git config --get commit.template [1ms]
2024-05-10 02:51:54.784 [info] > git for-each-ref --format=%(refname)%00%(upstream:short)%00%(objectname)%00%(upstream:track)%00%(upstream:remotename)%00%(upstream:remoteref) refs/heads/main refs/remotes/main [1ms]
2024-05-10 02:51:55.603 [info] > git status -z -uall [810ms] (cancelled)
2024-05-10 02:51:55.739 [info] > git config --get commit.template [1ms]
2024-05-10 02:51:55.753 [info] > git for-each-ref --format=%(refname)%00%(upstream:short)%00%(objectname)%00%(upstream:track)%00%(upstream:remotename)%00%(upstream:remoteref) refs/heads/main refs/remotes/main [1ms]
2024-05-10 02:51:55.764 [info] > git status -z -uall [1ms]
2024-05-10 02:51:56.731 [info] > git ls-files --stage -- /home/triana/IntegrarTec/clase_DOM/ValidaciónFormulario/form.css [3ms]
2024-05-10 02:51:56.742 [info] > git cat-file -s 8eb30be0ec0d23e3fe6109029472e8bd9549d486 [1ms]
2024-05-10 02:51:56.758 [info] > git show --textconv :IntegrarTec/clase_DOM/ValidaciónFormulario/form.css [0ms]
2024-05-10 02:52:25.583 [info] > git ls-files --stage -- /home/triana/IntegrarTec/clase_DOM/ValidaciónFormulario/form.css [1ms]
2024-05-10 02:52:25.593 [info] > git cat-file -s ca8fa385926cda60761c5c8d442349e1aa665abf [1ms]
2024-05-10 02:52:25.611 [info] > git show --textconv :IntegrarTec/clase_DOM/ValidaciónFormulario/form.css [2ms]
2024-05-10 02:52:44.595 [info] > git ls-files --stage -- /home/triana/IntegrarTec/clase_DOM/ValidaciónFormulario/form.css [1ms]
2024-05-10 02:52:44.605 [info] > git cat-file -s ca8fa385926cda60761c5c8d442349e1aa665abf [1ms]
2024-05-10 02:52:44.620 [info] > git show --textconv :IntegrarTec/clase_DOM/ValidaciónFormulario/form.css [1ms]
2024-05-10 02:53:38.647 [info] > git ls-files --stage -- /home/triana/IntegrarTec/clase_DOM/ValidaciónFormulario/form.css [1ms]
2024-05-10 02:53:38.657 [info] > git cat-file -s ca8fa385926cda60761c5c8d442349e1aa665abf [1ms]
2024-05-10 02:53:38.674 [info] > git show --textconv :IntegrarTec/clase_DOM/ValidaciónFormulario/form.css [1ms]
2024-05-10 02:55:23.620 [info] > git fetch [787ms]
2024-05-10 02:55:23.631 [info] > git fetch [777ms]
2024-05-10 02:55:23.632 [info] > git config --get commit.template [2ms]
2024-05-10 02:55:23.649 [info] > git config --get commit.template [10ms]
2024-05-10 02:55:23.649 [info] > git for-each-ref --format=%(refname)%00%(upstream:short)%00%(objectname)%00%(upstream:track)%00%(upstream:remotename)%00%(upstream:remoteref) refs/heads/main refs/remotes/main [1ms]
2024-05-10 02:55:23.669 [info] > git for-each-ref --format=%(refname)%00%(upstream:short)%00%(objectname)%00%(upstream:track)%00%(upstream:remotename)%00%(upstream:remoteref) refs/heads/main refs/remotes/main [11ms]
2024-05-10 02:55:23.669 [info] > git status -z -uall [1ms]
2024-05-10 02:55:23.854 [info] > git status -z -uall [169ms] (cancelled)
2024-05-10 02:55:23.854 [info] > git merge-base refs/heads/main refs/remotes/origin/main [73ms]
2024-05-10 02:55:24.555 [info] > git rev-list --count --left-right refs/heads/main...refs/remotes/origin/main [680ms]
2024-05-10 02:55:24.568 [info] > git diff --name-status -z --diff-filter=ADMR cbb131005a69069d56e3e9dc107af373fac42327...refs/remotes/origin/main [1ms]
2024-05-10 02:55:24.870 [info] > git config --get commit.template [1ms]
2024-05-10 02:55:24.885 [info] > git for-each-ref --format=%(refname)%00%(upstream:short)%00%(objectname)%00%(upstream:track)%00%(upstream:remotename)%00%(upstream:remoteref) refs/heads/main refs/remotes/main [0ms]
2024-05-10 02:55:24.895 [info] > git status -z -uall [1ms]
2024-05-10 02:55:24.973 [info] > git ls-files --stage -- /home/triana/IntegrarTec/clase_DOM/ValidaciónFormulario/form.css [1ms]
2024-05-10 02:55:24.989 [info] > git cat-file -s ca8fa385926cda60761c5c8d442349e1aa665abf [1ms]
2024-05-10 02:55:25.004 [info] > git show --textconv :IntegrarTec/clase_DOM/ValidaciónFormulario/form.css [1ms]
2024-05-10 02:56:32.336 [info] > git ls-files --stage -- /home/triana/IntegrarTec/clase_DOM/ValidaciónFormulario/form.css [1ms]
2024-05-10 02:56:32.347 [info] > git cat-file -s ca8fa385926cda60761c5c8d442349e1aa665abf [1ms]
2024-05-10 02:56:32.361 [info] > git show --textconv :IntegrarTec/clase_DOM/ValidaciónFormulario/form.css [2ms]
2024-05-10 02:59:21.623 [info] > git fetch [788ms]
2024-05-10 02:59:21.643 [info] > git config --get commit.template [10ms]
2024-05-10 02:59:21.644 [info] > git for-each-ref --format=%(refname)%00%(upstream:short)%00%(objectname)%00%(upstream:track)%00%(upstream:remotename)%00%(upstream:remoteref) refs/heads/main refs/remotes/main [1ms]
2024-05-10 02:59:21.645 [info] > git fetch [794ms]
2024-05-10 02:59:21.655 [info] > git config --get commit.template [0ms]
2024-05-10 02:59:21.674 [info] > git status -z -uall [10ms]
2024-05-10 02:59:21.676 [info] > git for-each-ref --format=%(refname)%00%(upstream:short)%00%(objectname)%00%(upstream:track)%00%(upstream:remotename)%00%(upstream:remoteref) refs/heads/main refs/remotes/main [3ms]
2024-05-10 02:59:21.855 [info] > git status -z -uall [161ms] (cancelled)
2024-05-10 02:59:23.433 [info] > git config --get commit.template [21ms]
2024-05-10 02:59:23.451 [info] > git ls-files --stage -- /home/triana/IntegrarTec/clase_DOM/ValidaciónFormulario/form.css [19ms]
2024-05-10 02:59:23.464 [info] > git for-each-ref --format=%(refname)%00%(upstream:short)%00%(objectname)%00%(upstream:track)%00%(upstream:remotename)%00%(upstream:remoteref) refs/heads/main refs/remotes/main [13ms]
2024-05-10 02:59:23.464 [info] > git cat-file -s ca8fa385926cda60761c5c8d442349e1aa665abf [1ms]
2024-05-10 02:59:23.492 [info] > git status -z -uall [15ms]
2024-05-10 02:59:23.494 [info] > git show --textconv :IntegrarTec/clase_DOM/ValidaciónFormulario/form.css [3ms]
2024-05-10 03:00:22.474 [info] > git ls-files --stage -- /home/triana/IntegrarTec/clase_DOM/ValidaciónFormulario/form.css [1ms]
2024-05-10 03:00:22.486 [info] > git cat-file -s ca8fa385926cda60761c5c8d442349e1aa665abf [2ms]
2024-05-10 03:00:22.500 [info] > git show --textconv :IntegrarTec/clase_DOM/ValidaciónFormulario/form.css [1ms]
2024-05-10 03:00:34.481 [info] > git ls-files --stage -- /home/triana/IntegrarTec/clase_DOM/ValidaciónFormulario/form.css [2ms]
2024-05-10 03:00:34.492 [info] > git cat-file -s ca8fa385926cda60761c5c8d442349e1aa665abf [1ms]
2024-05-10 03:00:34.506 [info] > git show --textconv :IntegrarTec/clase_DOM/ValidaciónFormulario/form.css [1ms]
2024-05-10 03:00:59.141 [info] > git merge-base refs/heads/main refs/remotes/origin/main [1ms]
2024-05-10 03:00:59.161 [info] > git rev-list --count --left-right refs/heads/main...refs/remotes/origin/main [1ms]
2024-05-10 03:02:03.826 [info] > git ls-files --stage -- /home/triana/IntegrarTec/clase_DOM/ValidaciónFormulario/form.css [1ms]
2024-05-10 03:02:03.836 [info] > git cat-file -s ca8fa385926cda60761c5c8d442349e1aa665abf [1ms]
2024-05-10 03:02:03.851 [info] > git show --textconv :IntegrarTec/clase_DOM/ValidaciónFormulario/form.css [2ms]
2024-05-10 03:02:22.548 [info] > git fetch [860ms]
2024-05-10 03:02:22.558 [info] > git config --get commit.template [1ms]
2024-05-10 03:02:22.568 [info] > git for-each-ref --format=%(refname)%00%(upstream:short)%00%(objectname)%00%(upstream:track)%00%(upstream:remotename)%00%(upstream:remoteref) refs/heads/main refs/remotes/main [2ms]
2024-05-10 03:02:22.587 [info] > git status -z -uall [7ms]
2024-05-10 03:02:22.589 [info] > git fetch [725ms]
2024-05-10 03:02:22.607 [info] > git for-each-ref --format=%(refname)%00%(upstream:short)%00%(objectname)%00%(upstream:track)%00%(upstream:remotename)%00%(upstream:remoteref) refs/heads/main refs/remotes/main [2ms]
2024-05-10 03:02:23.807 [info] > git status -z -uall [1192ms] (cancelled)
2024-05-10 03:02:24.863 [info] > git config --get commit.template [1ms]
2024-05-10 03:02:24.878 [info] > git for-each-ref --format=%(refname)%00%(upstream:short)%00%(objectname)%00%(upstream:track)%00%(upstream:remotename)%00%(upstream:remoteref) refs/heads/main refs/remotes/main [2ms]
2024-05-10 03:02:24.896 [info] > git status -z -uall [2ms]
2024-05-10 03:02:24.925 [info] > git ls-files --stage -- /home/triana/IntegrarTec/clase_DOM/ValidaciónFormulario/form.css [2ms]
2024-05-10 03:02:24.941 [info] > git cat-file -s ca8fa385926cda60761c5c8d442349e1aa665abf [1ms]
2024-05-10 03:02:24.962 [info] > git show --textconv :IntegrarTec/clase_DOM/ValidaciónFormulario/form.css [1ms]
2024-05-10 03:02:39.207 [info] > git -c user.useConfigOnly=true commit --quiet --allow-empty-message --file - [10ms]
2024-05-10 03:02:39.230 [info] > git config --get commit.template [2ms]
2024-05-10 03:02:39.247 [info] > git config --get commit.template [1ms]
2024-05-10 03:02:39.261 [info] > git for-each-ref --format=%(refname)%00%(upstream:short)%00%(objectname)%00%(upstream:track)%00%(upstream:remotename)%00%(upstream:remoteref) refs/heads/main refs/remotes/main [1ms]
2024-05-10 03:02:39.467 [info] > git status -z -uall [191ms] (cancelled)
2024-05-10 03:02:39.468 [info] > git merge-base refs/heads/main refs/remotes/origin/main [86ms]
2024-05-10 03:02:40.567 [info] > git rev-list --count --left-right refs/heads/main...refs/remotes/origin/main [1086ms]
2024-05-10 03:02:40.597 [info] > git diff --name-status -z --diff-filter=ADMR 81093e191239d24cd7919d34c56a075beb876bb4...refs/remotes/origin/main [17ms]
2024-05-10 03:02:40.599 [info] > git merge-base refs/heads/main refs/remotes/origin/main [38ms]
2024-05-10 03:02:40.619 [info] > git config --get commit.template [21ms]
2024-05-10 03:02:40.639 [info] > git rev-list --count --left-right refs/heads/main...refs/remotes/origin/main [22ms]
2024-05-10 03:02:40.640 [info] > git for-each-ref --format=%(refname)%00%(upstream:short)%00%(objectname)%00%(upstream:track)%00%(upstream:remotename)%00%(upstream:remoteref) refs/heads/main refs/remotes/main [3ms]
2024-05-10 03:02:40.933 [info] > git status -z -uall [276ms] (cancelled)
2024-05-10 03:02:41.807 [info] > git ls-files --stage -- /home/triana/IntegrarTec/clase_DOM/ValidaciónFormulario/form.css [1ms]
2024-05-10 03:02:41.820 [info] > git cat-file -s ca8fa385926cda60761c5c8d442349e1aa665abf [1ms]
2024-05-10 03:02:41.851 [info] > git show --textconv :IntegrarTec/clase_DOM/ValidaciónFormulario/form.css [2ms]
