2024-05-08 13:51:42.824 [info] Extension host with pid 503 started
2024-05-08 13:51:42.824 [error] Error: EEXIST: file already exists, open '/home/triana/.vscode-server/data/User/workspaceStorage/326f81cc62126984a6545c63c9bca721/vscode.lock'
2024-05-08 13:51:42.848 [error] SyntaxError: Unexpected end of JSON input
    at JSON.parse (<anonymous>)
    at f (/home/triana/.vscode-server/bin/b58957e67ee1e712cebf466b995adf4c5307b2bd/out/vs/workbench/api/node/extensionHostProcess.js:157:57535)
    at async h (/home/triana/.vscode-server/bin/b58957e67ee1e712cebf466b995adf4c5307b2bd/out/vs/workbench/api/node/extensionHostProcess.js:157:57176)
    at async A.g (/home/triana/.vscode-server/bin/b58957e67ee1e712cebf466b995adf4c5307b2bd/out/vs/workbench/api/node/extensionHostProcess.js:157:56013)
    at async A.h (/home/triana/.vscode-server/bin/b58957e67ee1e712cebf466b995adf4c5307b2bd/out/vs/workbench/api/node/extensionHostProcess.js:154:8008)
2024-05-08 13:51:42.848 [info] Lock '/home/triana/.vscode-server/data/User/workspaceStorage/326f81cc62126984a6545c63c9bca721/vscode.lock': Could not acquire lock, checking if the file is stale.
2024-05-08 13:51:42.872 [error] SyntaxError: Unexpected end of JSON input
	at JSON.parse (<anonymous>)
	at f (/home/triana/.vscode-server/bin/b58957e67ee1e712cebf466b995adf4c5307b2bd/out/vs/workbench/api/node/extensionHostProcess.js:157:57535)
	at async i (/home/triana/.vscode-server/bin/b58957e67ee1e712cebf466b995adf4c5307b2bd/out/vs/workbench/api/node/extensionHostProcess.js:157:57790)
	at async A.g (/home/triana/.vscode-server/bin/b58957e67ee1e712cebf466b995adf4c5307b2bd/out/vs/workbench/api/node/extensionHostProcess.js:157:56013)
	at async A.h (/home/triana/.vscode-server/bin/b58957e67ee1e712cebf466b995adf4c5307b2bd/out/vs/workbench/api/node/extensionHostProcess.js:154:8008)
2024-05-08 13:51:42.872 [info] Lock '/home/triana/.vscode-server/data/User/workspaceStorage/326f81cc62126984a6545c63c9bca721/vscode.lock': Could not read pid of lock holder.
2024-05-08 13:51:42.872 [info] Lock '/home/triana/.vscode-server/data/User/workspaceStorage/326f81cc62126984a6545c63c9bca721/vscode.lock': Deleting a stale lock.
2024-05-08 13:51:42.916 [info] ExtensionService#_doActivateExtension vscode.emmet, startup: false, activationEvent: 'onLanguage'
2024-05-08 13:51:42.917 [info] ExtensionService#_doActivateExtension vscode.extension-editing, startup: false, activationEvent: 'onLanguage:markdown'
2024-05-08 13:51:42.918 [info] ExtensionService#_doActivateExtension vscode.markdown-language-features, startup: false, activationEvent: 'onLanguage:markdown'
2024-05-08 13:51:42.946 [info] Lock '/home/triana/.vscode-server/data/User/workspaceStorage/326f81cc62126984a6545c63c9bca721/vscode.lock': Lock acquired.
2024-05-08 13:51:43.928 [info] ExtensionService#_doActivateExtension vscode.git-base, startup: true, activationEvent: '*', root cause: vscode.git
2024-05-08 13:51:44.365 [info] ExtensionService#_doActivateExtension vscode.git, startup: true, activationEvent: '*'
2024-05-08 13:51:44.366 [info] ExtensionService#_doActivateExtension vscode.github, startup: true, activationEvent: '*'
2024-05-08 13:51:44.932 [info] ExtensionService#_doActivateExtension vscode.markdown-math, startup: false, activationEvent: 'api', root cause: vscode.markdown-language-features
2024-05-08 13:51:46.015 [info] Eager extensions activated
2024-05-08 13:51:46.015 [info] ExtensionService#_doActivateExtension vscode.debug-auto-launch, startup: false, activationEvent: 'onStartupFinished'
2024-05-08 13:51:46.017 [info] ExtensionService#_doActivateExtension vscode.merge-conflict, startup: false, activationEvent: 'onStartupFinished'
2024-05-08 13:51:47.467 [warning] [Decorations] CAPPING events from decorations provider vscode.git 5696
2024-05-08 13:51:48.990 [warning] [Decorations] CAPPING events from decorations provider vscode.git 5696
2024-05-08 13:51:53.966 [warning] [Decorations] CAPPING events from decorations provider vscode.git 5696
2024-05-08 13:51:59.178 [warning] [Decorations] CAPPING events from decorations provider vscode.git 5696
2024-05-08 13:52:03.883 [info] ExtensionService#_doActivateExtension vscode.css-language-features, startup: false, activationEvent: 'onLanguage:css'
2024-05-08 13:52:04.317 [warning] [Decorations] CAPPING events from decorations provider vscode.git 5697
2024-05-08 13:52:08.830 [info] ExtensionService#_doActivateExtension vscode.html-language-features, startup: false, activationEvent: 'onLanguage:html'
2024-05-08 13:52:09.442 [warning] [Decorations] CAPPING events from decorations provider vscode.git 5698
2024-05-08 13:52:14.537 [warning] [Decorations] CAPPING events from decorations provider vscode.git 5698
2024-05-08 13:52:19.691 [warning] [Decorations] CAPPING events from decorations provider vscode.git 5698
2024-05-08 13:52:24.779 [warning] [Decorations] CAPPING events from decorations provider vscode.git 5698
2024-05-08 13:52:28.881 [info] Extension host terminating: received terminate message from renderer
2024-05-08 13:52:28.882 [info] Lock '/home/triana/.vscode-server/data/User/workspaceStorage/326f81cc62126984a6545c63c9bca721/vscode.lock': Marking the lockfile as scheduled to be released in 6000 ms.
2024-05-08 13:52:28.938 [error] Canceled: Canceled
	at new O (/home/triana/.vscode-server/bin/b58957e67ee1e712cebf466b995adf4c5307b2bd/out/vs/workbench/api/node/extensionHostProcess.js:145:47131)
	at c.U (/home/triana/.vscode-server/bin/b58957e67ee1e712cebf466b995adf4c5307b2bd/out/vs/workbench/api/node/extensionHostProcess.js:152:5542)
	at F.<computed>.z.charCodeAt.F.<computed> (/home/triana/.vscode-server/bin/b58957e67ee1e712cebf466b995adf4c5307b2bd/out/vs/workbench/api/node/extensionHostProcess.js:152:2993)
	at r.g (/home/triana/.vscode-server/bin/b58957e67ee1e712cebf466b995adf4c5307b2bd/out/vs/workbench/api/node/extensionHostProcess.js:155:188928)
	at r.executeCommand (/home/triana/.vscode-server/bin/b58957e67ee1e712cebf466b995adf4c5307b2bd/out/vs/workbench/api/node/extensionHostProcess.js:155:188366)
	at E.registerCommand.description (/home/triana/.vscode-server/bin/b58957e67ee1e712cebf466b995adf4c5307b2bd/out/vs/workbench/api/node/extensionHostProcess.js:155:187690)
	at r.h (/home/triana/.vscode-server/bin/b58957e67ee1e712cebf466b995adf4c5307b2bd/out/vs/workbench/api/node/extensionHostProcess.js:155:189467)
	at r.g (/home/triana/.vscode-server/bin/b58957e67ee1e712cebf466b995adf4c5307b2bd/out/vs/workbench/api/node/extensionHostProcess.js:155:188459)
	at r.executeCommand (/home/triana/.vscode-server/bin/b58957e67ee1e712cebf466b995adf4c5307b2bd/out/vs/workbench/api/node/extensionHostProcess.js:155:188366)
	at Object.executeCommand (/home/triana/.vscode-server/bin/b58957e67ee1e712cebf466b995adf4c5307b2bd/out/vs/workbench/api/node/extensionHostProcess.js:165:22673)
	at a.O [as value] (/home/triana/.vscode-server/bin/b58957e67ee1e712cebf466b995adf4c5307b2bd/extensions/git/dist/main.js:2:945138)
	at o.y (/home/triana/.vscode-server/bin/b58957e67ee1e712cebf466b995adf4c5307b2bd/out/vs/workbench/api/node/extensionHostProcess.js:82:660)
	at o.z (/home/triana/.vscode-server/bin/b58957e67ee1e712cebf466b995adf4c5307b2bd/out/vs/workbench/api/node/extensionHostProcess.js:82:730)
	at o.fire (/home/triana/.vscode-server/bin/b58957e67ee1e712cebf466b995adf4c5307b2bd/out/vs/workbench/api/node/extensionHostProcess.js:82:946)
	at Object.p [as dispose] (/home/triana/.vscode-server/bin/b58957e67ee1e712cebf466b995adf4c5307b2bd/extensions/git/dist/main.js:2:964222)
	at /home/triana/.vscode-server/bin/b58957e67ee1e712cebf466b995adf4c5307b2bd/extensions/git/dist/main.js:2:970260
	at Array.forEach (<anonymous>)
	at f.dispose (/home/triana/.vscode-server/bin/b58957e67ee1e712cebf466b995adf4c5307b2bd/extensions/git/dist/main.js:2:970246)
	at h.<anonymous> (/home/triana/.vscode-server/bin/b58957e67ee1e712cebf466b995adf4c5307b2bd/out/vs/workbench/api/node/extensionHostProcess.js:153:3955)
	at h.dispose (/home/triana/.vscode-server/bin/b58957e67ee1e712cebf466b995adf4c5307b2bd/out/vs/workbench/api/node/extensionHostProcess.js:153:4052)
	at h.<anonymous> (/home/triana/.vscode-server/bin/b58957e67ee1e712cebf466b995adf4c5307b2bd/extensions/git/dist/main.js:2:947395)
	at h.dispose (/home/triana/.vscode-server/bin/b58957e67ee1e712cebf466b995adf4c5307b2bd/out/vs/workbench/api/node/extensionHostProcess.js:153:4052)
	at a (/home/triana/.vscode-server/bin/b58957e67ee1e712cebf466b995adf4c5307b2bd/out/vs/workbench/api/node/extensionHostProcess.js:30:744)
	at f.eb (/home/triana/.vscode-server/bin/b58957e67ee1e712cebf466b995adf4c5307b2bd/out/vs/workbench/api/node/extensionHostProcess.js:161:9975)
	at /home/triana/.vscode-server/bin/b58957e67ee1e712cebf466b995adf4c5307b2bd/out/vs/workbench/api/node/extensionHostProcess.js:161:7824
	at Array.map (<anonymous>)
	at f.$ (/home/triana/.vscode-server/bin/b58957e67ee1e712cebf466b995adf4c5307b2bd/out/vs/workbench/api/node/extensionHostProcess.js:161:7811)
	at f.terminate (/home/triana/.vscode-server/bin/b58957e67ee1e712cebf466b995adf4c5307b2bd/out/vs/workbench/api/node/extensionHostProcess.js:161:8085)
	at a.terminate (/home/triana/.vscode-server/bin/b58957e67ee1e712cebf466b995adf4c5307b2bd/out/vs/workbench/api/node/extensionHostProcess.js:165:1513)
	at t (/home/triana/.vscode-server/bin/b58957e67ee1e712cebf466b995adf4c5307b2bd/out/vs/workbench/api/node/extensionHostProcess.js:178:9922)
	at a.value (/home/triana/.vscode-server/bin/b58957e67ee1e712cebf466b995adf4c5307b2bd/out/vs/workbench/api/node/extensionHostProcess.js:178:7969)
	at o.y (/home/triana/.vscode-server/bin/b58957e67ee1e712cebf466b995adf4c5307b2bd/out/vs/workbench/api/node/extensionHostProcess.js:82:660)
	at o.fire (/home/triana/.vscode-server/bin/b58957e67ee1e712cebf466b995adf4c5307b2bd/out/vs/workbench/api/node/extensionHostProcess.js:82:877)
	at l.fire (/home/triana/.vscode-server/bin/b58957e67ee1e712cebf466b995adf4c5307b2bd/out/vs/workbench/api/node/extensionHostProcess.js:107:14175)
	at r.z (/home/triana/.vscode-server/bin/b58957e67ee1e712cebf466b995adf4c5307b2bd/out/vs/workbench/api/node/extensionHostProcess.js:107:17240)
	at a.value (/home/triana/.vscode-server/bin/b58957e67ee1e712cebf466b995adf4c5307b2bd/out/vs/workbench/api/node/extensionHostProcess.js:107:15692)
	at o.y (/home/triana/.vscode-server/bin/b58957e67ee1e712cebf466b995adf4c5307b2bd/out/vs/workbench/api/node/extensionHostProcess.js:82:660)
	at o.fire (/home/triana/.vscode-server/bin/b58957e67ee1e712cebf466b995adf4c5307b2bd/out/vs/workbench/api/node/extensionHostProcess.js:82:877)
	at f.acceptChunk (/home/triana/.vscode-server/bin/b58957e67ee1e712cebf466b995adf4c5307b2bd/out/vs/workbench/api/node/extensionHostProcess.js:107:11949)
	at a.value (/home/triana/.vscode-server/bin/b58957e67ee1e712cebf466b995adf4c5307b2bd/out/vs/workbench/api/node/extensionHostProcess.js:107:11236)
	at o.y (/home/triana/.vscode-server/bin/b58957e67ee1e712cebf466b995adf4c5307b2bd/out/vs/workbench/api/node/extensionHostProcess.js:82:660)
	at o.fire (/home/triana/.vscode-server/bin/b58957e67ee1e712cebf466b995adf4c5307b2bd/out/vs/workbench/api/node/extensionHostProcess.js:82:877)
	at i.z (/home/triana/.vscode-server/bin/b58957e67ee1e712cebf466b995adf4c5307b2bd/out/vs/workbench/api/node/extensionHostProcess.js:175:19732)
	at i.acceptFrame (/home/triana/.vscode-server/bin/b58957e67ee1e712cebf466b995adf4c5307b2bd/out/vs/workbench/api/node/extensionHostProcess.js:175:19538)
	at n (/home/triana/.vscode-server/bin/b58957e67ee1e712cebf466b995adf4c5307b2bd/out/vs/workbench/api/node/extensionHostProcess.js:175:18037)
	at /home/triana/.vscode-server/bin/b58957e67ee1e712cebf466b995adf4c5307b2bd/out/vs/workbench/api/node/extensionHostProcess.js:175:15257
	at Socket.S (/home/triana/.vscode-server/bin/b58957e67ee1e712cebf466b995adf4c5307b2bd/out/vs/workbench/api/node/extensionHostProcess.js:175:13162)
	at Socket.emit (node:events:517:28)
	at addChunk (node:internal/streams/readable:335:12)
	at readableAddChunk (node:internal/streams/readable:308:9)
	at Readable.push (node:internal/streams/readable:245:10)
	at TCP.onStreamRead (node:internal/stream_base_commons:190:23) setContext undefined
2024-05-08 13:52:28.938 [error] Canceled: Canceled
	at new O (/home/triana/.vscode-server/bin/b58957e67ee1e712cebf466b995adf4c5307b2bd/out/vs/workbench/api/node/extensionHostProcess.js:145:47131)
	at c.U (/home/triana/.vscode-server/bin/b58957e67ee1e712cebf466b995adf4c5307b2bd/out/vs/workbench/api/node/extensionHostProcess.js:152:5542)
	at F.<computed>.z.charCodeAt.F.<computed> (/home/triana/.vscode-server/bin/b58957e67ee1e712cebf466b995adf4c5307b2bd/out/vs/workbench/api/node/extensionHostProcess.js:152:2993)
	at r.g (/home/triana/.vscode-server/bin/b58957e67ee1e712cebf466b995adf4c5307b2bd/out/vs/workbench/api/node/extensionHostProcess.js:155:188928)
	at r.executeCommand (/home/triana/.vscode-server/bin/b58957e67ee1e712cebf466b995adf4c5307b2bd/out/vs/workbench/api/node/extensionHostProcess.js:155:188366)
	at E.registerCommand.description (/home/triana/.vscode-server/bin/b58957e67ee1e712cebf466b995adf4c5307b2bd/out/vs/workbench/api/node/extensionHostProcess.js:155:187690)
	at r.h (/home/triana/.vscode-server/bin/b58957e67ee1e712cebf466b995adf4c5307b2bd/out/vs/workbench/api/node/extensionHostProcess.js:155:189467)
	at r.g (/home/triana/.vscode-server/bin/b58957e67ee1e712cebf466b995adf4c5307b2bd/out/vs/workbench/api/node/extensionHostProcess.js:155:188459)
	at r.executeCommand (/home/triana/.vscode-server/bin/b58957e67ee1e712cebf466b995adf4c5307b2bd/out/vs/workbench/api/node/extensionHostProcess.js:155:188366)
	at Object.executeCommand (/home/triana/.vscode-server/bin/b58957e67ee1e712cebf466b995adf4c5307b2bd/out/vs/workbench/api/node/extensionHostProcess.js:165:22673)
	at set hasGitHubRepositories [as hasGitHubRepositories] (/home/triana/.vscode-server/bin/b58957e67ee1e712cebf466b995adf4c5307b2bd/extensions/github/dist/extension.js:2:322969)
	at /home/triana/.vscode-server/bin/b58957e67ee1e712cebf466b995adf4c5307b2bd/extensions/github/dist/extension.js:2:323928
	at a.value (/home/triana/.vscode-server/bin/b58957e67ee1e712cebf466b995adf4c5307b2bd/extensions/git/dist/main.js:2:1050711)
	at o.y (/home/triana/.vscode-server/bin/b58957e67ee1e712cebf466b995adf4c5307b2bd/out/vs/workbench/api/node/extensionHostProcess.js:82:660)
	at o.z (/home/triana/.vscode-server/bin/b58957e67ee1e712cebf466b995adf4c5307b2bd/out/vs/workbench/api/node/extensionHostProcess.js:82:730)
	at o.fire (/home/triana/.vscode-server/bin/b58957e67ee1e712cebf466b995adf4c5307b2bd/out/vs/workbench/api/node/extensionHostProcess.js:82:946)
	at Object.p [as dispose] (/home/triana/.vscode-server/bin/b58957e67ee1e712cebf466b995adf4c5307b2bd/extensions/git/dist/main.js:2:964222)
	at /home/triana/.vscode-server/bin/b58957e67ee1e712cebf466b995adf4c5307b2bd/extensions/git/dist/main.js:2:970260
	at Array.forEach (<anonymous>)
	at f.dispose (/home/triana/.vscode-server/bin/b58957e67ee1e712cebf466b995adf4c5307b2bd/extensions/git/dist/main.js:2:970246)
	at h.<anonymous> (/home/triana/.vscode-server/bin/b58957e67ee1e712cebf466b995adf4c5307b2bd/out/vs/workbench/api/node/extensionHostProcess.js:153:3955)
	at h.dispose (/home/triana/.vscode-server/bin/b58957e67ee1e712cebf466b995adf4c5307b2bd/out/vs/workbench/api/node/extensionHostProcess.js:153:4052)
	at h.<anonymous> (/home/triana/.vscode-server/bin/b58957e67ee1e712cebf466b995adf4c5307b2bd/extensions/git/dist/main.js:2:947395)
	at h.dispose (/home/triana/.vscode-server/bin/b58957e67ee1e712cebf466b995adf4c5307b2bd/out/vs/workbench/api/node/extensionHostProcess.js:153:4052)
	at a (/home/triana/.vscode-server/bin/b58957e67ee1e712cebf466b995adf4c5307b2bd/out/vs/workbench/api/node/extensionHostProcess.js:30:744)
	at f.eb (/home/triana/.vscode-server/bin/b58957e67ee1e712cebf466b995adf4c5307b2bd/out/vs/workbench/api/node/extensionHostProcess.js:161:9975)
	at /home/triana/.vscode-server/bin/b58957e67ee1e712cebf466b995adf4c5307b2bd/out/vs/workbench/api/node/extensionHostProcess.js:161:7824
	at Array.map (<anonymous>)
	at f.$ (/home/triana/.vscode-server/bin/b58957e67ee1e712cebf466b995adf4c5307b2bd/out/vs/workbench/api/node/extensionHostProcess.js:161:7811)
	at f.terminate (/home/triana/.vscode-server/bin/b58957e67ee1e712cebf466b995adf4c5307b2bd/out/vs/workbench/api/node/extensionHostProcess.js:161:8085)
	at a.terminate (/home/triana/.vscode-server/bin/b58957e67ee1e712cebf466b995adf4c5307b2bd/out/vs/workbench/api/node/extensionHostProcess.js:165:1513)
	at t (/home/triana/.vscode-server/bin/b58957e67ee1e712cebf466b995adf4c5307b2bd/out/vs/workbench/api/node/extensionHostProcess.js:178:9922)
	at a.value (/home/triana/.vscode-server/bin/b58957e67ee1e712cebf466b995adf4c5307b2bd/out/vs/workbench/api/node/extensionHostProcess.js:178:7969)
	at o.y (/home/triana/.vscode-server/bin/b58957e67ee1e712cebf466b995adf4c5307b2bd/out/vs/workbench/api/node/extensionHostProcess.js:82:660)
	at o.fire (/home/triana/.vscode-server/bin/b58957e67ee1e712cebf466b995adf4c5307b2bd/out/vs/workbench/api/node/extensionHostProcess.js:82:877)
	at l.fire (/home/triana/.vscode-server/bin/b58957e67ee1e712cebf466b995adf4c5307b2bd/out/vs/workbench/api/node/extensionHostProcess.js:107:14175)
	at r.z (/home/triana/.vscode-server/bin/b58957e67ee1e712cebf466b995adf4c5307b2bd/out/vs/workbench/api/node/extensionHostProcess.js:107:17240)
	at a.value (/home/triana/.vscode-server/bin/b58957e67ee1e712cebf466b995adf4c5307b2bd/out/vs/workbench/api/node/extensionHostProcess.js:107:15692)
	at o.y (/home/triana/.vscode-server/bin/b58957e67ee1e712cebf466b995adf4c5307b2bd/out/vs/workbench/api/node/extensionHostProcess.js:82:660)
	at o.fire (/home/triana/.vscode-server/bin/b58957e67ee1e712cebf466b995adf4c5307b2bd/out/vs/workbench/api/node/extensionHostProcess.js:82:877)
	at f.acceptChunk (/home/triana/.vscode-server/bin/b58957e67ee1e712cebf466b995adf4c5307b2bd/out/vs/workbench/api/node/extensionHostProcess.js:107:11949)
	at a.value (/home/triana/.vscode-server/bin/b58957e67ee1e712cebf466b995adf4c5307b2bd/out/vs/workbench/api/node/extensionHostProcess.js:107:11236)
	at o.y (/home/triana/.vscode-server/bin/b58957e67ee1e712cebf466b995adf4c5307b2bd/out/vs/workbench/api/node/extensionHostProcess.js:82:660)
	at o.fire (/home/triana/.vscode-server/bin/b58957e67ee1e712cebf466b995adf4c5307b2bd/out/vs/workbench/api/node/extensionHostProcess.js:82:877)
	at i.z (/home/triana/.vscode-server/bin/b58957e67ee1e712cebf466b995adf4c5307b2bd/out/vs/workbench/api/node/extensionHostProcess.js:175:19732)
	at i.acceptFrame (/home/triana/.vscode-server/bin/b58957e67ee1e712cebf466b995adf4c5307b2bd/out/vs/workbench/api/node/extensionHostProcess.js:175:19538)
	at n (/home/triana/.vscode-server/bin/b58957e67ee1e712cebf466b995adf4c5307b2bd/out/vs/workbench/api/node/extensionHostProcess.js:175:18037)
	at /home/triana/.vscode-server/bin/b58957e67ee1e712cebf466b995adf4c5307b2bd/out/vs/workbench/api/node/extensionHostProcess.js:175:15257
	at Socket.S (/home/triana/.vscode-server/bin/b58957e67ee1e712cebf466b995adf4c5307b2bd/out/vs/workbench/api/node/extensionHostProcess.js:175:13162)
	at Socket.emit (node:events:517:28)
	at addChunk (node:internal/streams/readable:335:12)
	at readableAddChunk (node:internal/streams/readable:308:9)
	at Readable.push (node:internal/streams/readable:245:10)
	at TCP.onStreamRead (node:internal/stream_base_commons:190:23) setContext undefined
2024-05-08 13:52:28.953 [info] Extension host with pid 503 exiting with code 0
