2024-05-09 11:04:34.930 [info] Nivel de registro: Info
2024-05-09 11:04:34.930 [info] La validación encontró GIT en: “git“
2024-05-09 11:04:34.930 [info] Usando GIT “2.34.1” desde “git”
2024-05-09 11:04:34.930 [info] > git rev-parse --show-toplevel [27ms]
2024-05-09 11:04:34.936 [info] > git rev-parse --git-dir --git-common-dir [5ms]
2024-05-09 11:04:34.964 [info] Open repository: /home/triana
2024-05-09 11:04:35.195 [info] > git config --get commit.template [208ms]
2024-05-09 11:04:35.196 [info] > git rev-parse --show-toplevel [127ms]
2024-05-09 11:04:35.499 [info] > git for-each-ref --format=%(refname)%00%(upstream:short)%00%(objectname)%00%(upstream:track)%00%(upstream:remotename)%00%(upstream:remoteref) refs/heads/main refs/remotes/main [364ms]
2024-05-09 11:04:35.501 [info] > git rev-parse --show-toplevel [273ms]
2024-05-09 11:04:35.514 [info] > git rev-parse --show-toplevel [1ms]
2024-05-09 11:04:35.590 [info] > git rev-parse --show-toplevel [65ms]
2024-05-09 11:04:35.624 [info] > git rev-parse --show-toplevel [18ms]
2024-05-09 11:04:35.678 [info] > git rev-parse --show-toplevel [1ms]
2024-05-09 11:04:35.710 [info] > git rev-parse --show-toplevel [3ms]
2024-05-09 11:04:35.726 [info] > git rev-parse --show-toplevel [2ms]
2024-05-09 11:04:35.796 [info] > git check-ignore -v -z --stdin [21ms]
2024-05-09 11:04:35.845 [info] > git show --textconv :IntegrarTec/clase_css/CV/stylecv.css [17ms]
2024-05-09 11:04:35.859 [info] > git ls-files --stage -- /home/triana/IntegrarTec/clase_css/CV/stylecv.css [18ms]
2024-05-09 11:04:35.869 [info] > git cat-file -s fa8e5ea3b3e00b94f4690d9718e91b73712d2a5a [1ms]
2024-05-09 11:04:37.155 [info] > git status -z -uall [1568ms]
2024-05-09 11:04:39.088 [info] > git merge-base refs/heads/main refs/remotes/origin/main [1774ms]
2024-05-09 11:04:39.192 [info] > git rev-list --count --left-right refs/heads/main...refs/remotes/origin/main [77ms]
2024-05-09 11:04:39.211 [info] > git config --get commit.template [131ms]
2024-05-09 11:04:39.313 [info] > git for-each-ref --format=%(refname)%00%(upstream:short)%00%(objectname)%00%(upstream:track)%00%(upstream:remotename)%00%(upstream:remoteref) refs/heads/main refs/remotes/main [87ms]
2024-05-09 11:04:39.313 [info] > git diff --name-status -z --diff-filter=ADMR f7f965fb5edec0cb8214360a4db5d3dcc0868488...refs/remotes/origin/main [103ms]
2024-05-09 11:04:39.417 [info] > git status -z -uall [76ms]
2024-05-09 11:04:44.416 [info] > git config --get commit.template [2ms]
2024-05-09 11:04:44.433 [info] > git for-each-ref --format=%(refname)%00%(upstream:short)%00%(objectname)%00%(upstream:track)%00%(upstream:remotename)%00%(upstream:remoteref) refs/heads/main refs/remotes/main [1ms]
2024-05-09 11:04:44.539 [info] > git status -z -uall [91ms]
2024-05-09 11:04:49.801 [info] > git config --get commit.template [8ms]
2024-05-09 11:04:49.801 [info] > git for-each-ref --format=%(refname)%00%(upstream:short)%00%(objectname)%00%(upstream:track)%00%(upstream:remotename)%00%(upstream:remoteref) refs/heads/main refs/remotes/main [1ms]
2024-05-09 11:04:49.839 [info] > git status -z -uall [27ms]
2024-05-09 11:04:54.918 [info] > git config --get commit.template [2ms]
2024-05-09 11:04:54.931 [info] > git for-each-ref --format=%(refname)%00%(upstream:short)%00%(objectname)%00%(upstream:track)%00%(upstream:remotename)%00%(upstream:remoteref) refs/heads/main refs/remotes/main [2ms]
2024-05-09 11:04:54.981 [info] > git status -z -uall [37ms]
2024-05-09 11:05:00.089 [info] > git config --get commit.template [7ms]
2024-05-09 11:05:00.090 [info] > git for-each-ref --format=%(refname)%00%(upstream:short)%00%(objectname)%00%(upstream:track)%00%(upstream:remotename)%00%(upstream:remoteref) refs/heads/main refs/remotes/main [2ms]
2024-05-09 11:05:00.134 [info] > git status -z -uall [33ms]
2024-05-09 11:05:05.225 [info] > git config --get commit.template [14ms]
2024-05-09 11:05:05.226 [info] > git for-each-ref --format=%(refname)%00%(upstream:short)%00%(objectname)%00%(upstream:track)%00%(upstream:remotename)%00%(upstream:remoteref) refs/heads/main refs/remotes/main [3ms]
2024-05-09 11:05:05.259 [info] > git status -z -uall [23ms]
2024-05-09 11:05:10.315 [info] > git config --get commit.template [0ms]
2024-05-09 11:05:10.322 [info] > git for-each-ref --format=%(refname)%00%(upstream:short)%00%(objectname)%00%(upstream:track)%00%(upstream:remotename)%00%(upstream:remoteref) refs/heads/main refs/remotes/main [1ms]
2024-05-09 11:05:10.353 [info] > git status -z -uall [24ms]
2024-05-09 11:05:12.633 [info] > git check-ignore -v -z --stdin [1ms]
2024-05-09 11:05:15.419 [info] > git config --get commit.template [1ms]
2024-05-09 11:05:15.429 [info] > git for-each-ref --format=%(refname)%00%(upstream:short)%00%(objectname)%00%(upstream:track)%00%(upstream:remotename)%00%(upstream:remoteref) refs/heads/main refs/remotes/main [1ms]
2024-05-09 11:05:15.460 [info] > git status -z -uall [24ms]
2024-05-09 11:05:19.625 [info] > git check-ignore -v -z --stdin [3ms]
2024-05-09 11:05:20.542 [info] > git config --get commit.template [3ms]
2024-05-09 11:05:20.552 [info] > git for-each-ref --format=%(refname)%00%(upstream:short)%00%(objectname)%00%(upstream:track)%00%(upstream:remotename)%00%(upstream:remoteref) refs/heads/main refs/remotes/main [1ms]
2024-05-09 11:05:20.579 [info] > git status -z -uall [19ms]
2024-05-09 11:05:21.703 [info] > git show --textconv :IntegrarTec/clase_DOM/form.html [8ms]
2024-05-09 11:05:21.703 [info] > git ls-files --stage -- /home/triana/IntegrarTec/clase_DOM/form.html [1ms]
2024-05-09 11:05:21.712 [info] > git cat-file -s 23650a2f640a15c2acd2112edb222aa728306a45 [1ms]
2024-05-09 11:05:23.414 [info] > git show --textconv :IntegrarTec/clase_DOM/form.js [9ms]
2024-05-09 11:05:23.415 [info] > git ls-files --stage -- /home/triana/IntegrarTec/clase_DOM/form.js [2ms]
2024-05-09 11:05:23.645 [info] > git cat-file -s 9709116e71272d41aab3b8a855ee76914960d92a [218ms]
2024-05-09 11:05:25.635 [info] > git config --get commit.template [1ms]
2024-05-09 11:05:25.646 [info] > git for-each-ref --format=%(refname)%00%(upstream:short)%00%(objectname)%00%(upstream:track)%00%(upstream:remotename)%00%(upstream:remoteref) refs/heads/main refs/remotes/main [1ms]
2024-05-09 11:05:25.746 [info] > git status -z -uall [91ms]
2024-05-09 11:05:31.599 [info] > git config --get commit.template [1ms]
2024-05-09 11:05:31.609 [info] > git for-each-ref --format=%(refname)%00%(upstream:short)%00%(objectname)%00%(upstream:track)%00%(upstream:remotename)%00%(upstream:remoteref) refs/heads/main refs/remotes/main [2ms]
2024-05-09 11:05:31.655 [info] > git status -z -uall [36ms]
2024-05-09 11:05:36.755 [info] > git config --get commit.template [1ms]
2024-05-09 11:05:36.766 [info] > git for-each-ref --format=%(refname)%00%(upstream:short)%00%(objectname)%00%(upstream:track)%00%(upstream:remotename)%00%(upstream:remoteref) refs/heads/main refs/remotes/main [1ms]
2024-05-09 11:05:36.799 [info] > git status -z -uall [26ms]
2024-05-09 11:05:40.400 [info] > git show --textconv :IntegrarTec/clase_DOM/form.html [9ms]
2024-05-09 11:05:40.401 [info] > git ls-files --stage -- /home/triana/IntegrarTec/clase_DOM/form.html [2ms]
2024-05-09 11:05:40.409 [info] > git cat-file -s 23650a2f640a15c2acd2112edb222aa728306a45 [1ms]
2024-05-09 11:05:41.863 [info] > git config --get commit.template [0ms]
2024-05-09 11:05:41.871 [info] > git for-each-ref --format=%(refname)%00%(upstream:short)%00%(objectname)%00%(upstream:track)%00%(upstream:remotename)%00%(upstream:remoteref) refs/heads/main refs/remotes/main [1ms]
2024-05-09 11:05:41.900 [info] > git status -z -uall [21ms]
2024-05-09 11:05:47.816 [info] > git config --get commit.template [1ms]
2024-05-09 11:05:47.826 [info] > git for-each-ref --format=%(refname)%00%(upstream:short)%00%(objectname)%00%(upstream:track)%00%(upstream:remotename)%00%(upstream:remoteref) refs/heads/main refs/remotes/main [2ms]
2024-05-09 11:05:47.860 [info] > git status -z -uall [25ms]
2024-05-09 11:06:07.629 [info] > git config --get commit.template [20ms]
2024-05-09 11:06:07.630 [info] > git for-each-ref --format=%(refname)%00%(upstream:short)%00%(objectname)%00%(upstream:track)%00%(upstream:remotename)%00%(upstream:remoteref) refs/heads/main refs/remotes/main [5ms]
2024-05-09 11:06:07.685 [info] > git status -z -uall [45ms]
2024-05-09 11:06:12.781 [info] > git config --get commit.template [1ms]
2024-05-09 11:06:12.788 [info] > git for-each-ref --format=%(refname)%00%(upstream:short)%00%(objectname)%00%(upstream:track)%00%(upstream:remotename)%00%(upstream:remoteref) refs/heads/main refs/remotes/main [1ms]
2024-05-09 11:06:12.814 [info] > git status -z -uall [20ms]
2024-05-09 11:06:17.866 [info] > git config --get commit.template [1ms]
2024-05-09 11:06:17.875 [info] > git for-each-ref --format=%(refname)%00%(upstream:short)%00%(objectname)%00%(upstream:track)%00%(upstream:remotename)%00%(upstream:remoteref) refs/heads/main refs/remotes/main [1ms]
2024-05-09 11:06:17.901 [info] > git status -z -uall [19ms]
2024-05-09 11:06:22.980 [info] > git config --get commit.template [8ms]
2024-05-09 11:06:22.981 [info] > git for-each-ref --format=%(refname)%00%(upstream:short)%00%(objectname)%00%(upstream:track)%00%(upstream:remotename)%00%(upstream:remoteref) refs/heads/main refs/remotes/main [1ms]
2024-05-09 11:06:23.008 [info] > git status -z -uall [20ms]
2024-05-09 11:06:28.076 [info] > git config --get commit.template [7ms]
2024-05-09 11:06:28.076 [info] > git for-each-ref --format=%(refname)%00%(upstream:short)%00%(objectname)%00%(upstream:track)%00%(upstream:remotename)%00%(upstream:remoteref) refs/heads/main refs/remotes/main [1ms]
2024-05-09 11:06:28.101 [info] > git status -z -uall [18ms]
2024-05-09 11:06:33.164 [info] > git config --get commit.template [8ms]
2024-05-09 11:06:33.164 [info] > git for-each-ref --format=%(refname)%00%(upstream:short)%00%(objectname)%00%(upstream:track)%00%(upstream:remotename)%00%(upstream:remoteref) refs/heads/main refs/remotes/main [0ms]
2024-05-09 11:06:33.190 [info] > git status -z -uall [18ms]
2024-05-09 11:06:38.254 [info] > git config --get commit.template [10ms]
2024-05-09 11:06:38.255 [info] > git for-each-ref --format=%(refname)%00%(upstream:short)%00%(objectname)%00%(upstream:track)%00%(upstream:remotename)%00%(upstream:remoteref) refs/heads/main refs/remotes/main [1ms]
2024-05-09 11:06:38.282 [info] > git status -z -uall [18ms]
2024-05-09 11:06:45.885 [info] > git config --get commit.template [1ms]
2024-05-09 11:06:45.895 [info] > git for-each-ref --format=%(refname)%00%(upstream:short)%00%(objectname)%00%(upstream:track)%00%(upstream:remotename)%00%(upstream:remoteref) refs/heads/main refs/remotes/main [1ms]
2024-05-09 11:06:45.922 [info] > git status -z -uall [19ms]
2024-05-09 11:06:50.978 [info] > git config --get commit.template [1ms]
2024-05-09 11:06:50.990 [info] > git for-each-ref --format=%(refname)%00%(upstream:short)%00%(objectname)%00%(upstream:track)%00%(upstream:remotename)%00%(upstream:remoteref) refs/heads/main refs/remotes/main [1ms]
2024-05-09 11:06:51.026 [info] > git status -z -uall [24ms]
2024-05-09 11:06:56.081 [info] > git config --get commit.template [1ms]
2024-05-09 11:06:56.090 [info] > git for-each-ref --format=%(refname)%00%(upstream:short)%00%(objectname)%00%(upstream:track)%00%(upstream:remotename)%00%(upstream:remoteref) refs/heads/main refs/remotes/main [1ms]
2024-05-09 11:06:56.121 [info] > git status -z -uall [22ms]
2024-05-09 11:07:01.182 [info] > git config --get commit.template [1ms]
2024-05-09 11:07:01.189 [info] > git for-each-ref --format=%(refname)%00%(upstream:short)%00%(objectname)%00%(upstream:track)%00%(upstream:remotename)%00%(upstream:remoteref) refs/heads/main refs/remotes/main [1ms]
2024-05-09 11:07:01.214 [info] > git status -z -uall [18ms]
2024-05-09 11:07:06.269 [info] > git config --get commit.template [1ms]
2024-05-09 11:07:06.278 [info] > git for-each-ref --format=%(refname)%00%(upstream:short)%00%(objectname)%00%(upstream:track)%00%(upstream:remotename)%00%(upstream:remoteref) refs/heads/main refs/remotes/main [1ms]
2024-05-09 11:07:06.304 [info] > git status -z -uall [18ms]
2024-05-09 11:07:11.366 [info] > git config --get commit.template [7ms]
2024-05-09 11:07:11.366 [info] > git for-each-ref --format=%(refname)%00%(upstream:short)%00%(objectname)%00%(upstream:track)%00%(upstream:remotename)%00%(upstream:remoteref) refs/heads/main refs/remotes/main [1ms]
2024-05-09 11:07:11.391 [info] > git status -z -uall [18ms]
2024-05-09 11:07:16.455 [info] > git config --get commit.template [6ms]
2024-05-09 11:07:16.455 [info] > git for-each-ref --format=%(refname)%00%(upstream:short)%00%(objectname)%00%(upstream:track)%00%(upstream:remotename)%00%(upstream:remoteref) refs/heads/main refs/remotes/main [1ms]
2024-05-09 11:07:16.480 [info] > git status -z -uall [18ms]
2024-05-09 11:07:21.547 [info] > git config --get commit.template [3ms]
2024-05-09 11:07:21.562 [info] > git for-each-ref --format=%(refname)%00%(upstream:short)%00%(objectname)%00%(upstream:track)%00%(upstream:remotename)%00%(upstream:remoteref) refs/heads/main refs/remotes/main [1ms]
2024-05-09 11:07:21.594 [info] > git status -z -uall [23ms]
2024-05-09 11:07:26.659 [info] > git config --get commit.template [10ms]
2024-05-09 11:07:26.660 [info] > git for-each-ref --format=%(refname)%00%(upstream:short)%00%(objectname)%00%(upstream:track)%00%(upstream:remotename)%00%(upstream:remoteref) refs/heads/main refs/remotes/main [2ms]
2024-05-09 11:07:26.689 [info] > git status -z -uall [20ms]
2024-05-09 11:07:31.772 [info] > git config --get commit.template [11ms]
2024-05-09 11:07:31.772 [info] > git for-each-ref --format=%(refname)%00%(upstream:short)%00%(objectname)%00%(upstream:track)%00%(upstream:remotename)%00%(upstream:remoteref) refs/heads/main refs/remotes/main [1ms]
2024-05-09 11:07:31.805 [info] > git status -z -uall [23ms]
2024-05-09 11:07:36.866 [info] > git config --get commit.template [0ms]
2024-05-09 11:07:36.875 [info] > git for-each-ref --format=%(refname)%00%(upstream:short)%00%(objectname)%00%(upstream:track)%00%(upstream:remotename)%00%(upstream:remoteref) refs/heads/main refs/remotes/main [1ms]
2024-05-09 11:07:36.904 [info] > git status -z -uall [20ms]
2024-05-09 11:07:41.962 [info] > git config --get commit.template [1ms]
2024-05-09 11:07:41.970 [info] > git for-each-ref --format=%(refname)%00%(upstream:short)%00%(objectname)%00%(upstream:track)%00%(upstream:remotename)%00%(upstream:remoteref) refs/heads/main refs/remotes/main [1ms]
2024-05-09 11:07:41.998 [info] > git status -z -uall [20ms]
2024-05-09 11:07:47.087 [info] > git config --get commit.template [1ms]
2024-05-09 11:07:47.095 [info] > git for-each-ref --format=%(refname)%00%(upstream:short)%00%(objectname)%00%(upstream:track)%00%(upstream:remotename)%00%(upstream:remoteref) refs/heads/main refs/remotes/main [1ms]
2024-05-09 11:07:47.121 [info] > git status -z -uall [18ms]
2024-05-09 11:07:52.188 [info] > git config --get commit.template [10ms]
2024-05-09 11:07:52.189 [info] > git for-each-ref --format=%(refname)%00%(upstream:short)%00%(objectname)%00%(upstream:track)%00%(upstream:remotename)%00%(upstream:remoteref) refs/heads/main refs/remotes/main [1ms]
2024-05-09 11:07:52.254 [info] > git status -z -uall [56ms]
2024-05-09 11:07:57.331 [info] > git config --get commit.template [10ms]
2024-05-09 11:07:57.332 [info] > git for-each-ref --format=%(refname)%00%(upstream:short)%00%(objectname)%00%(upstream:track)%00%(upstream:remotename)%00%(upstream:remoteref) refs/heads/main refs/remotes/main [1ms]
2024-05-09 11:07:57.359 [info] > git status -z -uall [20ms]
2024-05-09 11:08:02.416 [info] > git config --get commit.template [1ms]
2024-05-09 11:08:02.424 [info] > git for-each-ref --format=%(refname)%00%(upstream:short)%00%(objectname)%00%(upstream:track)%00%(upstream:remotename)%00%(upstream:remoteref) refs/heads/main refs/remotes/main [1ms]
2024-05-09 11:08:02.449 [info] > git status -z -uall [19ms]
2024-05-09 11:08:08.305 [info] > git config --get commit.template [1ms]
2024-05-09 11:08:08.317 [info] > git for-each-ref --format=%(refname)%00%(upstream:short)%00%(objectname)%00%(upstream:track)%00%(upstream:remotename)%00%(upstream:remoteref) refs/heads/main refs/remotes/main [1ms]
2024-05-09 11:08:08.347 [info] > git status -z -uall [23ms]
2024-05-09 11:08:37.278 [info] > git config --get commit.template [1ms]
2024-05-09 11:08:37.295 [info] > git for-each-ref --format=%(refname)%00%(upstream:short)%00%(objectname)%00%(upstream:track)%00%(upstream:remotename)%00%(upstream:remoteref) refs/heads/main refs/remotes/main [3ms]
2024-05-09 11:08:37.326 [info] > git status -z -uall [24ms]
2024-05-09 11:08:39.733 [info] > git show --textconv :IntegrarTec/clase_DOM/form.css [14ms]
2024-05-09 11:08:39.734 [info] > git ls-files --stage -- /home/triana/IntegrarTec/clase_DOM/form.css [2ms]
2024-05-09 11:08:39.741 [info] > git cat-file -s 89ad7ccc76756ef5cee4b9f155a340bae4fe7749 [1ms]
2024-05-09 11:08:41.482 [info] > git show --textconv :IntegrarTec/clase_DOM/form.js [14ms]
2024-05-09 11:08:41.484 [info] > git ls-files --stage -- /home/triana/IntegrarTec/clase_DOM/form.js [3ms]
2024-05-09 11:08:41.497 [info] > git cat-file -s 9709116e71272d41aab3b8a855ee76914960d92a [2ms]
2024-05-09 11:08:42.426 [info] > git config --get commit.template [2ms]
2024-05-09 11:08:42.437 [info] > git for-each-ref --format=%(refname)%00%(upstream:short)%00%(objectname)%00%(upstream:track)%00%(upstream:remotename)%00%(upstream:remoteref) refs/heads/main refs/remotes/main [1ms]
2024-05-09 11:08:42.468 [info] > git status -z -uall [22ms]
2024-05-09 11:08:44.724 [info] > git show --textconv :IntegrarTec/clase_DOM/form.html [8ms]
2024-05-09 11:08:44.725 [info] > git ls-files --stage -- /home/triana/IntegrarTec/clase_DOM/form.html [2ms]
2024-05-09 11:08:44.734 [info] > git cat-file -s 23650a2f640a15c2acd2112edb222aa728306a45 [1ms]
2024-05-09 11:08:46.189 [info] > git show --textconv :IntegrarTec/clase_DOM/form.css [13ms]
2024-05-09 11:08:46.191 [info] > git ls-files --stage -- /home/triana/IntegrarTec/clase_DOM/form.css [4ms]
2024-05-09 11:08:46.202 [info] > git cat-file -s 89ad7ccc76756ef5cee4b9f155a340bae4fe7749 [1ms]
2024-05-09 11:08:47.404 [info] > git show --textconv :IntegrarTec/clase_DOM/form.js [13ms]
2024-05-09 11:08:47.405 [info] > git ls-files --stage -- /home/triana/IntegrarTec/clase_DOM/form.js [3ms]
2024-05-09 11:08:47.415 [info] > git cat-file -s 9709116e71272d41aab3b8a855ee76914960d92a [1ms]
2024-05-09 11:08:47.564 [info] > git config --get commit.template [13ms]
2024-05-09 11:08:47.564 [info] > git for-each-ref --format=%(refname)%00%(upstream:short)%00%(objectname)%00%(upstream:track)%00%(upstream:remotename)%00%(upstream:remoteref) refs/heads/main refs/remotes/main [1ms]
2024-05-09 11:08:47.597 [info] > git status -z -uall [24ms]
2024-05-09 11:08:48.271 [info] > git show --textconv :IntegrarTec/clase_DOM/form.css [10ms]
2024-05-09 11:08:48.272 [info] > git ls-files --stage -- /home/triana/IntegrarTec/clase_DOM/form.css [2ms]
2024-05-09 11:08:48.281 [info] > git cat-file -s 89ad7ccc76756ef5cee4b9f155a340bae4fe7749 [1ms]
2024-05-09 11:08:49.725 [info] > git show --textconv :IntegrarTec/clase_DOM/form.js [7ms]
2024-05-09 11:08:49.730 [info] > git ls-files --stage -- /home/triana/IntegrarTec/clase_DOM/form.js [5ms]
2024-05-09 11:08:49.738 [info] > git cat-file -s 9709116e71272d41aab3b8a855ee76914960d92a [0ms]
2024-05-09 11:08:51.128 [info] > git show --textconv :IntegrarTec/clase_DOM/form.css [9ms]
2024-05-09 11:08:51.131 [info] > git ls-files --stage -- /home/triana/IntegrarTec/clase_DOM/form.css [5ms]
2024-05-09 11:08:51.140 [info] > git cat-file -s 89ad7ccc76756ef5cee4b9f155a340bae4fe7749 [2ms]
2024-05-09 11:08:51.937 [info] > git show --textconv :IntegrarTec/clase_DOM/form.js [12ms]
2024-05-09 11:08:51.938 [info] > git ls-files --stage -- /home/triana/IntegrarTec/clase_DOM/form.js [2ms]
2024-05-09 11:08:51.953 [info] > git cat-file -s 9709116e71272d41aab3b8a855ee76914960d92a [1ms]
2024-05-09 11:08:52.668 [info] > git config --get commit.template [1ms]
2024-05-09 11:08:52.701 [info] > git for-each-ref --format=%(refname)%00%(upstream:short)%00%(objectname)%00%(upstream:track)%00%(upstream:remotename)%00%(upstream:remoteref) refs/heads/main refs/remotes/main [15ms]
2024-05-09 11:08:52.749 [info] > git status -z -uall [32ms]
2024-05-09 11:08:55.590 [info] > git show --textconv :IntegrarTec/clase_DOM/form.html [8ms]
2024-05-09 11:08:55.592 [info] > git ls-files --stage -- /home/triana/IntegrarTec/clase_DOM/form.html [1ms]
2024-05-09 11:08:55.601 [info] > git cat-file -s 23650a2f640a15c2acd2112edb222aa728306a45 [1ms]
2024-05-09 11:08:56.691 [info] > git show --textconv :IntegrarTec/clase_DOM/form.js [7ms]
2024-05-09 11:08:56.691 [info] > git ls-files --stage -- /home/triana/IntegrarTec/clase_DOM/form.js [0ms]
2024-05-09 11:08:56.701 [info] > git cat-file -s 9709116e71272d41aab3b8a855ee76914960d92a [1ms]
2024-05-09 11:08:57.833 [info] > git config --get commit.template [2ms]
2024-05-09 11:08:57.847 [info] > git for-each-ref --format=%(refname)%00%(upstream:short)%00%(objectname)%00%(upstream:track)%00%(upstream:remotename)%00%(upstream:remoteref) refs/heads/main refs/remotes/main [1ms]
2024-05-09 11:08:57.879 [info] > git status -z -uall [23ms]
2024-05-09 11:09:24.238 [info] > git config --get commit.template [3ms]
2024-05-09 11:09:24.253 [info] > git for-each-ref --format=%(refname)%00%(upstream:short)%00%(objectname)%00%(upstream:track)%00%(upstream:remotename)%00%(upstream:remoteref) refs/heads/main refs/remotes/main [1ms]
2024-05-09 11:09:24.291 [info] > git status -z -uall [31ms]
2024-05-09 11:09:29.371 [info] > git config --get commit.template [0ms]
2024-05-09 11:09:29.380 [info] > git for-each-ref --format=%(refname)%00%(upstream:short)%00%(objectname)%00%(upstream:track)%00%(upstream:remotename)%00%(upstream:remoteref) refs/heads/main refs/remotes/main [0ms]
2024-05-09 11:09:29.411 [info] > git status -z -uall [23ms]
2024-05-09 11:09:34.496 [info] > git config --get commit.template [14ms]
2024-05-09 11:09:34.497 [info] > git for-each-ref --format=%(refname)%00%(upstream:short)%00%(objectname)%00%(upstream:track)%00%(upstream:remotename)%00%(upstream:remoteref) refs/heads/main refs/remotes/main [5ms]
2024-05-09 11:09:34.527 [info] > git status -z -uall [21ms]
2024-05-09 11:09:39.606 [info] > git config --get commit.template [8ms]
2024-05-09 11:09:39.606 [info] > git for-each-ref --format=%(refname)%00%(upstream:short)%00%(objectname)%00%(upstream:track)%00%(upstream:remotename)%00%(upstream:remoteref) refs/heads/main refs/remotes/main [1ms]
2024-05-09 11:09:39.634 [info] > git status -z -uall [19ms]
2024-05-09 11:09:44.720 [info] > git config --get commit.template [14ms]
2024-05-09 11:09:44.721 [info] > git for-each-ref --format=%(refname)%00%(upstream:short)%00%(objectname)%00%(upstream:track)%00%(upstream:remotename)%00%(upstream:remoteref) refs/heads/main refs/remotes/main [1ms]
2024-05-09 11:09:44.754 [info] > git status -z -uall [21ms]
2024-05-09 11:09:49.821 [info] > git config --get commit.template [2ms]
2024-05-09 11:09:49.830 [info] > git for-each-ref --format=%(refname)%00%(upstream:short)%00%(objectname)%00%(upstream:track)%00%(upstream:remotename)%00%(upstream:remoteref) refs/heads/main refs/remotes/main [1ms]
2024-05-09 11:09:49.857 [info] > git status -z -uall [20ms]
2024-05-09 11:09:54.923 [info] > git config --get commit.template [1ms]
2024-05-09 11:09:54.933 [info] > git for-each-ref --format=%(refname)%00%(upstream:short)%00%(objectname)%00%(upstream:track)%00%(upstream:remotename)%00%(upstream:remoteref) refs/heads/main refs/remotes/main [1ms]
2024-05-09 11:09:54.962 [info] > git status -z -uall [22ms]
2024-05-09 11:10:00.032 [info] > git config --get commit.template [1ms]
2024-05-09 11:10:00.040 [info] > git for-each-ref --format=%(refname)%00%(upstream:short)%00%(objectname)%00%(upstream:track)%00%(upstream:remotename)%00%(upstream:remoteref) refs/heads/main refs/remotes/main [1ms]
2024-05-09 11:10:00.069 [info] > git status -z -uall [19ms]
2024-05-09 11:10:05.152 [info] > git config --get commit.template [13ms]
2024-05-09 11:10:05.153 [info] > git for-each-ref --format=%(refname)%00%(upstream:short)%00%(objectname)%00%(upstream:track)%00%(upstream:remotename)%00%(upstream:remoteref) refs/heads/main refs/remotes/main [1ms]
2024-05-09 11:10:05.190 [info] > git status -z -uall [25ms]
2024-05-09 11:10:10.251 [info] > git config --get commit.template [1ms]
2024-05-09 11:10:10.260 [info] > git for-each-ref --format=%(refname)%00%(upstream:short)%00%(objectname)%00%(upstream:track)%00%(upstream:remotename)%00%(upstream:remoteref) refs/heads/main refs/remotes/main [1ms]
2024-05-09 11:10:10.288 [info] > git status -z -uall [19ms]
2024-05-09 11:10:15.372 [info] > git config --get commit.template [15ms]
2024-05-09 11:10:15.372 [info] > git for-each-ref --format=%(refname)%00%(upstream:short)%00%(objectname)%00%(upstream:track)%00%(upstream:remotename)%00%(upstream:remoteref) refs/heads/main refs/remotes/main [1ms]
2024-05-09 11:10:15.407 [info] > git status -z -uall [22ms]
2024-05-09 11:10:20.474 [info] > git config --get commit.template [2ms]
2024-05-09 11:10:20.491 [info] > git for-each-ref --format=%(refname)%00%(upstream:short)%00%(objectname)%00%(upstream:track)%00%(upstream:remotename)%00%(upstream:remoteref) refs/heads/main refs/remotes/main [0ms]
2024-05-09 11:10:20.525 [info] > git status -z -uall [22ms]
2024-05-09 11:14:49.238 [info] > git config --get commit.template [32ms]
2024-05-09 11:14:49.239 [info] > git for-each-ref --format=%(refname)%00%(upstream:short)%00%(objectname)%00%(upstream:track)%00%(upstream:remotename)%00%(upstream:remoteref) refs/heads/main refs/remotes/main [3ms]
2024-05-09 11:14:49.285 [info] > git status -z -uall [35ms]
2024-05-09 11:14:54.385 [info] > git config --get commit.template [1ms]
2024-05-09 11:14:54.399 [info] > git for-each-ref --format=%(refname)%00%(upstream:short)%00%(objectname)%00%(upstream:track)%00%(upstream:remotename)%00%(upstream:remoteref) refs/heads/main refs/remotes/main [2ms]
2024-05-09 11:14:54.435 [info] > git status -z -uall [26ms]
2024-05-09 11:14:59.536 [info] > git config --get commit.template [1ms]
2024-05-09 11:14:59.550 [info] > git for-each-ref --format=%(refname)%00%(upstream:short)%00%(objectname)%00%(upstream:track)%00%(upstream:remotename)%00%(upstream:remoteref) refs/heads/main refs/remotes/main [5ms]
2024-05-09 11:14:59.602 [info] > git status -z -uall [43ms]
2024-05-09 11:15:04.711 [info] > git config --get commit.template [1ms]
2024-05-09 11:15:04.730 [info] > git for-each-ref --format=%(refname)%00%(upstream:short)%00%(objectname)%00%(upstream:track)%00%(upstream:remotename)%00%(upstream:remoteref) refs/heads/main refs/remotes/main [1ms]
2024-05-09 11:15:04.826 [info] > git status -z -uall [83ms]
2024-05-09 11:15:09.994 [info] > git config --get commit.template [1ms]
2024-05-09 11:15:10.008 [info] > git for-each-ref --format=%(refname)%00%(upstream:short)%00%(objectname)%00%(upstream:track)%00%(upstream:remotename)%00%(upstream:remoteref) refs/heads/main refs/remotes/main [2ms]
2024-05-09 11:15:10.052 [info] > git status -z -uall [32ms]
2024-05-09 11:15:15.142 [info] > git config --get commit.template [8ms]
2024-05-09 11:15:15.143 [info] > git for-each-ref --format=%(refname)%00%(upstream:short)%00%(objectname)%00%(upstream:track)%00%(upstream:remotename)%00%(upstream:remoteref) refs/heads/main refs/remotes/main [1ms]
2024-05-09 11:15:15.177 [info] > git status -z -uall [24ms]
2024-05-09 11:15:20.240 [info] > git config --get commit.template [1ms]
2024-05-09 11:15:20.252 [info] > git for-each-ref --format=%(refname)%00%(upstream:short)%00%(objectname)%00%(upstream:track)%00%(upstream:remotename)%00%(upstream:remoteref) refs/heads/main refs/remotes/main [1ms]
2024-05-09 11:15:20.293 [info] > git status -z -uall [31ms]
2024-05-09 11:15:25.355 [info] > git config --get commit.template [1ms]
2024-05-09 11:15:25.366 [info] > git for-each-ref --format=%(refname)%00%(upstream:short)%00%(objectname)%00%(upstream:track)%00%(upstream:remotename)%00%(upstream:remoteref) refs/heads/main refs/remotes/main [1ms]
2024-05-09 11:15:25.412 [info] > git status -z -uall [36ms]
2024-05-09 11:15:30.490 [info] > git config --get commit.template [1ms]
2024-05-09 11:15:30.502 [info] > git for-each-ref --format=%(refname)%00%(upstream:short)%00%(objectname)%00%(upstream:track)%00%(upstream:remotename)%00%(upstream:remoteref) refs/heads/main refs/remotes/main [1ms]
2024-05-09 11:15:30.533 [info] > git status -z -uall [21ms]
2024-05-09 11:15:35.597 [info] > git config --get commit.template [2ms]
2024-05-09 11:15:35.612 [info] > git for-each-ref --format=%(refname)%00%(upstream:short)%00%(objectname)%00%(upstream:track)%00%(upstream:remotename)%00%(upstream:remoteref) refs/heads/main refs/remotes/main [1ms]
2024-05-09 11:15:35.655 [info] > git status -z -uall [26ms]
2024-05-09 11:16:54.973 [info] > git config --get commit.template [3ms]
2024-05-09 11:16:54.995 [info] > git for-each-ref --format=%(refname)%00%(upstream:short)%00%(objectname)%00%(upstream:track)%00%(upstream:remotename)%00%(upstream:remoteref) refs/heads/main refs/remotes/main [10ms]
2024-05-09 11:16:55.071 [info] > git status -z -uall [63ms]
2024-05-09 11:17:00.170 [info] > git config --get commit.template [13ms]
2024-05-09 11:17:00.171 [info] > git for-each-ref --format=%(refname)%00%(upstream:short)%00%(objectname)%00%(upstream:track)%00%(upstream:remotename)%00%(upstream:remoteref) refs/heads/main refs/remotes/main [2ms]
2024-05-09 11:17:00.206 [info] > git status -z -uall [27ms]
2024-05-09 11:17:05.284 [info] > git config --get commit.template [1ms]
2024-05-09 11:17:05.292 [info] > git for-each-ref --format=%(refname)%00%(upstream:short)%00%(objectname)%00%(upstream:track)%00%(upstream:remotename)%00%(upstream:remoteref) refs/heads/main refs/remotes/main [1ms]
2024-05-09 11:17:05.321 [info] > git status -z -uall [20ms]
2024-05-09 11:17:10.408 [info] > git config --get commit.template [17ms]
2024-05-09 11:17:10.409 [info] > git for-each-ref --format=%(refname)%00%(upstream:short)%00%(objectname)%00%(upstream:track)%00%(upstream:remotename)%00%(upstream:remoteref) refs/heads/main refs/remotes/main [1ms]
2024-05-09 11:17:10.445 [info] > git status -z -uall [25ms]
2024-05-09 11:17:15.509 [info] > git config --get commit.template [1ms]
2024-05-09 11:17:15.518 [info] > git for-each-ref --format=%(refname)%00%(upstream:short)%00%(objectname)%00%(upstream:track)%00%(upstream:remotename)%00%(upstream:remoteref) refs/heads/main refs/remotes/main [1ms]
2024-05-09 11:17:15.546 [info] > git status -z -uall [20ms]
2024-05-09 11:17:20.613 [info] > git config --get commit.template [8ms]
2024-05-09 11:17:20.614 [info] > git for-each-ref --format=%(refname)%00%(upstream:short)%00%(objectname)%00%(upstream:track)%00%(upstream:remotename)%00%(upstream:remoteref) refs/heads/main refs/remotes/main [1ms]
2024-05-09 11:17:20.645 [info] > git status -z -uall [21ms]
2024-05-09 11:17:25.704 [info] > git config --get commit.template [1ms]
2024-05-09 11:17:25.712 [info] > git for-each-ref --format=%(refname)%00%(upstream:short)%00%(objectname)%00%(upstream:track)%00%(upstream:remotename)%00%(upstream:remoteref) refs/heads/main refs/remotes/main [1ms]
2024-05-09 11:17:25.745 [info] > git status -z -uall [23ms]
2024-05-09 11:17:30.811 [info] > git config --get commit.template [1ms]
2024-05-09 11:17:30.824 [info] > git for-each-ref --format=%(refname)%00%(upstream:short)%00%(objectname)%00%(upstream:track)%00%(upstream:remotename)%00%(upstream:remoteref) refs/heads/main refs/remotes/main [1ms]
2024-05-09 11:17:30.855 [info] > git status -z -uall [24ms]
2024-05-09 11:17:35.929 [info] > git config --get commit.template [11ms]
2024-05-09 11:17:35.929 [info] > git for-each-ref --format=%(refname)%00%(upstream:short)%00%(objectname)%00%(upstream:track)%00%(upstream:remotename)%00%(upstream:remoteref) refs/heads/main refs/remotes/main [1ms]
2024-05-09 11:17:35.985 [info] > git status -z -uall [40ms]
2024-05-09 11:17:41.076 [info] > git config --get commit.template [13ms]
2024-05-09 11:17:41.076 [info] > git for-each-ref --format=%(refname)%00%(upstream:short)%00%(objectname)%00%(upstream:track)%00%(upstream:remotename)%00%(upstream:remoteref) refs/heads/main refs/remotes/main [1ms]
2024-05-09 11:17:41.112 [info] > git status -z -uall [23ms]
2024-05-09 11:17:46.196 [info] > git config --get commit.template [11ms]
2024-05-09 11:17:46.196 [info] > git for-each-ref --format=%(refname)%00%(upstream:short)%00%(objectname)%00%(upstream:track)%00%(upstream:remotename)%00%(upstream:remoteref) refs/heads/main refs/remotes/main [1ms]
2024-05-09 11:17:46.227 [info] > git status -z -uall [21ms]
2024-05-09 11:17:51.306 [info] > git config --get commit.template [12ms]
2024-05-09 11:17:51.306 [info] > git for-each-ref --format=%(refname)%00%(upstream:short)%00%(objectname)%00%(upstream:track)%00%(upstream:remotename)%00%(upstream:remoteref) refs/heads/main refs/remotes/main [1ms]
2024-05-09 11:17:51.337 [info] > git status -z -uall [22ms]
2024-05-09 11:17:56.413 [info] > git config --get commit.template [8ms]
2024-05-09 11:17:56.413 [info] > git for-each-ref --format=%(refname)%00%(upstream:short)%00%(objectname)%00%(upstream:track)%00%(upstream:remotename)%00%(upstream:remoteref) refs/heads/main refs/remotes/main [1ms]
2024-05-09 11:17:56.445 [info] > git status -z -uall [20ms]
2024-05-09 11:18:01.528 [info] > git config --get commit.template [13ms]
2024-05-09 11:18:01.528 [info] > git for-each-ref --format=%(refname)%00%(upstream:short)%00%(objectname)%00%(upstream:track)%00%(upstream:remotename)%00%(upstream:remoteref) refs/heads/main refs/remotes/main [2ms]
2024-05-09 11:18:01.566 [info] > git status -z -uall [24ms]
2024-05-09 11:18:06.641 [info] > git config --get commit.template [10ms]
2024-05-09 11:18:06.641 [info] > git for-each-ref --format=%(refname)%00%(upstream:short)%00%(objectname)%00%(upstream:track)%00%(upstream:remotename)%00%(upstream:remoteref) refs/heads/main refs/remotes/main [1ms]
2024-05-09 11:18:06.671 [info] > git status -z -uall [20ms]
2024-05-09 11:20:30.738 [info] > git config --get commit.template [11ms]
2024-05-09 11:20:30.738 [info] > git for-each-ref --format=%(refname)%00%(upstream:short)%00%(objectname)%00%(upstream:track)%00%(upstream:remotename)%00%(upstream:remoteref) refs/heads/main refs/remotes/main [1ms]
2024-05-09 11:20:30.773 [info] > git status -z -uall [29ms]
2024-05-09 11:20:35.869 [info] > git config --get commit.template [15ms]
2024-05-09 11:20:35.869 [info] > git for-each-ref --format=%(refname)%00%(upstream:short)%00%(objectname)%00%(upstream:track)%00%(upstream:remotename)%00%(upstream:remoteref) refs/heads/main refs/remotes/main [2ms]
2024-05-09 11:20:35.903 [info] > git status -z -uall [22ms]
2024-05-09 11:20:40.978 [info] > git config --get commit.template [10ms]
2024-05-09 11:20:40.979 [info] > git for-each-ref --format=%(refname)%00%(upstream:short)%00%(objectname)%00%(upstream:track)%00%(upstream:remotename)%00%(upstream:remoteref) refs/heads/main refs/remotes/main [2ms]
2024-05-09 11:20:41.005 [info] > git status -z -uall [18ms]
2024-05-09 11:20:46.090 [info] > git config --get commit.template [17ms]
2024-05-09 11:20:46.090 [info] > git for-each-ref --format=%(refname)%00%(upstream:short)%00%(objectname)%00%(upstream:track)%00%(upstream:remotename)%00%(upstream:remoteref) refs/heads/main refs/remotes/main [2ms]
2024-05-09 11:20:46.124 [info] > git status -z -uall [22ms]
2024-05-09 11:20:51.199 [info] > git config --get commit.template [8ms]
2024-05-09 11:20:51.199 [info] > git for-each-ref --format=%(refname)%00%(upstream:short)%00%(objectname)%00%(upstream:track)%00%(upstream:remotename)%00%(upstream:remoteref) refs/heads/main refs/remotes/main [1ms]
2024-05-09 11:20:51.229 [info] > git status -z -uall [21ms]
2024-05-09 11:20:56.308 [info] > git config --get commit.template [12ms]
2024-05-09 11:20:56.309 [info] > git for-each-ref --format=%(refname)%00%(upstream:short)%00%(objectname)%00%(upstream:track)%00%(upstream:remotename)%00%(upstream:remoteref) refs/heads/main refs/remotes/main [1ms]
2024-05-09 11:20:56.335 [info] > git status -z -uall [19ms]
2024-05-09 11:21:01.398 [info] > git config --get commit.template [11ms]
2024-05-09 11:21:01.399 [info] > git for-each-ref --format=%(refname)%00%(upstream:short)%00%(objectname)%00%(upstream:track)%00%(upstream:remotename)%00%(upstream:remoteref) refs/heads/main refs/remotes/main [1ms]
2024-05-09 11:21:01.433 [info] > git status -z -uall [24ms]
2024-05-09 11:21:06.525 [info] > git config --get commit.template [18ms]
2024-05-09 11:21:06.525 [info] > git for-each-ref --format=%(refname)%00%(upstream:short)%00%(objectname)%00%(upstream:track)%00%(upstream:remotename)%00%(upstream:remoteref) refs/heads/main refs/remotes/main [2ms]
2024-05-09 11:21:06.563 [info] > git status -z -uall [23ms]
2024-05-09 11:21:11.616 [info] > git config --get commit.template [1ms]
2024-05-09 11:21:11.626 [info] > git for-each-ref --format=%(refname)%00%(upstream:short)%00%(objectname)%00%(upstream:track)%00%(upstream:remotename)%00%(upstream:remoteref) refs/heads/main refs/remotes/main [1ms]
2024-05-09 11:21:11.654 [info] > git status -z -uall [19ms]
2024-05-09 11:21:16.741 [info] > git config --get commit.template [18ms]
2024-05-09 11:21:16.742 [info] > git for-each-ref --format=%(refname)%00%(upstream:short)%00%(objectname)%00%(upstream:track)%00%(upstream:remotename)%00%(upstream:remoteref) refs/heads/main refs/remotes/main [2ms]
2024-05-09 11:21:16.773 [info] > git status -z -uall [20ms]
2024-05-09 11:21:21.852 [info] > git config --get commit.template [13ms]
2024-05-09 11:21:21.852 [info] > git for-each-ref --format=%(refname)%00%(upstream:short)%00%(objectname)%00%(upstream:track)%00%(upstream:remotename)%00%(upstream:remoteref) refs/heads/main refs/remotes/main [2ms]
2024-05-09 11:21:21.886 [info] > git status -z -uall [24ms]
2024-05-09 11:21:26.967 [info] > git config --get commit.template [13ms]
2024-05-09 11:21:26.968 [info] > git for-each-ref --format=%(refname)%00%(upstream:short)%00%(objectname)%00%(upstream:track)%00%(upstream:remotename)%00%(upstream:remoteref) refs/heads/main refs/remotes/main [2ms]
2024-05-09 11:21:27.006 [info] > git status -z -uall [26ms]
2024-05-09 11:21:32.088 [info] > git config --get commit.template [15ms]
2024-05-09 11:21:32.089 [info] > git for-each-ref --format=%(refname)%00%(upstream:short)%00%(objectname)%00%(upstream:track)%00%(upstream:remotename)%00%(upstream:remoteref) refs/heads/main refs/remotes/main [2ms]
2024-05-09 11:21:32.126 [info] > git status -z -uall [25ms]
2024-05-09 11:21:37.203 [info] > git config --get commit.template [10ms]
2024-05-09 11:21:37.204 [info] > git for-each-ref --format=%(refname)%00%(upstream:short)%00%(objectname)%00%(upstream:track)%00%(upstream:remotename)%00%(upstream:remoteref) refs/heads/main refs/remotes/main [1ms]
2024-05-09 11:21:37.231 [info] > git status -z -uall [19ms]
2024-05-09 11:21:42.316 [info] > git config --get commit.template [16ms]
2024-05-09 11:21:42.316 [info] > git for-each-ref --format=%(refname)%00%(upstream:short)%00%(objectname)%00%(upstream:track)%00%(upstream:remotename)%00%(upstream:remoteref) refs/heads/main refs/remotes/main [1ms]
2024-05-09 11:21:42.347 [info] > git status -z -uall [20ms]
2024-05-09 11:22:58.848 [info] > git config --get commit.template [2ms]
2024-05-09 11:22:58.862 [info] > git for-each-ref --format=%(refname)%00%(upstream:short)%00%(objectname)%00%(upstream:track)%00%(upstream:remotename)%00%(upstream:remoteref) refs/heads/main refs/remotes/main [2ms]
2024-05-09 11:22:58.900 [info] > git status -z -uall [27ms]
2024-05-09 11:22:59.448 [info] > git show --textconv :IntegrarTec/clase_DOM/form.html [432ms]
2024-05-09 11:22:59.448 [info] > git ls-files --stage -- /home/triana/IntegrarTec/clase_DOM/form.html [418ms]
2024-05-09 11:22:59.459 [info] > git cat-file -s 23650a2f640a15c2acd2112edb222aa728306a45 [2ms]
2024-05-09 11:23:03.974 [info] > git config --get commit.template [8ms]
2024-05-09 11:23:03.974 [info] > git for-each-ref --format=%(refname)%00%(upstream:short)%00%(objectname)%00%(upstream:track)%00%(upstream:remotename)%00%(upstream:remoteref) refs/heads/main refs/remotes/main [1ms]
2024-05-09 11:23:04.000 [info] > git status -z -uall [19ms]
2024-05-09 11:23:09.065 [info] > git config --get commit.template [1ms]
2024-05-09 11:23:09.076 [info] > git for-each-ref --format=%(refname)%00%(upstream:short)%00%(objectname)%00%(upstream:track)%00%(upstream:remotename)%00%(upstream:remoteref) refs/heads/main refs/remotes/main [1ms]
2024-05-09 11:23:09.110 [info] > git status -z -uall [26ms]
2024-05-09 11:23:19.071 [info] > git config --get commit.template [1ms]
2024-05-09 11:23:19.086 [info] > git for-each-ref --format=%(refname)%00%(upstream:short)%00%(objectname)%00%(upstream:track)%00%(upstream:remotename)%00%(upstream:remoteref) refs/heads/main refs/remotes/main [1ms]
2024-05-09 11:23:19.125 [info] > git status -z -uall [30ms]
2024-05-09 11:23:24.214 [info] > git config --get commit.template [8ms]
2024-05-09 11:23:24.215 [info] > git for-each-ref --format=%(refname)%00%(upstream:short)%00%(objectname)%00%(upstream:track)%00%(upstream:remotename)%00%(upstream:remoteref) refs/heads/main refs/remotes/main [1ms]
2024-05-09 11:23:24.254 [info] > git status -z -uall [27ms]
2024-05-09 11:23:29.345 [info] > git config --get commit.template [10ms]
2024-05-09 11:23:29.345 [info] > git for-each-ref --format=%(refname)%00%(upstream:short)%00%(objectname)%00%(upstream:track)%00%(upstream:remotename)%00%(upstream:remoteref) refs/heads/main refs/remotes/main [1ms]
2024-05-09 11:23:29.384 [info] > git status -z -uall [26ms]
2024-05-09 11:23:34.455 [info] > git config --get commit.template [1ms]
2024-05-09 11:23:34.464 [info] > git for-each-ref --format=%(refname)%00%(upstream:short)%00%(objectname)%00%(upstream:track)%00%(upstream:remotename)%00%(upstream:remoteref) refs/heads/main refs/remotes/main [0ms]
2024-05-09 11:23:34.498 [info] > git status -z -uall [24ms]
2024-05-09 11:23:39.571 [info] > git config --get commit.template [1ms]
2024-05-09 11:23:39.580 [info] > git for-each-ref --format=%(refname)%00%(upstream:short)%00%(objectname)%00%(upstream:track)%00%(upstream:remotename)%00%(upstream:remoteref) refs/heads/main refs/remotes/main [1ms]
2024-05-09 11:23:39.613 [info] > git status -z -uall [25ms]
2024-05-09 11:23:44.680 [info] > git config --get commit.template [1ms]
2024-05-09 11:23:44.693 [info] > git for-each-ref --format=%(refname)%00%(upstream:short)%00%(objectname)%00%(upstream:track)%00%(upstream:remotename)%00%(upstream:remoteref) refs/heads/main refs/remotes/main [2ms]
2024-05-09 11:23:44.729 [info] > git status -z -uall [24ms]
2024-05-09 11:23:49.807 [info] > git config --get commit.template [1ms]
2024-05-09 11:23:49.818 [info] > git for-each-ref --format=%(refname)%00%(upstream:short)%00%(objectname)%00%(upstream:track)%00%(upstream:remotename)%00%(upstream:remoteref) refs/heads/main refs/remotes/main [1ms]
2024-05-09 11:23:49.851 [info] > git status -z -uall [25ms]
2024-05-09 11:23:54.936 [info] > git config --get commit.template [9ms]
2024-05-09 11:23:54.937 [info] > git for-each-ref --format=%(refname)%00%(upstream:short)%00%(objectname)%00%(upstream:track)%00%(upstream:remotename)%00%(upstream:remoteref) refs/heads/main refs/remotes/main [1ms]
2024-05-09 11:23:54.973 [info] > git status -z -uall [25ms]
2024-05-09 11:24:00.040 [info] > git config --get commit.template [0ms]
2024-05-09 11:24:00.050 [info] > git for-each-ref --format=%(refname)%00%(upstream:short)%00%(objectname)%00%(upstream:track)%00%(upstream:remotename)%00%(upstream:remoteref) refs/heads/main refs/remotes/main [0ms]
2024-05-09 11:24:00.083 [info] > git status -z -uall [25ms]
2024-05-09 11:24:05.168 [info] > git config --get commit.template [10ms]
2024-05-09 11:24:05.169 [info] > git for-each-ref --format=%(refname)%00%(upstream:short)%00%(objectname)%00%(upstream:track)%00%(upstream:remotename)%00%(upstream:remoteref) refs/heads/main refs/remotes/main [1ms]
2024-05-09 11:24:05.203 [info] > git status -z -uall [26ms]
2024-05-09 11:24:10.283 [info] > git config --get commit.template [1ms]
2024-05-09 11:24:10.296 [info] > git for-each-ref --format=%(refname)%00%(upstream:short)%00%(objectname)%00%(upstream:track)%00%(upstream:remotename)%00%(upstream:remoteref) refs/heads/main refs/remotes/main [1ms]
2024-05-09 11:24:10.355 [info] > git status -z -uall [47ms]
2024-05-09 11:24:15.465 [info] > git config --get commit.template [20ms]
2024-05-09 11:24:15.466 [info] > git for-each-ref --format=%(refname)%00%(upstream:short)%00%(objectname)%00%(upstream:track)%00%(upstream:remotename)%00%(upstream:remoteref) refs/heads/main refs/remotes/main [2ms]
2024-05-09 11:24:15.519 [info] > git status -z -uall [38ms]
2024-05-09 11:24:20.599 [info] > git config --get commit.template [1ms]
2024-05-09 11:24:20.609 [info] > git for-each-ref --format=%(refname)%00%(upstream:short)%00%(objectname)%00%(upstream:track)%00%(upstream:remotename)%00%(upstream:remoteref) refs/heads/main refs/remotes/main [1ms]
2024-05-09 11:24:20.645 [info] > git status -z -uall [25ms]
2024-05-09 11:24:25.720 [info] > git config --get commit.template [9ms]
2024-05-09 11:24:25.721 [info] > git for-each-ref --format=%(refname)%00%(upstream:short)%00%(objectname)%00%(upstream:track)%00%(upstream:remotename)%00%(upstream:remoteref) refs/heads/main refs/remotes/main [2ms]
2024-05-09 11:24:25.757 [info] > git status -z -uall [24ms]
2024-05-09 11:24:30.830 [info] > git config --get commit.template [1ms]
2024-05-09 11:24:30.842 [info] > git for-each-ref --format=%(refname)%00%(upstream:short)%00%(objectname)%00%(upstream:track)%00%(upstream:remotename)%00%(upstream:remoteref) refs/heads/main refs/remotes/main [1ms]
2024-05-09 11:24:30.879 [info] > git status -z -uall [29ms]
2024-05-09 11:24:35.950 [info] > git config --get commit.template [1ms]
2024-05-09 11:24:35.961 [info] > git for-each-ref --format=%(refname)%00%(upstream:short)%00%(objectname)%00%(upstream:track)%00%(upstream:remotename)%00%(upstream:remoteref) refs/heads/main refs/remotes/main [1ms]
2024-05-09 11:24:35.994 [info] > git status -z -uall [23ms]
2024-05-09 11:24:41.074 [info] > git config --get commit.template [1ms]
2024-05-09 11:24:41.087 [info] > git for-each-ref --format=%(refname)%00%(upstream:short)%00%(objectname)%00%(upstream:track)%00%(upstream:remotename)%00%(upstream:remoteref) refs/heads/main refs/remotes/main [1ms]
2024-05-09 11:24:41.120 [info] > git status -z -uall [24ms]
2024-05-09 11:24:46.200 [info] > git config --get commit.template [2ms]
2024-05-09 11:24:46.212 [info] > git for-each-ref --format=%(refname)%00%(upstream:short)%00%(objectname)%00%(upstream:track)%00%(upstream:remotename)%00%(upstream:remoteref) refs/heads/main refs/remotes/main [1ms]
2024-05-09 11:24:46.248 [info] > git status -z -uall [25ms]
2024-05-09 11:25:20.799 [info] > git config --get commit.template [13ms]
2024-05-09 11:25:20.799 [info] > git for-each-ref --format=%(refname)%00%(upstream:short)%00%(objectname)%00%(upstream:track)%00%(upstream:remotename)%00%(upstream:remoteref) refs/heads/main refs/remotes/main [1ms]
2024-05-09 11:25:20.843 [info] > git status -z -uall [33ms]
2024-05-09 11:27:18.749 [info] > git config --get commit.template [11ms]
2024-05-09 11:27:18.749 [info] > git for-each-ref --format=%(refname)%00%(upstream:short)%00%(objectname)%00%(upstream:track)%00%(upstream:remotename)%00%(upstream:remoteref) refs/heads/main refs/remotes/main [1ms]
2024-05-09 11:27:18.796 [info] > git status -z -uall [38ms]
2024-05-09 11:27:23.945 [info] > git config --get commit.template [0ms]
2024-05-09 11:27:23.954 [info] > git for-each-ref --format=%(refname)%00%(upstream:short)%00%(objectname)%00%(upstream:track)%00%(upstream:remotename)%00%(upstream:remoteref) refs/heads/main refs/remotes/main [1ms]
2024-05-09 11:27:23.990 [info] > git status -z -uall [27ms]
2024-05-09 11:27:29.076 [info] > git config --get commit.template [2ms]
2024-05-09 11:27:29.090 [info] > git for-each-ref --format=%(refname)%00%(upstream:short)%00%(objectname)%00%(upstream:track)%00%(upstream:remotename)%00%(upstream:remoteref) refs/heads/main refs/remotes/main [2ms]
2024-05-09 11:27:29.136 [info] > git status -z -uall [32ms]
2024-05-09 11:27:34.248 [info] > git config --get commit.template [14ms]
2024-05-09 11:27:34.248 [info] > git for-each-ref --format=%(refname)%00%(upstream:short)%00%(objectname)%00%(upstream:track)%00%(upstream:remotename)%00%(upstream:remoteref) refs/heads/main refs/remotes/main [1ms]
2024-05-09 11:27:34.301 [info] > git status -z -uall [39ms]
2024-05-09 11:27:46.858 [info] > git config --get commit.template [1ms]
2024-05-09 11:27:46.876 [info] > git for-each-ref --format=%(refname)%00%(upstream:short)%00%(objectname)%00%(upstream:track)%00%(upstream:remotename)%00%(upstream:remoteref) refs/heads/main refs/remotes/main [2ms]
2024-05-09 11:27:47.002 [info] > git status -z -uall [110ms] (cancelled)
2024-05-09 11:28:03.520 [info] > git show --textconv :IntegrarTec/clase_DOM/form.html [10ms]
2024-05-09 11:28:03.520 [info] > git ls-files --stage -- /home/triana/IntegrarTec/clase_DOM/form.html [1ms]
2024-05-09 11:28:03.536 [info] > git cat-file -s 23650a2f640a15c2acd2112edb222aa728306a45 [1ms]
2024-05-09 11:28:06.640 [info] > git config --get commit.template [4ms]
2024-05-09 11:28:06.652 [info] > git for-each-ref --format=%(refname)%00%(upstream:short)%00%(objectname)%00%(upstream:track)%00%(upstream:remotename)%00%(upstream:remoteref) refs/heads/main refs/remotes/main [1ms]
2024-05-09 11:28:06.799 [info] > git status -z -uall [136ms] (cancelled)
2024-05-09 11:28:35.090 [info] > git show --textconv :IntegrarTec/clase_DOM/form.css [12ms]
2024-05-09 11:28:35.092 [info] > git ls-files --stage -- /home/triana/IntegrarTec/clase_DOM/form.css [4ms]
2024-05-09 11:28:35.102 [info] > git cat-file -s 89ad7ccc76756ef5cee4b9f155a340bae4fe7749 [0ms]
2024-05-09 11:28:49.996 [info] > git show --textconv :IntegrarTec/clase_DOM/form.html [11ms]
2024-05-09 11:28:49.999 [info] > git ls-files --stage -- /home/triana/IntegrarTec/clase_DOM/form.html [3ms]
2024-05-09 11:28:50.012 [info] > git cat-file -s 23650a2f640a15c2acd2112edb222aa728306a45 [2ms]
2024-05-09 11:28:55.307 [info] > git show --textconv :IntegrarTec/clase_DOM/form.js [13ms]
2024-05-09 11:28:55.308 [info] > git ls-files --stage -- /home/triana/IntegrarTec/clase_DOM/form.js [3ms]
2024-05-09 11:28:55.319 [info] > git cat-file -s 9709116e71272d41aab3b8a855ee76914960d92a [1ms]
2024-05-09 11:28:56.736 [info] > git show --textconv :IntegrarTec/clase_DOM/form.css [10ms]
2024-05-09 11:28:56.736 [info] > git ls-files --stage -- /home/triana/IntegrarTec/clase_DOM/form.css [1ms]
2024-05-09 11:28:56.748 [info] > git cat-file -s 89ad7ccc76756ef5cee4b9f155a340bae4fe7749 [3ms]
2024-05-09 11:29:35.483 [info] > git show --textconv :IntegrarTec/clase_DOM/form.js [21ms]
2024-05-09 11:29:35.491 [info] > git ls-files --stage -- /home/triana/IntegrarTec/clase_DOM/form.js [5ms]
2024-05-09 11:29:35.509 [info] > git cat-file -s 9709116e71272d41aab3b8a855ee76914960d92a [2ms]
2024-05-09 11:29:36.668 [info] > git show --textconv :IntegrarTec/clase_DOM/form.html [14ms]
2024-05-09 11:29:36.669 [info] > git ls-files --stage -- /home/triana/IntegrarTec/clase_DOM/form.html [2ms]
2024-05-09 11:29:36.684 [info] > git cat-file -s 23650a2f640a15c2acd2112edb222aa728306a45 [1ms]
2024-05-09 11:29:49.286 [info] > git show --textconv :IntegrarTec/clase_DOM/form.css [8ms]
2024-05-09 11:29:49.288 [info] > git ls-files --stage -- /home/triana/IntegrarTec/clase_DOM/form.css [3ms]
2024-05-09 11:29:49.299 [info] > git cat-file -s 89ad7ccc76756ef5cee4b9f155a340bae4fe7749 [1ms]
2024-05-09 11:29:53.201 [info] > git show --textconv :IntegrarTec/clase_DOM/form.html [8ms]
2024-05-09 11:29:53.202 [info] > git ls-files --stage -- /home/triana/IntegrarTec/clase_DOM/form.html [1ms]
2024-05-09 11:29:53.212 [info] > git cat-file -s 23650a2f640a15c2acd2112edb222aa728306a45 [1ms]
2024-05-09 11:30:08.903 [info] > git show --textconv :IntegrarTec/clase_DOM/form.css [12ms]
2024-05-09 11:30:08.905 [info] > git ls-files --stage -- /home/triana/IntegrarTec/clase_DOM/form.css [4ms]
2024-05-09 11:30:08.917 [info] > git cat-file -s 89ad7ccc76756ef5cee4b9f155a340bae4fe7749 [1ms]
2024-05-09 11:30:11.223 [info] > git show --textconv :IntegrarTec/clase_DOM/form.js [8ms]
2024-05-09 11:30:11.226 [info] > git ls-files --stage -- /home/triana/IntegrarTec/clase_DOM/form.js [4ms]
2024-05-09 11:30:11.236 [info] > git cat-file -s 9709116e71272d41aab3b8a855ee76914960d92a [2ms]
2024-05-09 11:34:39.361 [info] > git show --textconv :IntegrarTec/clase_DOM/form.html [12ms]
2024-05-09 11:34:39.368 [info] > git ls-files --stage -- /home/triana/IntegrarTec/clase_DOM/form.html [10ms]
2024-05-09 11:34:39.379 [info] > git cat-file -s 23650a2f640a15c2acd2112edb222aa728306a45 [3ms]
2024-05-09 11:36:15.111 [info] > git show --textconv :IntegrarTec/clase_DOM/form.js [10ms]
2024-05-09 11:36:15.113 [info] > git ls-files --stage -- /home/triana/IntegrarTec/clase_DOM/form.js [4ms]
2024-05-09 11:36:15.126 [info] > git cat-file -s 9709116e71272d41aab3b8a855ee76914960d92a [3ms]
2024-05-09 11:49:35.127 [info] > git show --textconv :IntegrarTec/clase_DOM/form.html [9ms]
2024-05-09 11:49:35.128 [info] > git ls-files --stage -- /home/triana/IntegrarTec/clase_DOM/form.html [2ms]
2024-05-09 11:49:35.136 [info] > git cat-file -s 23650a2f640a15c2acd2112edb222aa728306a45 [1ms]
2024-05-09 11:49:41.880 [info] > git show --textconv :IntegrarTec/clase_DOM/form.js [15ms]
2024-05-09 11:49:41.882 [info] > git ls-files --stage -- /home/triana/IntegrarTec/clase_DOM/form.js [5ms]
2024-05-09 11:49:41.892 [info] > git cat-file -s 9709116e71272d41aab3b8a855ee76914960d92a [1ms]
2024-05-09 13:14:08.294 [info] > git check-ignore -v -z --stdin [11ms]
2024-05-09 13:14:10.520 [info] > git check-ignore -v -z --stdin [6ms]
2024-05-09 13:14:19.478 [info] > git check-ignore -v -z --stdin [3ms]
2024-05-09 13:14:31.633 [info] > git check-ignore -v -z --stdin [1ms]
2024-05-09 13:44:39.623 [info] > git fetch [815ms]
2024-05-09 13:44:39.651 [info] > git config --get commit.template [13ms]
2024-05-09 13:44:39.651 [info] > git for-each-ref --format=%(refname)%00%(upstream:short)%00%(objectname)%00%(upstream:track)%00%(upstream:remotename)%00%(upstream:remoteref) refs/heads/main refs/remotes/main [1ms]
2024-05-09 13:44:41.715 [info] > git status -z -uall [2053ms] (cancelled)
2024-05-09 13:44:42.222 [info] > git ls-files --stage -- /home/triana/IntegrarTec/clase_DOM/form.js [2ms]
2024-05-09 13:44:42.235 [info] > git cat-file -s 9709116e71272d41aab3b8a855ee76914960d92a [1ms]
2024-05-09 13:44:42.257 [info] > git show --textconv :IntegrarTec/clase_DOM/form.js [1ms]
2024-05-09 15:06:30.135 [info] > git fetch [905ms]
2024-05-09 15:06:30.155 [info] > git config --get commit.template [2ms]
2024-05-09 15:06:30.166 [info] > git for-each-ref --format=%(refname)%00%(upstream:short)%00%(objectname)%00%(upstream:track)%00%(upstream:remotename)%00%(upstream:remoteref) refs/heads/main refs/remotes/main [1ms]
2024-05-09 15:06:30.884 [info] > git status -z -uall [701ms] (cancelled)
2024-05-09 15:06:31.766 [info] > git ls-files --stage -- /home/triana/IntegrarTec/clase_DOM/form.js [4ms]
2024-05-09 15:06:31.790 [info] > git cat-file -s 9709116e71272d41aab3b8a855ee76914960d92a [1ms]
2024-05-09 15:06:31.832 [info] > git show --textconv :IntegrarTec/clase_DOM/form.js [6ms]
2024-05-09 16:43:50.923 [info] > git fetch [944ms]
2024-05-09 16:43:50.964 [info] > git config --get commit.template [20ms]
2024-05-09 16:43:50.965 [info] > git for-each-ref --format=%(refname)%00%(upstream:short)%00%(objectname)%00%(upstream:track)%00%(upstream:remotename)%00%(upstream:remoteref) refs/heads/main refs/remotes/main [2ms]
2024-05-09 16:43:52.172 [info] > git ls-files --stage -- /home/triana/IntegrarTec/clase_DOM/form.js [3ms]
2024-05-09 16:43:52.186 [info] > git cat-file -s 9709116e71272d41aab3b8a855ee76914960d92a [3ms]
2024-05-09 16:43:52.212 [info] > git show --textconv :IntegrarTec/clase_DOM/form.js [10ms]
2024-05-09 16:43:54.664 [info] > git status -z -uall [3683ms] (cancelled)
